#
# There is insufficient memory for the Java Runtime Environment to continue.
# Native memory allocation (malloc) failed to allocate 32784 bytes for Chunk::new
# Possible reasons:
#   The system is out of physical RAM or swap space
#   The process is running with CompressedOops enabled, and the Java Heap may be blocking the growth of the native heap
# Possible solutions:
#   Reduce memory load on the system
#   Increase physical memory or swap space
#   Check if swap backing store is full
#   Decrease Java heap size (-Xmx/-Xms)
#   Decrease number of Java threads
#   Decrease Java thread stack sizes (-Xss)
#   Set larger code cache with -XX:ReservedCodeCacheSize=
#   JVM is running with Unscaled Compressed Oops mode in which the Java heap is
#     placed in the first 4GB address space. The Java Heap base address is the
#     maximum limit for the native heap growth. Please use -XX:HeapBaseMinAddress
#     to set the Java Heap base and to place the Java Heap above 4GB virtual address.
# This output file may be truncated or incomplete.
#
#  Out of Memory Error (./src/hotspot/share/memory/arena.cpp:197), pid=864, tid=784
#
# JRE version: OpenJDK Runtime Environment (11.0.10) (build 11.0.10+0-b96-7249189)
# Java VM: OpenJDK 64-Bit Server VM (11.0.10+0-b96-7249189, mixed mode, tiered, compressed oops, g1 gc, windows-amd64)
# No core dump will be written. Minidumps are not enabled by default on client versions of Windows
#

---------------  S U M M A R Y ------------

Command Line: -Dorg.gradle.appname=gradlew org.gradle.wrapper.GradleWrapperMain -q -Ptarget-platform=android-arm -Ptarget=C:\Users\Muhammad Kamran\Desktop\itourapp\lib\main.dart -Pbase-application-name=android.app.Application -Pdart-defines=Zmx1dHRlci5pbnNwZWN0b3Iuc3RydWN0dXJlZEVycm9ycz10cnVl,RkxVVFRFUl9XRUJfQVVUT19ERVRFQ1Q9dHJ1ZQ== -Pdart-obfuscation=false -Ptrack-widget-creation=true -Ptree-shake-icons=false -Pfilesystem-scheme=org-dartlang-root assembleDebug

Host: Intel(R) Core(TM) i7-7500U CPU @ 2.70GHz, 4 cores, 7G,  Windows 10 , 64 bit Build 22000 (10.0.22000.434)
Time: Sat Feb 26 21:31:34 2022 Pakistan Standard Time elapsed time: 15.703549 seconds (0d 0h 0m 15s)

---------------  T H R E A D  ---------------

Current thread (0x0000014cfee81000):  JavaThread "C2 CompilerThread0" daemon [_thread_in_native, id=784, stack(0x0000002ac4000000,0x0000002ac4100000)]


Current CompileTask:
C2:  15705 1171 % !   4       java.io.BufferedReader::readLine @ 131 (304 bytes)

Stack: [0x0000002ac4000000,0x0000002ac4100000]
Native frames: (J=compiled Java code, j=interpreted, Vv=VM code, C=native code)
V  [jvm.dll+0x5ecfaa]
V  [jvm.dll+0x722bd5]
V  [jvm.dll+0x72412d]
V  [jvm.dll+0x7247e3]
V  [jvm.dll+0x242928]
V  [jvm.dll+0xbc4fc]
V  [jvm.dll+0xbca0c]
V  [jvm.dll+0xbc608]
V  [jvm.dll+0x5cc470]
V  [jvm.dll+0x50f80a]
V  [jvm.dll+0x51457c]
V  [jvm.dll+0x4febf7]
V  [jvm.dll+0x4feafb]
V  [jvm.dll+0x4fea76]
V  [jvm.dll+0x5065f8]
V  [jvm.dll+0x203253]
V  [jvm.dll+0x1fd07c]
V  [jvm.dll+0x1fa77f]
V  [jvm.dll+0x18354c]
V  [jvm.dll+0x208ee7]
V  [jvm.dll+0x207731]
V  [jvm.dll+0x6eb1cf]
V  [jvm.dll+0x6e3d45]
V  [jvm.dll+0x5ebe96]
C  [ucrtbase.dll+0x26c0c]
C  [KERNEL32.DLL+0x154e0]
C  [ntdll.dll+0x485b]


---------------  P R O C E S S  ---------------

Threads class SMR info:
_java_thread_list=0x0000014c93ceb510, length=12, elements={
0x0000014cf8380800, 0x0000014cfee5c000, 0x0000014cfee5d800, 0x0000014cfee79800,
0x0000014cfee7b800, 0x0000014cfee7d000, 0x0000014cfee81000, 0x0000014cfee85800,
0x0000014cfee89000, 0x0000014cff94a000, 0x0000014c93758000, 0x0000014c93749000
}

Java Threads: ( => current thread )
  0x0000014cf8380800 JavaThread "main" [_thread_blocked, id=6052, stack(0x0000002ac3400000,0x0000002ac3500000)]
  0x0000014cfee5c000 JavaThread "Reference Handler" daemon [_thread_blocked, id=8268, stack(0x0000002ac3b00000,0x0000002ac3c00000)]
  0x0000014cfee5d800 JavaThread "Finalizer" daemon [_thread_blocked, id=2332, stack(0x0000002ac3c00000,0x0000002ac3d00000)]
  0x0000014cfee79800 JavaThread "Signal Dispatcher" daemon [_thread_blocked, id=8020, stack(0x0000002ac3d00000,0x0000002ac3e00000)]
  0x0000014cfee7b800 JavaThread "Attach Listener" daemon [_thread_blocked, id=6220, stack(0x0000002ac3e00000,0x0000002ac3f00000)]
  0x0000014cfee7d000 JavaThread "Service Thread" daemon [_thread_blocked, id=1956, stack(0x0000002ac3f00000,0x0000002ac4000000)]
=>0x0000014cfee81000 JavaThread "C2 CompilerThread0" daemon [_thread_in_native, id=784, stack(0x0000002ac4000000,0x0000002ac4100000)]
  0x0000014cfee85800 JavaThread "C1 CompilerThread0" daemon [_thread_blocked, id=2508, stack(0x0000002ac4100000,0x0000002ac4200000)]
  0x0000014cfee89000 JavaThread "Sweeper thread" daemon [_thread_blocked, id=7112, stack(0x0000002ac4200000,0x0000002ac4300000)]
  0x0000014cff94a000 JavaThread "Common-Cleaner" daemon [_thread_blocked, id=7588, stack(0x0000002ac4400000,0x0000002ac4500000)]
  0x0000014c93758000 JavaThread "pool-1-thread-1" [_thread_in_native, id=9304, stack(0x0000002ac4800000,0x0000002ac4900000)]
  0x0000014c93749000 JavaThread "DisconnectableInputStream source reader" daemon [_thread_in_native, id=2064, stack(0x0000002ac4c00000,0x0000002ac4d00000)]

Other Threads:
  0x0000014cfee33800 VMThread "VM Thread" [stack: 0x0000002ac3a00000,0x0000002ac3b00000] [id=9548]
  0x0000014cff940800 WatcherThread [stack: 0x0000002ac4300000,0x0000002ac4400000] [id=6152]
  0x0000014cf8398000 GCTaskThread "GC Thread#0" [stack: 0x0000002ac3500000,0x0000002ac3600000] [id=2152]
  0x0000014c934ca800 GCTaskThread "GC Thread#1" [stack: 0x0000002ac4600000,0x0000002ac4700000] [id=8800]
  0x0000014cffaf8000 GCTaskThread "GC Thread#2" [stack: 0x0000002ac4700000,0x0000002ac4800000] [id=1904]
  0x0000014c9387e000 GCTaskThread "GC Thread#3" [stack: 0x0000002ac4900000,0x0000002ac4a00000] [id=5048]
  0x0000014cf83c7000 ConcurrentGCThread "G1 Main Marker" [stack: 0x0000002ac3600000,0x0000002ac3700000] [id=9244]
  0x0000014cf83c8800 ConcurrentGCThread "G1 Conc#0" [stack: 0x0000002ac3700000,0x0000002ac3800000] [id=1624]
  0x0000014cf845b800 ConcurrentGCThread "G1 Refine#0" [stack: 0x0000002ac3800000,0x0000002ac3900000] [id=9696]
  0x0000014cf845c800 ConcurrentGCThread "G1 Young RemSet Sampling" [stack: 0x0000002ac3900000,0x0000002ac3a00000] [id=2268]

Threads with active compile tasks:
C2 CompilerThread0  15737 1171 % !   4       java.io.BufferedReader::readLine @ 131 (304 bytes)

VM state:not at safepoint (normal execution)

VM Mutex/Monitor currently owned by a thread: None

Heap address: 0x0000000083600000, size: 1994 MB, Compressed Oops mode: 32-bit
Narrow klass base: 0x0000000000000000, Narrow klass shift: 3
Compressed class space size: 1073741824 Address: 0x0000000100000000

Heap:
 garbage-first heap   total 129024K, used 18996K [0x0000000083600000, 0x0000000100000000)
  region size 1024K, 12 young (12288K), 1 survivors (1024K)
 Metaspace       used 14716K, capacity 15008K, committed 15104K, reserved 1062912K
  class space    used 1690K, capacity 1792K, committed 1792K, reserved 1048576K
Heap Regions: E=young(eden), S=young(survivor), O=old, HS=humongous(starts), HC=humongous(continues), CS=collection set, F=free, A=archive, TAMS=top-at-mark-start (previous, next)
|   0|0x0000000083600000, 0x0000000083700000, 0x0000000083700000|100%| O|  |TAMS 0x0000000083600000, 0x0000000083600000| Untracked 
|   1|0x0000000083700000, 0x00000000837cb800, 0x0000000083800000| 79%| O|  |TAMS 0x0000000083700000, 0x0000000083700000| Untracked 
|   2|0x0000000083800000, 0x0000000083800000, 0x0000000083900000|  0%| F|  |TAMS 0x0000000083800000, 0x0000000083800000| Untracked 
|   3|0x0000000083900000, 0x0000000083a00000, 0x0000000083a00000|100%|HS|  |TAMS 0x0000000083900000, 0x0000000083900000| Complete 
|   4|0x0000000083a00000, 0x0000000083b00000, 0x0000000083b00000|100%|HC|  |TAMS 0x0000000083a00000, 0x0000000083a00000| Complete 
|   5|0x0000000083b00000, 0x0000000083c00000, 0x0000000083c00000|100%|HC|  |TAMS 0x0000000083b00000, 0x0000000083b00000| Complete 
|   6|0x0000000083c00000, 0x0000000083d00000, 0x0000000083d00000|100%| O|  |TAMS 0x0000000083c00000, 0x0000000083c00000| Untracked 
|   7|0x0000000083d00000, 0x0000000083e00000, 0x0000000083e00000|100%| O|  |TAMS 0x0000000083d00000, 0x0000000083d00000| Untracked 
|   8|0x0000000083e00000, 0x0000000083f00000, 0x0000000083f00000|100%| O|  |TAMS 0x0000000083e00000, 0x0000000083e00000| Untracked 
|   9|0x0000000083f00000, 0x0000000083f00000, 0x0000000084000000|  0%| F|  |TAMS 0x0000000083f00000, 0x0000000083f00000| Untracked 
|  10|0x0000000084000000, 0x0000000084000000, 0x0000000084100000|  0%| F|  |TAMS 0x0000000084000000, 0x0000000084000000| Untracked 
|  11|0x0000000084100000, 0x0000000084100000, 0x0000000084200000|  0%| F|  |TAMS 0x0000000084100000, 0x0000000084100000| Untracked 
|  12|0x0000000084200000, 0x0000000084200000, 0x0000000084300000|  0%| F|  |TAMS 0x0000000084200000, 0x0000000084200000| Untracked 
|  13|0x0000000084300000, 0x0000000084300000, 0x0000000084400000|  0%| F|  |TAMS 0x0000000084300000, 0x0000000084300000| Untracked 
|  14|0x0000000084400000, 0x0000000084400000, 0x0000000084500000|  0%| F|  |TAMS 0x0000000084400000, 0x0000000084400000| Untracked 
|  15|0x0000000084500000, 0x0000000084500000, 0x0000000084600000|  0%| F|  |TAMS 0x0000000084500000, 0x0000000084500000| Untracked 
|  16|0x0000000084600000, 0x0000000084600000, 0x0000000084700000|  0%| F|  |TAMS 0x0000000084600000, 0x0000000084600000| Untracked 
|  17|0x0000000084700000, 0x0000000084700000, 0x0000000084800000|  0%| F|  |TAMS 0x0000000084700000, 0x0000000084700000| Untracked 
|  18|0x0000000084800000, 0x0000000084800000, 0x0000000084900000|  0%| F|  |TAMS 0x0000000084800000, 0x0000000084800000| Untracked 
|  19|0x0000000084900000, 0x0000000084900000, 0x0000000084a00000|  0%| F|  |TAMS 0x0000000084900000, 0x0000000084900000| Untracked 
|  20|0x0000000084a00000, 0x0000000084a00000, 0x0000000084b00000|  0%| F|  |TAMS 0x0000000084a00000, 0x0000000084a00000| Untracked 
|  21|0x0000000084b00000, 0x0000000084b00000, 0x0000000084c00000|  0%| F|  |TAMS 0x0000000084b00000, 0x0000000084b00000| Untracked 
|  22|0x0000000084c00000, 0x0000000084c00000, 0x0000000084d00000|  0%| F|  |TAMS 0x0000000084c00000, 0x0000000084c00000| Untracked 
|  23|0x0000000084d00000, 0x0000000084d00000, 0x0000000084e00000|  0%| F|  |TAMS 0x0000000084d00000, 0x0000000084d00000| Untracked 
|  24|0x0000000084e00000, 0x0000000084e00000, 0x0000000084f00000|  0%| F|  |TAMS 0x0000000084e00000, 0x0000000084e00000| Untracked 
|  25|0x0000000084f00000, 0x0000000084f00000, 0x0000000085000000|  0%| F|  |TAMS 0x0000000084f00000, 0x0000000084f00000| Untracked 
|  26|0x0000000085000000, 0x0000000085000000, 0x0000000085100000|  0%| F|  |TAMS 0x0000000085000000, 0x0000000085000000| Untracked 
|  27|0x0000000085100000, 0x0000000085100000, 0x0000000085200000|  0%| F|  |TAMS 0x0000000085100000, 0x0000000085100000| Untracked 
|  28|0x0000000085200000, 0x0000000085200000, 0x0000000085300000|  0%| F|  |TAMS 0x0000000085200000, 0x0000000085200000| Untracked 
|  29|0x0000000085300000, 0x0000000085300000, 0x0000000085400000|  0%| F|  |TAMS 0x0000000085300000, 0x0000000085300000| Untracked 
|  30|0x0000000085400000, 0x0000000085400000, 0x0000000085500000|  0%| F|  |TAMS 0x0000000085400000, 0x0000000085400000| Untracked 
|  31|0x0000000085500000, 0x0000000085500000, 0x0000000085600000|  0%| F|  |TAMS 0x0000000085500000, 0x0000000085500000| Untracked 
|  32|0x0000000085600000, 0x0000000085600000, 0x0000000085700000|  0%| F|  |TAMS 0x0000000085600000, 0x0000000085600000| Untracked 
|  33|0x0000000085700000, 0x0000000085700000, 0x0000000085800000|  0%| F|  |TAMS 0x0000000085700000, 0x0000000085700000| Untracked 
|  34|0x0000000085800000, 0x0000000085800000, 0x0000000085900000|  0%| F|  |TAMS 0x0000000085800000, 0x0000000085800000| Untracked 
|  35|0x0000000085900000, 0x0000000085900000, 0x0000000085a00000|  0%| F|  |TAMS 0x0000000085900000, 0x0000000085900000| Untracked 
|  36|0x0000000085a00000, 0x0000000085a00000, 0x0000000085b00000|  0%| F|  |TAMS 0x0000000085a00000, 0x0000000085a00000| Untracked 
|  37|0x0000000085b00000, 0x0000000085b00000, 0x0000000085c00000|  0%| F|  |TAMS 0x0000000085b00000, 0x0000000085b00000| Untracked 
|  38|0x0000000085c00000, 0x0000000085c00000, 0x0000000085d00000|  0%| F|  |TAMS 0x0000000085c00000, 0x0000000085c00000| Untracked 
|  39|0x0000000085d00000, 0x0000000085d00000, 0x0000000085e00000|  0%| F|  |TAMS 0x0000000085d00000, 0x0000000085d00000| Untracked 
|  40|0x0000000085e00000, 0x0000000085e00000, 0x0000000085f00000|  0%| F|  |TAMS 0x0000000085e00000, 0x0000000085e00000| Untracked 
|  41|0x0000000085f00000, 0x0000000085f00000, 0x0000000086000000|  0%| F|  |TAMS 0x0000000085f00000, 0x0000000085f00000| Untracked 
|  42|0x0000000086000000, 0x0000000086000000, 0x0000000086100000|  0%| F|  |TAMS 0x0000000086000000, 0x0000000086000000| Untracked 
|  43|0x0000000086100000, 0x0000000086100000, 0x0000000086200000|  0%| F|  |TAMS 0x0000000086100000, 0x0000000086100000| Untracked 
|  44|0x0000000086200000, 0x0000000086200000, 0x0000000086300000|  0%| F|  |TAMS 0x0000000086200000, 0x0000000086200000| Untracked 
|  45|0x0000000086300000, 0x0000000086300000, 0x0000000086400000|  0%| F|  |TAMS 0x0000000086300000, 0x0000000086300000| Untracked 
|  46|0x0000000086400000, 0x0000000086400000, 0x0000000086500000|  0%| F|  |TAMS 0x0000000086400000, 0x0000000086400000| Untracked 
|  47|0x0000000086500000, 0x0000000086500000, 0x0000000086600000|  0%| F|  |TAMS 0x0000000086500000, 0x0000000086500000| Untracked 
|  48|0x0000000086600000, 0x0000000086600000, 0x0000000086700000|  0%| F|  |TAMS 0x0000000086600000, 0x0000000086600000| Untracked 
|  49|0x0000000086700000, 0x0000000086700000, 0x0000000086800000|  0%| F|  |TAMS 0x0000000086700000, 0x0000000086700000| Untracked 
|  50|0x0000000086800000, 0x0000000086800000, 0x0000000086900000|  0%| F|  |TAMS 0x0000000086800000, 0x0000000086800000| Untracked 
|  51|0x0000000086900000, 0x0000000086900000, 0x0000000086a00000|  0%| F|  |TAMS 0x0000000086900000, 0x0000000086900000| Untracked 
|  52|0x0000000086a00000, 0x0000000086a00000, 0x0000000086b00000|  0%| F|  |TAMS 0x0000000086a00000, 0x0000000086a00000| Untracked 
|  53|0x0000000086b00000, 0x0000000086b00000, 0x0000000086c00000|  0%| F|  |TAMS 0x0000000086b00000, 0x0000000086b00000| Untracked 
|  54|0x0000000086c00000, 0x0000000086c00000, 0x0000000086d00000|  0%| F|  |TAMS 0x0000000086c00000, 0x0000000086c00000| Untracked 
|  55|0x0000000086d00000, 0x0000000086d00000, 0x0000000086e00000|  0%| F|  |TAMS 0x0000000086d00000, 0x0000000086d00000| Untracked 
|  56|0x0000000086e00000, 0x0000000086e00000, 0x0000000086f00000|  0%| F|  |TAMS 0x0000000086e00000, 0x0000000086e00000| Untracked 
|  57|0x0000000086f00000, 0x0000000086f00000, 0x0000000087000000|  0%| F|  |TAMS 0x0000000086f00000, 0x0000000086f00000| Untracked 
|  58|0x0000000087000000, 0x0000000087000000, 0x0000000087100000|  0%| F|  |TAMS 0x0000000087000000, 0x0000000087000000| Untracked 
|  59|0x0000000087100000, 0x0000000087100000, 0x0000000087200000|  0%| F|  |TAMS 0x0000000087100000, 0x0000000087100000| Untracked 
|  60|0x0000000087200000, 0x0000000087200000, 0x0000000087300000|  0%| F|  |TAMS 0x0000000087200000, 0x0000000087200000| Untracked 
|  61|0x0000000087300000, 0x0000000087300000, 0x0000000087400000|  0%| F|  |TAMS 0x0000000087300000, 0x0000000087300000| Untracked 
|  62|0x0000000087400000, 0x0000000087400000, 0x0000000087500000|  0%| F|  |TAMS 0x0000000087400000, 0x0000000087400000| Untracked 
|  63|0x0000000087500000, 0x0000000087500000, 0x0000000087600000|  0%| F|  |TAMS 0x0000000087500000, 0x0000000087500000| Untracked 
|  64|0x0000000087600000, 0x0000000087600000, 0x0000000087700000|  0%| F|  |TAMS 0x0000000087600000, 0x0000000087600000| Untracked 
|  65|0x0000000087700000, 0x0000000087700000, 0x0000000087800000|  0%| F|  |TAMS 0x0000000087700000, 0x0000000087700000| Untracked 
|  66|0x0000000087800000, 0x0000000087800000, 0x0000000087900000|  0%| F|  |TAMS 0x0000000087800000, 0x0000000087800000| Untracked 
|  67|0x0000000087900000, 0x0000000087900000, 0x0000000087a00000|  0%| F|  |TAMS 0x0000000087900000, 0x0000000087900000| Untracked 
|  68|0x0000000087a00000, 0x0000000087a00000, 0x0000000087b00000|  0%| F|  |TAMS 0x0000000087a00000, 0x0000000087a00000| Untracked 
|  69|0x0000000087b00000, 0x0000000087b00000, 0x0000000087c00000|  0%| F|  |TAMS 0x0000000087b00000, 0x0000000087b00000| Untracked 
|  70|0x0000000087c00000, 0x0000000087c00000, 0x0000000087d00000|  0%| F|  |TAMS 0x0000000087c00000, 0x0000000087c00000| Untracked 
|  71|0x0000000087d00000, 0x0000000087d00000, 0x0000000087e00000|  0%| F|  |TAMS 0x0000000087d00000, 0x0000000087d00000| Untracked 
|  72|0x0000000087e00000, 0x0000000087e00000, 0x0000000087f00000|  0%| F|  |TAMS 0x0000000087e00000, 0x0000000087e00000| Untracked 
|  73|0x0000000087f00000, 0x0000000087f00000, 0x0000000088000000|  0%| F|  |TAMS 0x0000000087f00000, 0x0000000087f00000| Untracked 
|  74|0x0000000088000000, 0x0000000088000000, 0x0000000088100000|  0%| F|  |TAMS 0x0000000088000000, 0x0000000088000000| Untracked 
|  75|0x0000000088100000, 0x0000000088100000, 0x0000000088200000|  0%| F|  |TAMS 0x0000000088100000, 0x0000000088100000| Untracked 
|  76|0x0000000088200000, 0x0000000088200000, 0x0000000088300000|  0%| F|  |TAMS 0x0000000088200000, 0x0000000088200000| Untracked 
|  77|0x0000000088300000, 0x0000000088300000, 0x0000000088400000|  0%| F|  |TAMS 0x0000000088300000, 0x0000000088300000| Untracked 
|  78|0x0000000088400000, 0x0000000088400000, 0x0000000088500000|  0%| F|  |TAMS 0x0000000088400000, 0x0000000088400000| Untracked 
|  79|0x0000000088500000, 0x0000000088500000, 0x0000000088600000|  0%| F|  |TAMS 0x0000000088500000, 0x0000000088500000| Untracked 
|  80|0x0000000088600000, 0x0000000088600000, 0x0000000088700000|  0%| F|  |TAMS 0x0000000088600000, 0x0000000088600000| Untracked 
|  81|0x0000000088700000, 0x0000000088700000, 0x0000000088800000|  0%| F|  |TAMS 0x0000000088700000, 0x0000000088700000| Untracked 
|  82|0x0000000088800000, 0x0000000088800000, 0x0000000088900000|  0%| F|  |TAMS 0x0000000088800000, 0x0000000088800000| Untracked 
|  83|0x0000000088900000, 0x0000000088900000, 0x0000000088a00000|  0%| F|  |TAMS 0x0000000088900000, 0x0000000088900000| Untracked 
|  84|0x0000000088a00000, 0x0000000088a00000, 0x0000000088b00000|  0%| F|  |TAMS 0x0000000088a00000, 0x0000000088a00000| Untracked 
|  85|0x0000000088b00000, 0x0000000088b00000, 0x0000000088c00000|  0%| F|  |TAMS 0x0000000088b00000, 0x0000000088b00000| Untracked 
|  86|0x0000000088c00000, 0x0000000088c00000, 0x0000000088d00000|  0%| F|  |TAMS 0x0000000088c00000, 0x0000000088c00000| Untracked 
|  87|0x0000000088d00000, 0x0000000088d00000, 0x0000000088e00000|  0%| F|  |TAMS 0x0000000088d00000, 0x0000000088d00000| Untracked 
|  88|0x0000000088e00000, 0x0000000088e00000, 0x0000000088f00000|  0%| F|  |TAMS 0x0000000088e00000, 0x0000000088e00000| Untracked 
|  89|0x0000000088f00000, 0x0000000088f00000, 0x0000000089000000|  0%| F|  |TAMS 0x0000000088f00000, 0x0000000088f00000| Untracked 
|  90|0x0000000089000000, 0x0000000089000000, 0x0000000089100000|  0%| F|  |TAMS 0x0000000089000000, 0x0000000089000000| Untracked 
|  91|0x0000000089100000, 0x0000000089100000, 0x0000000089200000|  0%| F|  |TAMS 0x0000000089100000, 0x0000000089100000| Untracked 
|  92|0x0000000089200000, 0x0000000089200000, 0x0000000089300000|  0%| F|  |TAMS 0x0000000089200000, 0x0000000089200000| Untracked 
|  93|0x0000000089300000, 0x0000000089300000, 0x0000000089400000|  0%| F|  |TAMS 0x0000000089300000, 0x0000000089300000| Untracked 
|  94|0x0000000089400000, 0x0000000089400000, 0x0000000089500000|  0%| F|  |TAMS 0x0000000089400000, 0x0000000089400000| Untracked 
|  95|0x0000000089500000, 0x0000000089500000, 0x0000000089600000|  0%| F|  |TAMS 0x0000000089500000, 0x0000000089500000| Untracked 
|  96|0x0000000089600000, 0x0000000089600000, 0x0000000089700000|  0%| F|  |TAMS 0x0000000089600000, 0x0000000089600000| Untracked 
|  97|0x0000000089700000, 0x0000000089700000, 0x0000000089800000|  0%| F|  |TAMS 0x0000000089700000, 0x0000000089700000| Untracked 
|  98|0x0000000089800000, 0x0000000089800000, 0x0000000089900000|  0%| F|  |TAMS 0x0000000089800000, 0x0000000089800000| Untracked 
|  99|0x0000000089900000, 0x0000000089900000, 0x0000000089a00000|  0%| F|  |TAMS 0x0000000089900000, 0x0000000089900000| Untracked 
| 100|0x0000000089a00000, 0x0000000089a00000, 0x0000000089b00000|  0%| F|  |TAMS 0x0000000089a00000, 0x0000000089a00000| Untracked 
| 101|0x0000000089b00000, 0x0000000089b00000, 0x0000000089c00000|  0%| F|  |TAMS 0x0000000089b00000, 0x0000000089b00000| Untracked 
| 102|0x0000000089c00000, 0x0000000089c00000, 0x0000000089d00000|  0%| F|  |TAMS 0x0000000089c00000, 0x0000000089c00000| Untracked 
| 103|0x0000000089d00000, 0x0000000089d00000, 0x0000000089e00000|  0%| F|  |TAMS 0x0000000089d00000, 0x0000000089d00000| Untracked 
| 104|0x0000000089e00000, 0x0000000089e00000, 0x0000000089f00000|  0%| F|  |TAMS 0x0000000089e00000, 0x0000000089e00000| Untracked 
| 105|0x0000000089f00000, 0x0000000089f00000, 0x000000008a000000|  0%| F|  |TAMS 0x0000000089f00000, 0x0000000089f00000| Untracked 
| 106|0x000000008a000000, 0x000000008a000000, 0x000000008a100000|  0%| F|  |TAMS 0x000000008a000000, 0x000000008a000000| Untracked 
| 107|0x000000008a100000, 0x000000008a100000, 0x000000008a200000|  0%| F|  |TAMS 0x000000008a100000, 0x000000008a100000| Untracked 
| 108|0x000000008a200000, 0x000000008a200000, 0x000000008a300000|  0%| F|  |TAMS 0x000000008a200000, 0x000000008a200000| Untracked 
| 109|0x000000008a300000, 0x000000008a300000, 0x000000008a400000|  0%| F|  |TAMS 0x000000008a300000, 0x000000008a300000| Untracked 
| 110|0x000000008a400000, 0x000000008a400000, 0x000000008a500000|  0%| F|  |TAMS 0x000000008a400000, 0x000000008a400000| Untracked 
| 111|0x000000008a500000, 0x000000008a500000, 0x000000008a600000|  0%| F|  |TAMS 0x000000008a500000, 0x000000008a500000| Untracked 
| 112|0x000000008a600000, 0x000000008a600000, 0x000000008a700000|  0%| F|  |TAMS 0x000000008a600000, 0x000000008a600000| Untracked 
| 113|0x000000008a700000, 0x000000008a700000, 0x000000008a800000|  0%| F|  |TAMS 0x000000008a700000, 0x000000008a700000| Untracked 
| 114|0x000000008a800000, 0x000000008a8c1bc0, 0x000000008a900000| 75%| S|CS|TAMS 0x000000008a800000, 0x000000008a800000| Complete 
| 115|0x000000008a900000, 0x000000008aa00000, 0x000000008aa00000|100%| E|  |TAMS 0x000000008a900000, 0x000000008a900000| Complete 
| 116|0x000000008aa00000, 0x000000008ab00000, 0x000000008ab00000|100%| E|CS|TAMS 0x000000008aa00000, 0x000000008aa00000| Complete 
| 117|0x000000008ab00000, 0x000000008ac00000, 0x000000008ac00000|100%| E|CS|TAMS 0x000000008ab00000, 0x000000008ab00000| Complete 
| 118|0x000000008ac00000, 0x000000008ad00000, 0x000000008ad00000|100%| E|CS|TAMS 0x000000008ac00000, 0x000000008ac00000| Complete 
| 119|0x000000008ad00000, 0x000000008ae00000, 0x000000008ae00000|100%| E|CS|TAMS 0x000000008ad00000, 0x000000008ad00000| Complete 
| 120|0x000000008ae00000, 0x000000008af00000, 0x000000008af00000|100%| E|CS|TAMS 0x000000008ae00000, 0x000000008ae00000| Complete 
| 121|0x000000008af00000, 0x000000008b000000, 0x000000008b000000|100%| E|CS|TAMS 0x000000008af00000, 0x000000008af00000| Complete 
| 122|0x000000008b000000, 0x000000008b100000, 0x000000008b100000|100%| E|CS|TAMS 0x000000008b000000, 0x000000008b000000| Complete 
| 123|0x000000008b100000, 0x000000008b200000, 0x000000008b200000|100%| E|CS|TAMS 0x000000008b100000, 0x000000008b100000| Complete 
| 124|0x000000008b200000, 0x000000008b300000, 0x000000008b300000|100%| E|CS|TAMS 0x000000008b200000, 0x000000008b200000| Complete 
| 125|0x000000008b300000, 0x000000008b400000, 0x000000008b400000|100%| E|CS|TAMS 0x000000008b300000, 0x000000008b300000| Complete 

Card table byte_map: [0x0000014cfc260000,0x0000014cfc650000] _byte_map_base: 0x0000014cfbe45000

Marking Bits (Prev, Next): (CMBitMap*) 0x0000014cf83be3b8, (CMBitMap*) 0x0000014cf83be3f0
 Prev Bits: [0x0000014cfca40000, 0x0000014cfe968000)
 Next Bits: [0x0000014c8f000000, 0x0000014c90f28000)

Polling page: 0x0000014cf62c0000

Metaspace:

Usage:
  Non-class:     12.91 MB capacity,    12.72 MB ( 99%) used,   171.07 KB (  1%) free+waste,    19.56 KB ( <1%) overhead. 
      Class:      1.75 MB capacity,     1.65 MB ( 94%) used,    91.52 KB (  5%) free+waste,     9.56 KB ( <1%) overhead. 
       Both:     14.66 MB capacity,    14.37 MB ( 98%) used,   262.59 KB (  2%) free+waste,    29.13 KB ( <1%) overhead. 

Virtual space:
  Non-class space:       14.00 MB reserved,      13.00 MB ( 93%) committed 
      Class space:        1.00 GB reserved,       1.75 MB ( <1%) committed 
             Both:        1.01 GB reserved,      14.75 MB (  1%) committed 

Chunk freelists:
   Non-Class:  32.00 KB
       Class:  0 bytes
        Both:  32.00 KB

MaxMetaspaceSize: 17179869184.00 GB
CompressedClassSpaceSize: 1.00 GB

CodeHeap 'non-profiled nmethods': size=120064Kb used=388Kb max_used=388Kb free=119675Kb
 bounds [0x0000014c87ac0000, 0x0000014c87d30000, 0x0000014c8f000000]
CodeHeap 'profiled nmethods': size=120000Kb used=2180Kb max_used=2180Kb free=117819Kb
 bounds [0x0000014c80590000, 0x0000014c80800000, 0x0000014c87ac0000]
CodeHeap 'non-nmethods': size=5696Kb used=1099Kb max_used=1111Kb free=4596Kb
 bounds [0x0000014c80000000, 0x0000014c80270000, 0x0000014c80590000]
 total_blobs=1610 nmethods=1192 adapters=330
 compilation: enabled
              stopped_count=0, restarted_count=0
 full_count=0

Compilation events (20 events):
Event: 15.695 Thread 0x0000014cfee85800 nmethod 1173 0x0000014c807a3a90 code [0x0000014c807a3ca0, 0x0000014c807a4188]
Event: 15.695 Thread 0x0000014cfee85800 1174       3       java.util.LinkedList::removeLast (23 bytes)
Event: 15.695 Thread 0x0000014cfee85800 nmethod 1174 0x0000014c807a4390 code [0x0000014c807a4560, 0x0000014c807a4798]
Event: 15.695 Thread 0x0000014cfee85800 1175 %     3       sun.nio.cs.SingleByte$Decoder::decodeArrayLoop @ 88 (154 bytes)
Event: 15.697 Thread 0x0000014cfee85800 nmethod 1175% 0x0000014c807a4890 code [0x0000014c807a4c80, 0x0000014c807a6628]
Event: 15.697 Thread 0x0000014cfee85800 1176       3       java.util.LinkedList::node (65 bytes)
Event: 15.697 Thread 0x0000014cfee85800 nmethod 1176 0x0000014c807a7110 code [0x0000014c807a72e0, 0x0000014c807a7598]
Event: 15.697 Thread 0x0000014cfee85800 1177       3       java.util.LinkedList::linkBefore (63 bytes)
Event: 15.698 Thread 0x0000014cfee85800 nmethod 1177 0x0000014c807a7710 code [0x0000014c807a7900, 0x0000014c807a7db8]
Event: 15.698 Thread 0x0000014cfee85800 1179       3       sun.nio.cs.SingleByte$Decoder::decodeArrayLoop (154 bytes)
Event: 15.699 Thread 0x0000014cfee85800 nmethod 1179 0x0000014c807a7f10 code [0x0000014c807a8300, 0x0000014c807a9cc8]
Event: 15.699 Thread 0x0000014cfee85800 1178       3       java.util.LinkedList::unlinkLast (64 bytes)
Event: 15.699 Thread 0x0000014cfee85800 nmethod 1178 0x0000014c807aa790 code [0x0000014c807aa960, 0x0000014c807aabf8]
Event: 15.699 Thread 0x0000014cfee85800 1180       3       java.nio.charset.CoderResult::isUnderflow (13 bytes)
Event: 15.700 Thread 0x0000014cfee85800 nmethod 1180 0x0000014c807aad10 code [0x0000014c807aaec0, 0x0000014c807ab018]
Event: 15.701 Thread 0x0000014cfee85800 1182       3       java.nio.HeapByteBuffer::ix (7 bytes)
Event: 15.701 Thread 0x0000014cfee85800 nmethod 1182 0x0000014c807ab090 code [0x0000014c807ab240, 0x0000014c807ab338]
Event: 15.701 Thread 0x0000014cfee85800 1183       3       java.nio.CharBuffer::<init> (22 bytes)
Event: 15.701 Thread 0x0000014cfee85800 nmethod 1183 0x0000014c807ab410 code [0x0000014c807ab5c0, 0x0000014c807ab768]
Event: 15.701 Thread 0x0000014cfee85800 1184   !   3       java.nio.charset.CharsetDecoder::decode (287 bytes)

GC Heap History (4 events):
Event: 0.748 GC heap before
{Heap before GC invocations=0 (full 0):
 garbage-first heap   total 129024K, used 19456K [0x0000000083600000, 0x0000000100000000)
  region size 1024K, 14 young (14336K), 0 survivors (0K)
 Metaspace       used 8049K, capacity 8273K, committed 8576K, reserved 1056768K
  class space    used 729K, capacity 818K, committed 896K, reserved 1048576K
}
Event: 0.753 GC heap after
{Heap after GC invocations=1 (full 0):
 garbage-first heap   total 129024K, used 7880K [0x0000000083600000, 0x0000000100000000)
  region size 1024K, 2 young (2048K), 2 survivors (2048K)
 Metaspace       used 8049K, capacity 8273K, committed 8576K, reserved 1056768K
  class space    used 729K, capacity 818K, committed 896K, reserved 1048576K
}
Event: 1.094 GC heap before
{Heap before GC invocations=1 (full 0):
 garbage-first heap   total 129024K, used 19144K [0x0000000083600000, 0x0000000100000000)
  region size 1024K, 13 young (13312K), 2 survivors (2048K)
 Metaspace       used 11254K, capacity 11496K, committed 11648K, reserved 1058816K
  class space    used 1226K, capacity 1301K, committed 1408K, reserved 1048576K
}
Event: 1.097 GC heap after
{Heap after GC invocations=2 (full 0):
 garbage-first heap   total 129024K, used 8756K [0x0000000083600000, 0x0000000100000000)
  region size 1024K, 1 young (1024K), 1 survivors (1024K)
 Metaspace       used 11254K, capacity 11496K, committed 11648K, reserved 1058816K
  class space    used 1226K, capacity 1301K, committed 1408K, reserved 1048576K
}

Deoptimization events (20 events):
Event: 0.914 Thread 0x0000014cf8380800 Uncommon trap: trap_request=0xffffffde fr.pc=0x0000014c87ade470 relative=0x00000000000003d0
Event: 0.914 Thread 0x0000014cf8380800 Uncommon trap: reason=class_check action=maybe_recompile pc=0x0000014c87ade470 method=java.util.regex.Matcher.match(II)Z @ 121 c2
Event: 0.914 Thread 0x0000014cf8380800 DEOPT PACKING pc=0x0000014c87ade470 sp=0x0000002ac34fdb20
Event: 0.914 Thread 0x0000014cf8380800 DEOPT UNPACKING pc=0x0000014c800278af sp=0x0000002ac34fdac8 mode 2
Event: 0.914 Thread 0x0000014cf8380800 Uncommon trap: trap_request=0xffffffde fr.pc=0x0000014c87ade470 relative=0x00000000000003d0
Event: 0.914 Thread 0x0000014cf8380800 Uncommon trap: reason=class_check action=maybe_recompile pc=0x0000014c87ade470 method=java.util.regex.Matcher.match(II)Z @ 121 c2
Event: 0.914 Thread 0x0000014cf8380800 DEOPT PACKING pc=0x0000014c87ade470 sp=0x0000002ac34fdb20
Event: 0.914 Thread 0x0000014cf8380800 DEOPT UNPACKING pc=0x0000014c800278af sp=0x0000002ac34fdac8 mode 2
Event: 1.242 Thread 0x0000014cf8380800 DEOPT PACKING pc=0x0000014c80627aff sp=0x0000002ac34f9340
Event: 1.242 Thread 0x0000014cf8380800 DEOPT UNPACKING pc=0x0000014c800276ce sp=0x0000002ac34f8790 mode 0
Event: 1.252 Thread 0x0000014cf8380800 Uncommon trap: trap_request=0xffffff4d fr.pc=0x0000014c87b04cf0 relative=0x00000000000001b0
Event: 1.252 Thread 0x0000014cf8380800 Uncommon trap: reason=unstable_if action=reinterpret pc=0x0000014c87b04cf0 method=java.util.HashMap.getNode(ILjava/lang/Object;)Ljava/util/HashMap$Node; @ 129 c2
Event: 1.252 Thread 0x0000014cf8380800 DEOPT PACKING pc=0x0000014c87b04cf0 sp=0x0000002ac34fb350
Event: 1.252 Thread 0x0000014cf8380800 DEOPT UNPACKING pc=0x0000014c800278af sp=0x0000002ac34fb250 mode 2
Event: 1.252 Thread 0x0000014cf8380800 Uncommon trap: trap_request=0xffffffde fr.pc=0x0000014c87af99fc relative=0x0000000000000f5c
Event: 1.252 Thread 0x0000014cf8380800 Uncommon trap: reason=class_check action=maybe_recompile pc=0x0000014c87af99fc method=java.util.HashMap.putVal(ILjava/lang/Object;Ljava/lang/Object;ZZ)Ljava/lang/Object; @ 203 c2
Event: 1.252 Thread 0x0000014cf8380800 DEOPT PACKING pc=0x0000014c87af99fc sp=0x0000002ac34fb2c0
Event: 1.252 Thread 0x0000014cf8380800 DEOPT UNPACKING pc=0x0000014c800278af sp=0x0000002ac34fb250 mode 2
Event: 2.041 Thread 0x0000014cf8380800 DEOPT PACKING pc=0x0000014c8065da30 sp=0x0000002ac34f9a50
Event: 2.041 Thread 0x0000014cf8380800 DEOPT UNPACKING pc=0x0000014c800276ce sp=0x0000002ac34f8f68 mode 0

Classes redefined (0 events):
No events

Internal exceptions (11 events):
Event: 0.232 Thread 0x0000014cf8380800 Exception <a 'java/lang/NoSuchMethodError'{0x000000008b289fe0}: 'int java.lang.invoke.DirectMethodHandle$Holder.invokeSpecialIFC(java.lang.Object, java.lang.Object, int)'> (0x000000008b289fe0) thrown at [./src/hotspot/share/interpreter/linkResolver.cpp, line 773]
Event: 0.335 Thread 0x0000014cf8380800 Exception <a 'java/lang/NoSuchMethodError'{0x000000008b014bd8}: 'int java.lang.invoke.DirectMethodHandle$Holder.invokeStaticInit(java.lang.Object, java.lang.Object)'> (0x000000008b014bd8) thrown at [./src/hotspot/share/interpreter/linkResolver.cpp, line 773]
Event: 0.450 Thread 0x0000014cf8380800 Exception <a 'java/lang/NoSuchMethodError'{0x000000008b0d71b8}: 'int java.lang.invoke.DirectMethodHandle$Holder.invokeSpecial(java.lang.Object, java.lang.Object, java.lang.Object, java.lang.Object)'> (0x000000008b0d71b8) thrown at [./src/hotspot/share/interpreter/linkResolver.cpp, line 773]
Event: 0.942 Thread 0x0000014cf8380800 Exception <a 'java/lang/NoClassDefFoundError'{0x000000008ae82c90}: org/slf4j/impl/StaticMarkerBinder> (0x000000008ae82c90) thrown at [./src/hotspot/share/classfile/systemDictionary.cpp, line 220]
Event: 0.955 Thread 0x0000014cf8380800 Exception <a 'java/lang/NoSuchMethodError'{0x000000008ad1cd18}: 'java.lang.Object java.lang.invoke.DirectMethodHandle$Holder.invokeVirtual(java.lang.Object, java.lang.Object, java.lang.Object, java.lang.Object, java.lang.Object)'> (0x000000008ad1cd18) thrown at [./src/hotspot/share/interpreter/linkResolver.cpp, line 773]
Event: 1.069 Thread 0x0000014cf8380800 Exception <a 'java/lang/NoSuchMethodError'{0x000000008aac4710}: 'java.lang.Object java.lang.invoke.Invokers$Holder.invoker(java.lang.Object, java.lang.Object, java.lang.Object, java.lang.Object, java.lang.Object)'> (0x000000008aac4710) thrown at [./src/hotspot/share/interpreter/linkResolver.cpp, line 773]
Event: 1.072 Thread 0x0000014cf8380800 Exception <a 'java/lang/NoSuchMethodError'{0x000000008aad5478}: 'void java.lang.invoke.DelegatingMethodHandle$Holder.delegate(java.lang.Object, java.lang.Object, int, java.lang.Object)'> (0x000000008aad5478) thrown at [./src/hotspot/share/interpreter/linkResolver.cpp, line 773]
Event: 1.174 Thread 0x0000014cf8380800 Exception <a 'java/lang/NoSuchMethodError'{0x000000008b18d8b8}: 'java.lang.Object java.lang.invoke.DirectMethodHandle$Holder.invokeStaticInit(java.lang.Object, java.lang.Object, java.lang.Object)'> (0x000000008b18d8b8) thrown at [./src/hotspot/share/interpreter/linkResolver.cpp, line 773]
Event: 1.281 Thread 0x0000014cf8380800 Exception <a 'java/lang/NoSuchMethodError'{0x000000008ad8d0f0}: 'java.lang.Object java.lang.invoke.DirectMethodHandle$Holder.invokeStaticInit(java.lang.Object, int, int, int, int)'> (0x000000008ad8d0f0) thrown at [./src/hotspot/share/interpreter/linkResolver.cpp, line 773]
Event: 1.618 Thread 0x0000014cf8380800 Exception <a 'java/lang/NoSuchMethodError'{0x000000008ac8bdb0}: 'java.lang.Object java.lang.invoke.DirectMethodHandle$Holder.invokeStaticInit(java.lang.Object, java.lang.Object, int, int, int, int)'> (0x000000008ac8bdb0) thrown at [./src/hotspot/share/interpreter/linkResolver.cpp, line 773]
Event: 15.684 Thread 0x0000014cf8380800 Exception <a 'java/io/IOException'{0x000000008aa9b500}> (0x000000008aa9b500) thrown at [./src/hotspot/share/prims/jni.cpp, line 615]

Events (20 events):
Event: 2.397 loading class jdk/internal/reflect/ClassDefiner$1
Event: 2.398 loading class jdk/internal/reflect/ClassDefiner$1 done
Event: 3.155 loading class com/google/common/collect/CollectPreconditions
Event: 3.155 loading class com/google/common/collect/CollectPreconditions done
Event: 3.156 loading class org/gradle/internal/logging/events/StyledTextOutputEvent$Span
Event: 3.156 loading class org/gradle/internal/logging/events/StyledTextOutputEvent$Span done
Event: 3.156 loading class org/gradle/internal/logging/events/operations/StyledTextBuildOperationProgressDetails$Span
Event: 3.156 loading class org/gradle/internal/logging/events/operations/StyledTextBuildOperationProgressDetails$Span done
Event: 3.231 loading class org/gradle/internal/logging/text/AbstractLineChoppingStyledTextOutput$StateContext
Event: 3.231 loading class org/gradle/internal/logging/text/AbstractLineChoppingStyledTextOutput$StateContext done
Event: 15.684 loading class com/google/common/base/Objects
Event: 15.684 loading class com/google/common/base/Objects done
Event: 15.685 loading class com/google/common/base/ExtraObjectsMethodsForWeb
Event: 15.685 loading class com/google/common/base/ExtraObjectsMethodsForWeb done
Event: 15.685 loading class org/slf4j/helpers/MessageFormatter
Event: 15.685 loading class org/slf4j/helpers/MessageFormatter done
Event: 15.686 loading class org/slf4j/helpers/FormattingTuple
Event: 15.686 loading class org/slf4j/helpers/FormattingTuple done
Event: 15.687 loading class org/gradle/util/internal/LimitedDescription
Event: 15.687 loading class org/gradle/util/internal/LimitedDescription done


Dynamic libraries:
0x00007ff7be060000 - 0x00007ff7be06a000 	C:\Program Files\Android\Android Studio\jre\bin\java.exe
0x00007ffa9ff40000 - 0x00007ffaa0149000 	C:\WINDOWS\SYSTEM32\ntdll.dll
0x00007ffa9f410000 - 0x00007ffa9f4cd000 	C:\WINDOWS\System32\KERNEL32.DLL
0x00007ffa9d850000 - 0x00007ffa9dbc4000 	C:\WINDOWS\System32\KERNELBASE.dll
0x00007ffa9d430000 - 0x00007ffa9d541000 	C:\WINDOWS\System32\ucrtbase.dll
0x00007ffa8efd0000 - 0x00007ffa8efe9000 	C:\Program Files\Android\Android Studio\jre\bin\jli.dll
0x00007ffa9e200000 - 0x00007ffa9e3ac000 	C:\WINDOWS\System32\USER32.dll
0x00007ffa9ddb0000 - 0x00007ffa9ddd6000 	C:\WINDOWS\System32\win32u.dll
0x00007ffa9eea0000 - 0x00007ffa9eec9000 	C:\WINDOWS\System32\GDI32.dll
0x00007ffa9dbd0000 - 0x00007ffa9dce2000 	C:\WINDOWS\System32\gdi32full.dll
0x00007ffa9d740000 - 0x00007ffa9d7dd000 	C:\WINDOWS\System32\msvcp_win.dll
0x00007ffa8efb0000 - 0x00007ffa8efc7000 	C:\Program Files\Android\Android Studio\jre\bin\VCRUNTIME140.dll
0x00007ffa8a010000 - 0x00007ffa8a2b5000 	C:\WINDOWS\WinSxS\amd64_microsoft.windows.common-controls_6595b64144ccf1df_6.0.22000.120_none_9d947278b86cc467\COMCTL32.dll
0x00007ffa9eb60000 - 0x00007ffa9ec03000 	C:\WINDOWS\System32\msvcrt.dll
0x00007ffa9f5c0000 - 0x00007ffa9f5f1000 	C:\WINDOWS\System32\IMM32.DLL
0x00007ffa72af0000 - 0x00007ffa72b8d000 	C:\Program Files\Android\Android Studio\jre\bin\msvcp140.dll
0x00007ffa501e0000 - 0x00007ffa50caf000 	C:\Program Files\Android\Android Studio\jre\bin\server\jvm.dll
0x00007ffa9fb50000 - 0x00007ffa9fbfe000 	C:\WINDOWS\System32\ADVAPI32.dll
0x00007ffa9fd70000 - 0x00007ffa9fe0e000 	C:\WINDOWS\System32\sechost.dll
0x00007ffa9dde0000 - 0x00007ffa9df00000 	C:\WINDOWS\System32\RPCRT4.dll
0x00007ffa9ee20000 - 0x00007ffa9ee28000 	C:\WINDOWS\System32\PSAPI.DLL
0x00007ffa8ae80000 - 0x00007ffa8ae89000 	C:\WINDOWS\SYSTEM32\WSOCK32.dll
0x00007ffa97fa0000 - 0x00007ffa97fd3000 	C:\WINDOWS\SYSTEM32\WINMM.dll
0x00007ffa9ee30000 - 0x00007ffa9ee9f000 	C:\WINDOWS\System32\WS2_32.dll
0x00007ffa956a0000 - 0x00007ffa956aa000 	C:\WINDOWS\SYSTEM32\VERSION.dll
0x00007ffa9c530000 - 0x00007ffa9c548000 	C:\WINDOWS\SYSTEM32\kernel.appcore.dll
0x00007ffa8ef90000 - 0x00007ffa8efa1000 	C:\Program Files\Android\Android Studio\jre\bin\verify.dll
0x00007ffa9b0c0000 - 0x00007ffa9b2e1000 	C:\WINDOWS\SYSTEM32\DBGHELP.DLL
0x00007ffa854e0000 - 0x00007ffa85511000 	C:\WINDOWS\SYSTEM32\dbgcore.DLL
0x00007ffa9d6c0000 - 0x00007ffa9d73f000 	C:\WINDOWS\System32\bcryptPrimitives.dll
0x00007ffa89f40000 - 0x00007ffa89f69000 	C:\Program Files\Android\Android Studio\jre\bin\java.dll
0x00007ffa98d60000 - 0x00007ffa98d6b000 	C:\Program Files\Android\Android Studio\jre\bin\jimage.dll
0x00007ffa8d8a0000 - 0x00007ffa8d8b8000 	C:\Program Files\Android\Android Studio\jre\bin\zip.dll
0x00007ffa9e3b0000 - 0x00007ffa9eb5e000 	C:\WINDOWS\System32\SHELL32.dll
0x00007ffa9b5a0000 - 0x00007ffa9be08000 	C:\WINDOWS\SYSTEM32\windows.storage.dll
0x00007ffa9eed0000 - 0x00007ffa9f248000 	C:\WINDOWS\System32\combase.dll
0x00007ffa9b430000 - 0x00007ffa9b596000 	C:\WINDOWS\SYSTEM32\wintypes.dll
0x00007ffa9fe10000 - 0x00007ffa9fefa000 	C:\WINDOWS\System32\SHCORE.dll
0x00007ffa9f560000 - 0x00007ffa9f5bd000 	C:\WINDOWS\System32\shlwapi.dll
0x00007ffa9d360000 - 0x00007ffa9d381000 	C:\WINDOWS\SYSTEM32\profapi.dll
0x00007ffa8b5c0000 - 0x00007ffa8b5da000 	C:\Program Files\Android\Android Studio\jre\bin\net.dll
0x00007ffa95a50000 - 0x00007ffa95b5c000 	C:\WINDOWS\SYSTEM32\WINHTTP.dll
0x00007ffa9c960000 - 0x00007ffa9c9c7000 	C:\WINDOWS\system32\mswsock.dll
0x00007ffa84f60000 - 0x00007ffa84f74000 	C:\Program Files\Android\Android Studio\jre\bin\nio.dll
0x00007ffa821d0000 - 0x00007ffa821f6000 	C:\Users\Muhammad Kamran\.gradle\native\fdc75f09e3144964f2cf3f50f0aa648679c211496f362492102eb8c894070792\windows-amd64\native-platform.dll
0x00007ffa6d0d0000 - 0x00007ffa6d261000 	C:\Users\Muhammad Kamran\.gradle\native\12488b8bf47d2d4c9fbf2f6322a914ad602e24e48041cd04a747c6da556b65c4\windows-amd64\native-platform-file-events.dll
0x00007ffa8c510000 - 0x00007ffa8c51a000 	C:\Program Files\Android\Android Studio\jre\bin\management.dll
0x00007ffa8b560000 - 0x00007ffa8b56c000 	C:\Program Files\Android\Android Studio\jre\bin\management_ext.dll
0x00007ffa9cba0000 - 0x00007ffa9cbb8000 	C:\WINDOWS\SYSTEM32\CRYPTSP.dll
0x00007ffa9c490000 - 0x00007ffa9c4c5000 	C:\WINDOWS\system32\rsaenh.dll
0x00007ffa9ca50000 - 0x00007ffa9ca79000 	C:\WINDOWS\SYSTEM32\USERENV.dll
0x00007ffa9cd20000 - 0x00007ffa9cd47000 	C:\WINDOWS\SYSTEM32\bcrypt.dll
0x00007ffa9cbc0000 - 0x00007ffa9cbcc000 	C:\WINDOWS\SYSTEM32\CRYPTBASE.dll
0x00007ffa9c060000 - 0x00007ffa9c08d000 	C:\WINDOWS\SYSTEM32\IPHLPAPI.DLL
0x00007ffa9fd00000 - 0x00007ffa9fd09000 	C:\WINDOWS\System32\NSI.dll
0x00007ffa95830000 - 0x00007ffa95849000 	C:\WINDOWS\SYSTEM32\dhcpcsvc6.DLL
0x00007ffa97f70000 - 0x00007ffa97f8e000 	C:\WINDOWS\SYSTEM32\dhcpcsvc.DLL
0x00007ffa9c0d0000 - 0x00007ffa9c1b7000 	C:\WINDOWS\SYSTEM32\DNSAPI.dll
0x00007ffa956b0000 - 0x00007ffa956bc000 	C:\WINDOWS\SYSTEM32\WINNSI.DLL

dbghelp: loaded successfully - version: 4.0.5 - missing functions: none
symbol engine: initialized successfully - sym options: 0x614 - pdb path: .;C:\Program Files\Android\Android Studio\jre\bin;C:\WINDOWS\SYSTEM32;C:\WINDOWS\WinSxS\amd64_microsoft.windows.common-controls_6595b64144ccf1df_6.0.22000.120_none_9d947278b86cc467;C:\Program Files\Android\Android Studio\jre\bin\server;C:\Users\Muhammad Kamran\.gradle\native\fdc75f09e3144964f2cf3f50f0aa648679c211496f362492102eb8c894070792\windows-amd64;C:\Users\Muhammad Kamran\.gradle\native\12488b8bf47d2d4c9fbf2f6322a914ad602e24e48041cd04a747c6da556b65c4\windows-amd64

VM Arguments:
jvm_args: -Dorg.gradle.appname=gradlew 
java_command: org.gradle.wrapper.GradleWrapperMain -q -Ptarget-platform=android-arm -Ptarget=C:\Users\Muhammad Kamran\Desktop\itourapp\lib\main.dart -Pbase-application-name=android.app.Application -Pdart-defines=Zmx1dHRlci5pbnNwZWN0b3Iuc3RydWN0dXJlZEVycm9ycz10cnVl,RkxVVFRFUl9XRUJfQVVUT19ERVRFQ1Q9dHJ1ZQ== -Pdart-obfuscation=false -Ptrack-widget-creation=true -Ptree-shake-icons=false -Pfilesystem-scheme=org-dartlang-root assembleDebug
java_class_path (initial): C:\Users\Muhammad Kamran\Desktop\itourapp\android\\gradle\wrapper\gradle-wrapper.jar
Launcher Type: SUN_STANDARD

[Global flags]
     intx CICompilerCount                          = 3                                         {product} {ergonomic}
     uint ConcGCThreads                            = 1                                         {product} {ergonomic}
     uint G1ConcRefinementThreads                  = 4                                         {product} {ergonomic}
   size_t G1HeapRegionSize                         = 1048576                                   {product} {ergonomic}
    uintx GCDrainStackTargetSize                   = 64                                        {product} {ergonomic}
   size_t InitialHeapSize                          = 132120576                                 {product} {ergonomic}
   size_t MarkStackSize                            = 4194304                                   {product} {ergonomic}
   size_t MaxHeapSize                              = 2090860544                                {product} {ergonomic}
   size_t MaxNewSize                               = 1254096896                                {product} {ergonomic}
   size_t MinHeapDeltaBytes                        = 1048576                                   {product} {ergonomic}
    uintx NonNMethodCodeHeapSize                   = 5830732                                {pd product} {ergonomic}
    uintx NonProfiledCodeHeapSize                  = 122913754                              {pd product} {ergonomic}
    uintx ProfiledCodeHeapSize                     = 122913754                              {pd product} {ergonomic}
    uintx ReservedCodeCacheSize                    = 251658240                              {pd product} {ergonomic}
     bool SegmentedCodeCache                       = true                                      {product} {ergonomic}
     bool UseCompressedClassPointers               = true                                 {lp64_product} {ergonomic}
     bool UseCompressedOops                        = true                                 {lp64_product} {ergonomic}
     bool UseG1GC                                  = true                                      {product} {ergonomic}
     bool UseLargePagesIndividualAllocation        = false                                  {pd product} {ergonomic}

Logging:
Log output configuration:
 #0: stdout all=warning uptime,level,tags
 #1: stderr all=off uptime,level,tags

Environment Variables:
JAVA_HOME=C:\Program Files\Android\Android Studio\jre
CLASSPATH=C:\Users\Muhammad Kamran\Desktop\itourapp\android\\gradle\wrapper\gradle-wrapper.jar
PATH=C:\Program Files\Common Files\Oracle\Java\javapath;C:\WINDOWS\system32;C:\WINDOWS;C:\WINDOWS\System32\Wbem;C:\WINDOWS\System32\WindowsPowerShell\v1.0\;C:\WINDOWS\System32\OpenSSH\;C:\flutter\bin;C:\Program Files\Dart\dart-sdk\bin;C:\Program Files\Git\cmd;%JAVA_HOME$\bin;C:\Program Files\Microsoft SQL Server\150\Tools\Binn\;C:\Program Files (x86)\IncrediBuild;C:\Users\Muhammad Kamran\AppData\Local\Microsoft\WindowsApps;C:\Program Files\JetBrains\PyCharm Community Edition 2021.2\bin;;C:\Program Files\Dart\dart-sdk;C:\Users\Muhammad Kamran\AppData\Local\GitHubDesktop\bin;C:\Program Files\Git\bin;C:\Users\Muhammad Kamran\AppData\Local\Programs\Microsoft VS Code\bin;C:\flutter\bin;;C:\flutter\bin\mingit\cmd
USERNAME=Muhammad Kamran
OS=Windows_NT
PROCESSOR_IDENTIFIER=Intel64 Family 6 Model 142 Stepping 9, GenuineIntel



---------------  S Y S T E M  ---------------

OS: Windows 10 , 64 bit Build 22000 (10.0.22000.434)
OS uptime: 0 days 3:38 hours

CPU:total 4 (initial active 4) (2 cores per cpu, 2 threads per core) family 6 model 142 stepping 9 microcode 0xea, cmov, cx8, fxsr, mmx, sse, sse2, sse3, ssse3, sse4.1, sse4.2, popcnt, avx, avx2, aes, clmul, erms, 3dnowpref, lzcnt, ht, tsc, tscinvbit, bmi1, bmi2, adx, fma

Memory: 4k page, system-wide physical 7974M (723M free)
TotalPageFile size 7974M (AvailPageFile size 505M)
current process WorkingSet (physical memory assigned to process): 84M, peak: 88M
current process commit charge ("private bytes"): 215M, peak: 219M

vm_info: OpenJDK 64-Bit Server VM (11.0.10+0-b96-7249189) for windows-amd64 JRE (11.0.10+0-b96-7249189), built on Mar 31 2021 21:44:00 by "builder" with MS VC++ 14.0 (VS2015)

END.
