#
# There is insufficient memory for the Java Runtime Environment to continue.
# Native memory allocation (malloc) failed to allocate 140256 bytes for Chunk::new
# Possible reasons:
#   The system is out of physical RAM or swap space
#   The process is running with CompressedOops enabled, and the Java Heap may be blocking the growth of the native heap
# Possible solutions:
#   Reduce memory load on the system
#   Increase physical memory or swap space
#   Check if swap backing store is full
#   Decrease Java heap size (-Xmx/-Xms)
#   Decrease number of Java threads
#   Decrease Java thread stack sizes (-Xss)
#   Set larger code cache with -XX:ReservedCodeCacheSize=
#   JVM is running with Unscaled Compressed Oops mode in which the Java heap is
#     placed in the first 4GB address space. The Java Heap base address is the
#     maximum limit for the native heap growth. Please use -XX:HeapBaseMinAddress
#     to set the Java Heap base and to place the Java Heap above 4GB virtual address.
# This output file may be truncated or incomplete.
#
#  Out of Memory Error (./src/hotspot/share/memory/arena.cpp:197), pid=3716, tid=820
#
# JRE version: OpenJDK Runtime Environment (11.0.10) (build 11.0.10+0-b96-7249189)
# Java VM: OpenJDK 64-Bit Server VM (11.0.10+0-b96-7249189, mixed mode, tiered, compressed oops, g1 gc, windows-amd64)
# No core dump will be written. Minidumps are not enabled by default on client versions of Windows
#

---------------  S U M M A R Y ------------

Command Line: --add-opens=java.base/java.util=ALL-UNNAMED --add-opens=java.base/java.lang=ALL-UNNAMED --add-opens=java.base/java.lang.invoke=ALL-UNNAMED --add-opens=java.prefs/java.util.prefs=ALL-UNNAMED -Xmx1536M -Dfile.encoding=windows-1252 -Duser.country=US -Duser.language=en -Duser.variant org.gradle.launcher.daemon.bootstrap.GradleDaemon 6.7

Host: Intel(R) Core(TM) i7-7500U CPU @ 2.70GHz, 4 cores, 7G,  Windows 10 , 64 bit Build 22000 (10.0.22000.434)
Time: Tue Mar  1 17:48:32 2022 Pakistan Standard Time elapsed time: 13.521773 seconds (0d 0h 0m 13s)

---------------  T H R E A D  ---------------

Current thread (0x0000024b294f3800):  JavaThread "C2 CompilerThread1" daemon [_thread_in_native, id=820, stack(0x0000007115100000,0x0000007115200000)]


Current CompileTask:
C2:  13521 6339       4       java.lang.String::replace (42 bytes)

Stack: [0x0000007115100000,0x0000007115200000]
Native frames: (J=compiled Java code, j=interpreted, Vv=VM code, C=native code)
V  [jvm.dll+0x5ecfaa]
V  [jvm.dll+0x722bd5]
V  [jvm.dll+0x72412d]
V  [jvm.dll+0x7247e3]
V  [jvm.dll+0x242928]
V  [jvm.dll+0xbc4fc]
V  [jvm.dll+0xbca0c]
V  [jvm.dll+0x2b4fd4]
V  [jvm.dll+0x506028]
V  [jvm.dll+0x203253]
V  [jvm.dll+0x1fd07c]
V  [jvm.dll+0x1fa77f]
V  [jvm.dll+0x18354c]
V  [jvm.dll+0x208ee7]
V  [jvm.dll+0x207731]
V  [jvm.dll+0x6eb1cf]
V  [jvm.dll+0x6e3d45]
V  [jvm.dll+0x5ebe96]
C  [ucrtbase.dll+0x26c0c]
C  [KERNEL32.DLL+0x154e0]
C  [ntdll.dll+0x485b]


---------------  P R O C E S S  ---------------

Threads class SMR info:
_java_thread_list=0x0000024b2b8b0bf0, length=154, elements={
0x0000024b0a42f800, 0x0000024b22d00000, 0x0000024b22d01000, 0x0000024b22d21800,
0x0000024b22d22800, 0x0000024b22d23800, 0x0000024b22d26800, 0x0000024b22d2d000,
0x0000024b22d38800, 0x0000024b237d5000, 0x0000024b24727800, 0x0000024b25611000,
0x0000024b25bed800, 0x0000024b24930800, 0x0000024b24dbc000, 0x0000024b25041800,
0x0000024b24f74000, 0x0000024b255e9800, 0x0000024b24fb0800, 0x0000024b24f21800,
0x0000024b24f20800, 0x0000024b24f1f000, 0x0000024b24f1e000, 0x0000024b24f1c800,
0x0000024b24f1f800, 0x0000024b24f22000, 0x0000024b24f23000, 0x0000024b24f1d800,
0x0000024b27d5a800, 0x0000024b27d57800, 0x0000024b27d56800, 0x0000024b27d5b800,
0x0000024b27d55800, 0x0000024b27d62000, 0x0000024b27d5c000, 0x0000024b27d62800,
0x0000024b27d5e000, 0x0000024b27d5e800, 0x0000024b27d5f800, 0x0000024b27d61000,
0x0000024b27d5d000, 0x0000024b27d63800, 0x0000024b27d60000, 0x0000024b27d64800,
0x0000024b263af800, 0x0000024b263ad800, 0x0000024b263b0800, 0x0000024b263b2000,
0x0000024b263b1800, 0x0000024b263b3000, 0x0000024b263af000, 0x0000024b263b4000,
0x0000024b263ae000, 0x0000024b263b7000, 0x0000024b263b8000, 0x0000024b263b9800,
0x0000024b263b6800, 0x0000024b263ba800, 0x0000024b263b8800, 0x0000024b263b4800,
0x0000024b263bb000, 0x0000024b263b5800, 0x0000024b263bc000, 0x0000024b27aa7000,
0x0000024b27aa8000, 0x0000024b27aa3000, 0x0000024b27aa4000, 0x0000024b27aa4800,
0x0000024b27aa5800, 0x0000024b27aa2000, 0x0000024b27aaa800, 0x0000024b27aab000,
0x0000024b27aa8800, 0x0000024b27aa9800, 0x0000024b27aac000, 0x0000024b27aa6000,
0x0000024b27aae800, 0x0000024b27ab0000, 0x0000024b27aad000, 0x0000024b27ab1000,
0x0000024b27aad800, 0x0000024b27aaf000, 0x0000024b27e00000, 0x0000024b27e01000,
0x0000024b27dfd000, 0x0000024b27dfb800, 0x0000024b27e02000, 0x0000024b27dfc000,
0x0000024b27e02800, 0x0000024b27e03800, 0x0000024b27dfd800, 0x0000024b27e04800,
0x0000024b27dfe800, 0x0000024b27e05000, 0x0000024b27dff800, 0x0000024b27e09000,
0x0000024b27e06000, 0x0000024b27e06800, 0x0000024b27e07800, 0x0000024b27e08800,
0x0000024b27e0a000, 0x0000024b26036800, 0x0000024b26034800, 0x0000024b2603a000,
0x0000024b26037800, 0x0000024b26038800, 0x0000024b26039000, 0x0000024b2603b000,
0x0000024b26035000, 0x0000024b2603b800, 0x0000024b26036000, 0x0000024b2603e000,
0x0000024b26040800, 0x0000024b2603f000, 0x0000024b26041800, 0x0000024b2603d800,
0x0000024b2603f800, 0x0000024b26042000, 0x0000024b2603c800, 0x0000024b26043000,
0x0000024b25fb8800, 0x0000024b25fba000, 0x0000024b25fb9000, 0x0000024b25fbb000,
0x0000024b25fbb800, 0x0000024b25fb6000, 0x0000024b25fbc800, 0x0000024b25fb7000,
0x0000024b25fbd800, 0x0000024b25fb7800, 0x0000024b25fc2000, 0x0000024b25fc3000,
0x0000024b25fbe000, 0x0000024b25fc4800, 0x0000024b25fc4000, 0x0000024b25fbf800,
0x0000024b25fbf000, 0x0000024b25fc1800, 0x0000024b25fc0800, 0x0000024b241a1800,
0x0000024b241a2800, 0x0000024b241a3000, 0x0000024b241a5000, 0x0000024b241a4000,
0x0000024b2419f000, 0x0000024b241a5800, 0x0000024b241a0800, 0x0000024b241a0000,
0x0000024b241a9800, 0x0000024b241a6800, 0x0000024b241a9000, 0x0000024b241ad000,
0x0000024b294f3800, 0x0000024b241a7000
}

Java Threads: ( => current thread )
  0x0000024b0a42f800 JavaThread "main" [_thread_blocked, id=9900, stack(0x0000007112e00000,0x0000007112f00000)]
  0x0000024b22d00000 JavaThread "Reference Handler" daemon [_thread_blocked, id=9628, stack(0x0000007113500000,0x0000007113600000)]
  0x0000024b22d01000 JavaThread "Finalizer" daemon [_thread_blocked, id=9764, stack(0x0000007113600000,0x0000007113700000)]
  0x0000024b22d21800 JavaThread "Signal Dispatcher" daemon [_thread_blocked, id=6060, stack(0x0000007113700000,0x0000007113800000)]
  0x0000024b22d22800 JavaThread "Attach Listener" daemon [_thread_blocked, id=9644, stack(0x0000007113800000,0x0000007113900000)]
  0x0000024b22d23800 JavaThread "Service Thread" daemon [_thread_blocked, id=1604, stack(0x0000007113900000,0x0000007113a00000)]
  0x0000024b22d26800 JavaThread "C2 CompilerThread0" daemon [_thread_blocked, id=9288, stack(0x0000007113a00000,0x0000007113b00000)]
  0x0000024b22d2d000 JavaThread "C1 CompilerThread0" daemon [_thread_blocked, id=7716, stack(0x0000007113b00000,0x0000007113c00000)]
  0x0000024b22d38800 JavaThread "Sweeper thread" daemon [_thread_blocked, id=9720, stack(0x0000007113c00000,0x0000007113d00000)]
  0x0000024b237d5000 JavaThread "Common-Cleaner" daemon [_thread_blocked, id=10488, stack(0x0000007113d00000,0x0000007113e00000)]
  0x0000024b24727800 JavaThread "Daemon health stats" [_thread_blocked, id=3524, stack(0x0000007114200000,0x0000007114300000)]
  0x0000024b25611000 JavaThread "Incoming local TCP Connector on port 61358" [_thread_in_native, id=9912, stack(0x0000007114400000,0x0000007114500000)]
  0x0000024b25bed800 JavaThread "Daemon periodic checks" [_thread_blocked, id=5356, stack(0x0000007114500000,0x0000007114600000)]
  0x0000024b24930800 JavaThread "Daemon" [_thread_blocked, id=1196, stack(0x0000007114600000,0x0000007114700000)]
  0x0000024b24dbc000 JavaThread "Handler for socket connection from /127.0.0.1:61358 to /127.0.0.1:61359" [_thread_in_native, id=9552, stack(0x0000007114700000,0x0000007114800000)]
  0x0000024b25041800 JavaThread "Cancel handler" [_thread_blocked, id=8976, stack(0x0000007114800000,0x0000007114900000)]
  0x0000024b24f74000 JavaThread "Daemon worker" [_thread_blocked, id=1452, stack(0x0000007114900000,0x0000007114a00000)]
  0x0000024b255e9800 JavaThread "Asynchronous log dispatcher for DefaultDaemonConnection: socket connection from /127.0.0.1:61358 to /127.0.0.1:61359" [_thread_blocked, id=76, stack(0x0000007114a00000,0x0000007114b00000)]
  0x0000024b24fb0800 JavaThread "Stdin handler" [_thread_blocked, id=5624, stack(0x0000007114b00000,0x0000007114c00000)]
  0x0000024b24f21800 JavaThread "Thread-8" [_thread_blocked, id=8484, stack(0x0000007114c00000,0x0000007114d00000)]
  0x0000024b24f20800 JavaThread "Cache worker for file hash cache (C:\Users\Muhammad Kamran\.gradle\caches\6.7\fileHashes)" [_thread_blocked, id=10720, stack(0x0000007114e00000,0x0000007114f00000)]
  0x0000024b24f1f000 JavaThread "File lock request listener" [_thread_in_native, id=7368, stack(0x0000007114f00000,0x0000007115000000)]
  0x0000024b24f1e000 JavaThread "Cache worker for journal cache (C:\Users\Muhammad Kamran\.gradle\caches\journal-1)" [_thread_blocked, id=3864, stack(0x0000007115000000,0x0000007115100000)]
  0x0000024b24f1c800 JavaThread "Cache worker for file hash cache (C:\Users\Muhammad Kamran\Desktop\itourapp\android\.gradle\6.7\fileHashes)" [_thread_blocked, id=7200, stack(0x0000007115200000,0x0000007115300000)]
  0x0000024b24f1f800 JavaThread "Cache worker for checksums cache (C:\Users\Muhammad Kamran\Desktop\itourapp\android\.gradle\checksums)" [_thread_blocked, id=2476, stack(0x0000007115300000,0x0000007115400000)]
  0x0000024b24f22000 JavaThread "Cache worker for cache directory md-supplier (C:\Users\Muhammad Kamran\.gradle\caches\6.7\md-supplier)" [_thread_blocked, id=6948, stack(0x0000007115400000,0x0000007115500000)]
  0x0000024b24f23000 JavaThread "Cache worker for cache directory md-rule (C:\Users\Muhammad Kamran\.gradle\caches\6.7\md-rule)" [_thread_blocked, id=8820, stack(0x0000007115500000,0x0000007115600000)]
  0x0000024b24f1d800 JavaThread "Cache worker for execution history cache (C:\Users\Muhammad Kamran\.gradle\caches\6.7\executionHistory)" [_thread_blocked, id=10580, stack(0x0000007115600000,0x0000007115700000)]
  0x0000024b27d5a800 JavaThread "jar transforms" [_thread_blocked, id=6360, stack(0x0000007115700000,0x0000007115800000)]
  0x0000024b27d57800 JavaThread "Cache worker for file content cache (C:\Users\Muhammad Kamran\.gradle\caches\6.7\fileContent)" [_thread_blocked, id=2796, stack(0x0000007115800000,0x0000007115900000)]
  0x0000024b27d56800 JavaThread "Cache worker for Build Output Cleanup Cache (C:\Users\Muhammad Kamran\Desktop\itourapp\android\.gradle\buildOutputCleanup)" [_thread_blocked, id=10440, stack(0x0000007115900000,0x0000007115a00000)]
  0x0000024b27d5b800 JavaThread "Build operations" [_thread_blocked, id=2748, stack(0x0000007115a00000,0x0000007115b00000)]
  0x0000024b27d55800 JavaThread "Build operations Thread 2" [_thread_blocked, id=10156, stack(0x0000007115b00000,0x0000007115c00000)]
  0x0000024b27d62000 JavaThread "Build operations Thread 3" [_thread_blocked, id=5660, stack(0x0000007115c00000,0x0000007115d00000)]
  0x0000024b27d5c000 JavaThread "Build operations Thread 4" [_thread_blocked, id=6192, stack(0x0000007115d00000,0x0000007115e00000)]
  0x0000024b27d62800 JavaThread "jar transforms Thread 2" [_thread_blocked, id=4960, stack(0x0000007115e00000,0x0000007115f00000)]
  0x0000024b27d5e000 JavaThread "jar transforms Thread 3" [_thread_blocked, id=7660, stack(0x0000007115f00000,0x0000007116000000)]
  0x0000024b27d5e800 JavaThread "jar transforms Thread 4" [_thread_blocked, id=3428, stack(0x0000007116000000,0x0000007116100000)]
  0x0000024b27d5f800 JavaThread "jar transforms Thread 5" [_thread_blocked, id=5548, stack(0x0000007116100000,0x0000007116200000)]
  0x0000024b27d61000 JavaThread "jar transforms Thread 6" [_thread_blocked, id=8720, stack(0x0000007116200000,0x0000007116300000)]
  0x0000024b27d5d000 JavaThread "jar transforms Thread 7" [_thread_blocked, id=9220, stack(0x0000007116300000,0x0000007116400000)]
  0x0000024b27d63800 JavaThread "jar transforms Thread 8" [_thread_blocked, id=7932, stack(0x0000007116400000,0x0000007116500000)]
  0x0000024b27d60000 JavaThread "jar transforms Thread 9" [_thread_blocked, id=7308, stack(0x0000007116500000,0x0000007116600000)]
  0x0000024b27d64800 JavaThread "jar transforms Thread 10" [_thread_blocked, id=9264, stack(0x0000007116600000,0x0000007116700000)]
  0x0000024b263af800 JavaThread "jar transforms Thread 11" [_thread_blocked, id=2764, stack(0x0000007116700000,0x0000007116800000)]
  0x0000024b263ad800 JavaThread "jar transforms Thread 12" [_thread_blocked, id=10404, stack(0x0000007116800000,0x0000007116900000)]
  0x0000024b263b0800 JavaThread "jar transforms Thread 13" [_thread_blocked, id=6816, stack(0x0000007116900000,0x0000007116a00000)]
  0x0000024b263b2000 JavaThread "jar transforms Thread 14" [_thread_blocked, id=10808, stack(0x0000007116a00000,0x0000007116b00000)]
  0x0000024b263b1800 JavaThread "jar transforms Thread 15" [_thread_blocked, id=3024, stack(0x0000007116b00000,0x0000007116c00000)]
  0x0000024b263b3000 JavaThread "jar transforms Thread 16" [_thread_blocked, id=9852, stack(0x0000007116c00000,0x0000007116d00000)]
  0x0000024b263af000 JavaThread "jar transforms Thread 17" [_thread_blocked, id=264, stack(0x0000007116d00000,0x0000007116e00000)]
  0x0000024b263b4000 JavaThread "jar transforms Thread 18" [_thread_blocked, id=8844, stack(0x0000007116e00000,0x0000007116f00000)]
  0x0000024b263ae000 JavaThread "jar transforms Thread 19" [_thread_blocked, id=1652, stack(0x0000007116f00000,0x0000007117000000)]
  0x0000024b263b7000 JavaThread "jar transforms Thread 20" [_thread_blocked, id=3660, stack(0x0000007117000000,0x0000007117100000)]
  0x0000024b263b8000 JavaThread "jar transforms Thread 21" [_thread_blocked, id=8552, stack(0x0000007117100000,0x0000007117200000)]
  0x0000024b263b9800 JavaThread "jar transforms Thread 22" [_thread_blocked, id=9252, stack(0x0000007117200000,0x0000007117300000)]
  0x0000024b263b6800 JavaThread "jar transforms Thread 23" [_thread_blocked, id=7884, stack(0x0000007117300000,0x0000007117400000)]
  0x0000024b263ba800 JavaThread "jar transforms Thread 24" [_thread_blocked, id=9504, stack(0x0000007117400000,0x0000007117500000)]
  0x0000024b263b8800 JavaThread "jar transforms Thread 25" [_thread_blocked, id=9312, stack(0x0000007117500000,0x0000007117600000)]
  0x0000024b263b4800 JavaThread "jar transforms Thread 26" [_thread_blocked, id=11180, stack(0x0000007117600000,0x0000007117700000)]
  0x0000024b263bb000 JavaThread "jar transforms Thread 27" [_thread_blocked, id=8960, stack(0x0000007117700000,0x0000007117800000)]
  0x0000024b263b5800 JavaThread "jar transforms Thread 28" [_thread_blocked, id=5868, stack(0x0000007117800000,0x0000007117900000)]
  0x0000024b263bc000 JavaThread "jar transforms Thread 29" [_thread_blocked, id=11012, stack(0x0000007117900000,0x0000007117a00000)]
  0x0000024b27aa7000 JavaThread "jar transforms Thread 30" [_thread_blocked, id=9392, stack(0x0000007117a00000,0x0000007117b00000)]
  0x0000024b27aa8000 JavaThread "jar transforms Thread 31" [_thread_blocked, id=11112, stack(0x0000007117b00000,0x0000007117c00000)]
  0x0000024b27aa3000 JavaThread "jar transforms Thread 32" [_thread_blocked, id=6000, stack(0x0000007117c00000,0x0000007117d00000)]
  0x0000024b27aa4000 JavaThread "jar transforms Thread 33" [_thread_blocked, id=8312, stack(0x0000007117d00000,0x0000007117e00000)]
  0x0000024b27aa4800 JavaThread "jar transforms Thread 34" [_thread_blocked, id=1260, stack(0x0000007117e00000,0x0000007117f00000)]
  0x0000024b27aa5800 JavaThread "jar transforms Thread 35" [_thread_blocked, id=2784, stack(0x0000007117f00000,0x0000007118000000)]
  0x0000024b27aa2000 JavaThread "jar transforms Thread 36" [_thread_blocked, id=7492, stack(0x0000007118000000,0x0000007118100000)]
  0x0000024b27aaa800 JavaThread "jar transforms Thread 37" [_thread_blocked, id=8160, stack(0x0000007118100000,0x0000007118200000)]
  0x0000024b27aab000 JavaThread "jar transforms Thread 38" [_thread_blocked, id=1908, stack(0x0000007118200000,0x0000007118300000)]
  0x0000024b27aa8800 JavaThread "jar transforms Thread 39" [_thread_blocked, id=6984, stack(0x0000007118300000,0x0000007118400000)]
  0x0000024b27aa9800 JavaThread "jar transforms Thread 40" [_thread_blocked, id=3856, stack(0x0000007118400000,0x0000007118500000)]
  0x0000024b27aac000 JavaThread "jar transforms Thread 41" [_thread_blocked, id=7360, stack(0x0000007118500000,0x0000007118600000)]
  0x0000024b27aa6000 JavaThread "jar transforms Thread 42" [_thread_blocked, id=2388, stack(0x0000007118600000,0x0000007118700000)]
  0x0000024b27aae800 JavaThread "jar transforms Thread 43" [_thread_blocked, id=10704, stack(0x0000007118700000,0x0000007118800000)]
  0x0000024b27ab0000 JavaThread "jar transforms Thread 44" [_thread_blocked, id=7920, stack(0x0000007118800000,0x0000007118900000)]
  0x0000024b27aad000 JavaThread "jar transforms Thread 45" [_thread_blocked, id=6884, stack(0x0000007118900000,0x0000007118a00000)]
  0x0000024b27ab1000 JavaThread "jar transforms Thread 46" [_thread_blocked, id=6476, stack(0x0000007118a00000,0x0000007118b00000)]
  0x0000024b27aad800 JavaThread "jar transforms Thread 47" [_thread_blocked, id=6996, stack(0x0000007118b00000,0x0000007118c00000)]
  0x0000024b27aaf000 JavaThread "jar transforms Thread 48" [_thread_blocked, id=6396, stack(0x0000007118c00000,0x0000007118d00000)]
  0x0000024b27e00000 JavaThread "jar transforms Thread 49" [_thread_blocked, id=8884, stack(0x0000007118d00000,0x0000007118e00000)]
  0x0000024b27e01000 JavaThread "jar transforms Thread 50" [_thread_blocked, id=8692, stack(0x0000007118e00000,0x0000007118f00000)]
  0x0000024b27dfd000 JavaThread "jar transforms Thread 51" [_thread_blocked, id=8336, stack(0x0000007118f00000,0x0000007119000000)]
  0x0000024b27dfb800 JavaThread "jar transforms Thread 52" [_thread_blocked, id=5620, stack(0x0000007119000000,0x0000007119100000)]
  0x0000024b27e02000 JavaThread "jar transforms Thread 53" [_thread_blocked, id=9180, stack(0x0000007119100000,0x0000007119200000)]
  0x0000024b27dfc000 JavaThread "jar transforms Thread 54" [_thread_blocked, id=7344, stack(0x0000007119200000,0x0000007119300000)]
  0x0000024b27e02800 JavaThread "jar transforms Thread 55" [_thread_blocked, id=7564, stack(0x0000007119300000,0x0000007119400000)]
  0x0000024b27e03800 JavaThread "jar transforms Thread 56" [_thread_blocked, id=6424, stack(0x0000007119400000,0x0000007119500000)]
  0x0000024b27dfd800 JavaThread "jar transforms Thread 57" [_thread_blocked, id=5164, stack(0x0000007119500000,0x0000007119600000)]
  0x0000024b27e04800 JavaThread "jar transforms Thread 58" [_thread_blocked, id=9488, stack(0x0000007119600000,0x0000007119700000)]
  0x0000024b27dfe800 JavaThread "jar transforms Thread 59" [_thread_blocked, id=2332, stack(0x0000007119700000,0x0000007119800000)]
  0x0000024b27e05000 JavaThread "jar transforms Thread 60" [_thread_blocked, id=6804, stack(0x0000007119800000,0x0000007119900000)]
  0x0000024b27dff800 JavaThread "jar transforms Thread 61" [_thread_blocked, id=7828, stack(0x0000007119900000,0x0000007119a00000)]
  0x0000024b27e09000 JavaThread "jar transforms Thread 62" [_thread_blocked, id=8360, stack(0x0000007119a00000,0x0000007119b00000)]
  0x0000024b27e06000 JavaThread "jar transforms Thread 63" [_thread_blocked, id=1656, stack(0x0000007119b00000,0x0000007119c00000)]
  0x0000024b27e06800 JavaThread "jar transforms Thread 64" [_thread_blocked, id=4248, stack(0x0000007119c00000,0x0000007119d00000)]
  0x0000024b27e07800 JavaThread "jar transforms Thread 65" [_thread_blocked, id=5716, stack(0x0000007119d00000,0x0000007119e00000)]
  0x0000024b27e08800 JavaThread "jar transforms Thread 66" [_thread_blocked, id=4836, stack(0x0000007119e00000,0x0000007119f00000)]
  0x0000024b27e0a000 JavaThread "jar transforms Thread 67" [_thread_blocked, id=6848, stack(0x0000007119f00000,0x000000711a000000)]
  0x0000024b26036800 JavaThread "jar transforms Thread 68" [_thread_blocked, id=4952, stack(0x000000711a000000,0x000000711a100000)]
  0x0000024b26034800 JavaThread "jar transforms Thread 69" [_thread_blocked, id=6528, stack(0x000000711a100000,0x000000711a200000)]
  0x0000024b2603a000 JavaThread "jar transforms Thread 70" [_thread_blocked, id=8380, stack(0x000000711a200000,0x000000711a300000)]
  0x0000024b26037800 JavaThread "jar transforms Thread 71" [_thread_blocked, id=5636, stack(0x000000711a300000,0x000000711a400000)]
  0x0000024b26038800 JavaThread "jar transforms Thread 72" [_thread_blocked, id=8972, stack(0x000000711a400000,0x000000711a500000)]
  0x0000024b26039000 JavaThread "jar transforms Thread 73" [_thread_blocked, id=2124, stack(0x000000711a500000,0x000000711a600000)]
  0x0000024b2603b000 JavaThread "jar transforms Thread 74" [_thread_blocked, id=2772, stack(0x000000711a600000,0x000000711a700000)]
  0x0000024b26035000 JavaThread "jar transforms Thread 75" [_thread_blocked, id=2836, stack(0x000000711a700000,0x000000711a800000)]
  0x0000024b2603b800 JavaThread "jar transforms Thread 76" [_thread_blocked, id=1688, stack(0x000000711a800000,0x000000711a900000)]
  0x0000024b26036000 JavaThread "jar transforms Thread 77" [_thread_blocked, id=11084, stack(0x000000711a900000,0x000000711aa00000)]
  0x0000024b2603e000 JavaThread "jar transforms Thread 78" [_thread_blocked, id=9872, stack(0x000000711aa00000,0x000000711ab00000)]
  0x0000024b26040800 JavaThread "jar transforms Thread 79" [_thread_blocked, id=9184, stack(0x000000711ab00000,0x000000711ac00000)]
  0x0000024b2603f000 JavaThread "jar transforms Thread 80" [_thread_blocked, id=3148, stack(0x000000711ac00000,0x000000711ad00000)]
  0x0000024b26041800 JavaThread "jar transforms Thread 81" [_thread_blocked, id=9752, stack(0x000000711ad00000,0x000000711ae00000)]
  0x0000024b2603d800 JavaThread "jar transforms Thread 82" [_thread_blocked, id=10104, stack(0x000000711ae00000,0x000000711af00000)]
  0x0000024b2603f800 JavaThread "jar transforms Thread 83" [_thread_blocked, id=6344, stack(0x000000711af00000,0x000000711b000000)]
  0x0000024b26042000 JavaThread "jar transforms Thread 84" [_thread_blocked, id=1296, stack(0x000000711b000000,0x000000711b100000)]
  0x0000024b2603c800 JavaThread "jar transforms Thread 85" [_thread_blocked, id=11048, stack(0x000000711b100000,0x000000711b200000)]
  0x0000024b26043000 JavaThread "jar transforms Thread 86" [_thread_blocked, id=3432, stack(0x000000711b200000,0x000000711b300000)]
  0x0000024b25fb8800 JavaThread "jar transforms Thread 87" [_thread_blocked, id=9352, stack(0x000000711b300000,0x000000711b400000)]
  0x0000024b25fba000 JavaThread "jar transforms Thread 88" [_thread_blocked, id=10260, stack(0x000000711b400000,0x000000711b500000)]
  0x0000024b25fb9000 JavaThread "jar transforms Thread 89" [_thread_blocked, id=4648, stack(0x000000711b500000,0x000000711b600000)]
  0x0000024b25fbb000 JavaThread "jar transforms Thread 90" [_thread_blocked, id=7336, stack(0x000000711b600000,0x000000711b700000)]
  0x0000024b25fbb800 JavaThread "jar transforms Thread 91" [_thread_blocked, id=4308, stack(0x000000711b700000,0x000000711b800000)]
  0x0000024b25fb6000 JavaThread "jar transforms Thread 92" [_thread_blocked, id=2864, stack(0x000000711b800000,0x000000711b900000)]
  0x0000024b25fbc800 JavaThread "jar transforms Thread 93" [_thread_blocked, id=10600, stack(0x000000711b900000,0x000000711ba00000)]
  0x0000024b25fb7000 JavaThread "jar transforms Thread 94" [_thread_blocked, id=8952, stack(0x000000711ba00000,0x000000711bb00000)]
  0x0000024b25fbd800 JavaThread "jar transforms Thread 95" [_thread_blocked, id=4272, stack(0x000000711bb00000,0x000000711bc00000)]
  0x0000024b25fb7800 JavaThread "jar transforms Thread 96" [_thread_blocked, id=10624, stack(0x000000711bc00000,0x000000711bd00000)]
  0x0000024b25fc2000 JavaThread "jar transforms Thread 97" [_thread_blocked, id=836, stack(0x000000711bd00000,0x000000711be00000)]
  0x0000024b25fc3000 JavaThread "jar transforms Thread 98" [_thread_blocked, id=9844, stack(0x000000711be00000,0x000000711bf00000)]
  0x0000024b25fbe000 JavaThread "jar transforms Thread 99" [_thread_blocked, id=8736, stack(0x000000711bf00000,0x000000711c000000)]
  0x0000024b25fc4800 JavaThread "jar transforms Thread 100" [_thread_blocked, id=1320, stack(0x000000711c000000,0x000000711c100000)]
  0x0000024b25fc4000 JavaThread "jar transforms Thread 101" [_thread_blocked, id=8580, stack(0x000000711c100000,0x000000711c200000)]
  0x0000024b25fbf800 JavaThread "jar transforms Thread 102" [_thread_blocked, id=2640, stack(0x000000711c200000,0x000000711c300000)]
  0x0000024b25fbf000 JavaThread "jar transforms Thread 103" [_thread_blocked, id=10832, stack(0x000000711c300000,0x000000711c400000)]
  0x0000024b25fc1800 JavaThread "jar transforms Thread 104" [_thread_blocked, id=9668, stack(0x000000711c400000,0x000000711c500000)]
  0x0000024b25fc0800 JavaThread "jar transforms Thread 105" [_thread_blocked, id=956, stack(0x000000711c500000,0x000000711c600000)]
  0x0000024b241a1800 JavaThread "jar transforms Thread 106" [_thread_blocked, id=3752, stack(0x000000711c600000,0x000000711c700000)]
  0x0000024b241a2800 JavaThread "jar transforms Thread 107" [_thread_blocked, id=4760, stack(0x000000711c700000,0x000000711c800000)]
  0x0000024b241a3000 JavaThread "jar transforms Thread 108" [_thread_blocked, id=3444, stack(0x000000711c800000,0x000000711c900000)]
  0x0000024b241a5000 JavaThread "jar transforms Thread 109" [_thread_blocked, id=8996, stack(0x000000711c900000,0x000000711ca00000)]
  0x0000024b241a4000 JavaThread "jar transforms Thread 110" [_thread_blocked, id=6272, stack(0x000000711ca00000,0x000000711cb00000)]
  0x0000024b2419f000 JavaThread "jar transforms Thread 111" [_thread_blocked, id=536, stack(0x000000711cb00000,0x000000711cc00000)]
  0x0000024b241a5800 JavaThread "jar transforms Thread 112" [_thread_blocked, id=8732, stack(0x000000711cc00000,0x000000711cd00000)]
  0x0000024b241a0800 JavaThread "jar transforms Thread 113" [_thread_blocked, id=9132, stack(0x000000711cd00000,0x000000711ce00000)]
  0x0000024b241a0000 JavaThread "jar transforms Thread 114" [_thread_blocked, id=1436, stack(0x000000711ce00000,0x000000711cf00000)]
  0x0000024b241a9800 JavaThread "jar transforms Thread 115" [_thread_blocked, id=260, stack(0x000000711cf00000,0x000000711d000000)]
  0x0000024b241a6800 JavaThread "jar transforms Thread 116" [_thread_blocked, id=7292, stack(0x000000711d000000,0x000000711d100000)]
  0x0000024b241a9000 JavaThread "pool-1-thread-1" [_thread_blocked, id=1264, stack(0x000000711d100000,0x000000711d200000)]
  0x0000024b241ad000 JavaThread "Memory manager" [_thread_blocked, id=8524, stack(0x000000711d200000,0x000000711d300000)]
=>0x0000024b294f3800 JavaThread "C2 CompilerThread1" daemon [_thread_in_native, id=820, stack(0x0000007115100000,0x0000007115200000)]
  0x0000024b241a7000 JavaThread "build event listener" [_thread_blocked, id=11036, stack(0x000000711d300000,0x000000711d400000)]

Other Threads:
  0x0000024b22cdb800 VMThread "VM Thread" [stack: 0x0000007113400000,0x0000007113500000] [id=7172]
  0x0000024b2381c000 WatcherThread [stack: 0x0000007113e00000,0x0000007113f00000] [id=9884]
  0x0000024b0a448800 GCTaskThread "GC Thread#0" [stack: 0x0000007112f00000,0x0000007113000000] [id=1492]
  0x0000024b24001000 GCTaskThread "GC Thread#1" [stack: 0x0000007114000000,0x0000007114100000] [id=8236]
  0x0000024b23af3800 GCTaskThread "GC Thread#2" [stack: 0x0000007114100000,0x0000007114200000] [id=11228]
  0x0000024b25042000 GCTaskThread "GC Thread#3" [stack: 0x0000007114d00000,0x0000007114e00000] [id=1784]
  0x0000024b0a46e000 ConcurrentGCThread "G1 Main Marker" [stack: 0x0000007113000000,0x0000007113100000] [id=8704]
  0x0000024b0a471000 ConcurrentGCThread "G1 Conc#0" [stack: 0x0000007113100000,0x0000007113200000] [id=9328]
  0x0000024b0a500800 ConcurrentGCThread "G1 Refine#0" [stack: 0x0000007113200000,0x0000007113300000] [id=9832]
  0x0000024b0a502000 ConcurrentGCThread "G1 Young RemSet Sampling" [stack: 0x0000007113300000,0x0000007113400000] [id=3732]

Threads with active compile tasks:
C2 CompilerThread0  13552 6338       4       sun.invoke.util.BytecodeDescriptor::unparseSig (91 bytes)
C2 CompilerThread1  13552 6339       4       java.lang.String::replace (42 bytes)

VM state:at safepoint (normal execution)

VM Mutex/Monitor currently owned by a thread:  ([mutex/lock_event])
[0x0000024b0a42c6f0] Threads_lock - owner thread: 0x0000024b22cdb800
[0x0000024b0a42cb70] Heap_lock - owner thread: 0x0000024b24f74000

Heap address: 0x00000000a0000000, size: 1536 MB, Compressed Oops mode: 32-bit
Narrow klass base: 0x0000000000000000, Narrow klass shift: 3
Compressed class space size: 1073741824 Address: 0x0000000100000000

Heap:
 garbage-first heap   total 155648K, used 58863K [0x00000000a0000000, 0x0000000100000000)
  region size 1024K, 2 young (2048K), 2 survivors (2048K)
 Metaspace       used 65080K, capacity 66813K, committed 66944K, reserved 1107968K
  class space    used 8221K, capacity 8822K, committed 8832K, reserved 1048576K
Heap Regions: E=young(eden), S=young(survivor), O=old, HS=humongous(starts), HC=humongous(continues), CS=collection set, F=free, A=archive, TAMS=top-at-mark-start (previous, next)
|   0|0x00000000a0000000, 0x00000000a0100000, 0x00000000a0100000|100%| O|  |TAMS 0x00000000a0100000, 0x00000000a0100000| Untracked 
|   1|0x00000000a0100000, 0x00000000a0200000, 0x00000000a0200000|100%| O|  |TAMS 0x00000000a0200000, 0x00000000a0200000| Untracked 
|   2|0x00000000a0200000, 0x00000000a0300000, 0x00000000a0300000|100%| O|  |TAMS 0x00000000a0300000, 0x00000000a0300000| Untracked 
|   3|0x00000000a0300000, 0x00000000a0400000, 0x00000000a0400000|100%|HS|  |TAMS 0x00000000a0400000, 0x00000000a0400000| Complete 
|   4|0x00000000a0400000, 0x00000000a0500000, 0x00000000a0500000|100%|HC|  |TAMS 0x00000000a0500000, 0x00000000a0500000| Complete 
|   5|0x00000000a0500000, 0x00000000a0600000, 0x00000000a0600000|100%|HC|  |TAMS 0x00000000a0600000, 0x00000000a0600000| Complete 
|   6|0x00000000a0600000, 0x00000000a0700000, 0x00000000a0700000|100%| O|  |TAMS 0x00000000a0700000, 0x00000000a0700000| Untracked 
|   7|0x00000000a0700000, 0x00000000a0800000, 0x00000000a0800000|100%| O|  |TAMS 0x00000000a0800000, 0x00000000a0800000| Untracked 
|   8|0x00000000a0800000, 0x00000000a0900000, 0x00000000a0900000|100%| O|  |TAMS 0x00000000a0900000, 0x00000000a0900000| Untracked 
|   9|0x00000000a0900000, 0x00000000a0a00000, 0x00000000a0a00000|100%| O|  |TAMS 0x00000000a0a00000, 0x00000000a0a00000| Untracked 
|  10|0x00000000a0a00000, 0x00000000a0b00000, 0x00000000a0b00000|100%| O|  |TAMS 0x00000000a0b00000, 0x00000000a0b00000| Untracked 
|  11|0x00000000a0b00000, 0x00000000a0c00000, 0x00000000a0c00000|100%| O|  |TAMS 0x00000000a0c00000, 0x00000000a0c00000| Untracked 
|  12|0x00000000a0c00000, 0x00000000a0d00000, 0x00000000a0d00000|100%| O|  |TAMS 0x00000000a0d00000, 0x00000000a0d00000| Untracked 
|  13|0x00000000a0d00000, 0x00000000a0e00000, 0x00000000a0e00000|100%| O|  |TAMS 0x00000000a0d00000, 0x00000000a0e00000| Untracked 
|  14|0x00000000a0e00000, 0x00000000a0f00000, 0x00000000a0f00000|100%| O|  |TAMS 0x00000000a0e00000, 0x00000000a0f00000| Untracked 
|  15|0x00000000a0f00000, 0x00000000a1000000, 0x00000000a1000000|100%| O|  |TAMS 0x00000000a0f00000, 0x00000000a1000000| Untracked 
|  16|0x00000000a1000000, 0x00000000a1100000, 0x00000000a1100000|100%| O|  |TAMS 0x00000000a1100000, 0x00000000a1100000| Untracked 
|  17|0x00000000a1100000, 0x00000000a1200000, 0x00000000a1200000|100%| O|  |TAMS 0x00000000a1200000, 0x00000000a1200000| Untracked 
|  18|0x00000000a1200000, 0x00000000a1300000, 0x00000000a1300000|100%| O|  |TAMS 0x00000000a1300000, 0x00000000a1300000| Untracked 
|  19|0x00000000a1300000, 0x00000000a1400000, 0x00000000a1400000|100%| O|  |TAMS 0x00000000a1400000, 0x00000000a1400000| Untracked 
|  20|0x00000000a1400000, 0x00000000a1500000, 0x00000000a1500000|100%| O|  |TAMS 0x00000000a14a8a00, 0x00000000a1500000| Untracked 
|  21|0x00000000a1500000, 0x00000000a1600000, 0x00000000a1600000|100%| O|  |TAMS 0x00000000a1500000, 0x00000000a1600000| Untracked 
|  22|0x00000000a1600000, 0x00000000a1700000, 0x00000000a1700000|100%|HS|  |TAMS 0x00000000a1600000, 0x00000000a1700000| Complete 
|  23|0x00000000a1700000, 0x00000000a1800000, 0x00000000a1800000|100%|HS|  |TAMS 0x00000000a1700000, 0x00000000a1800000| Complete 
|  24|0x00000000a1800000, 0x00000000a1900000, 0x00000000a1900000|100%|HS|  |TAMS 0x00000000a1800000, 0x00000000a1900000| Complete 
|  25|0x00000000a1900000, 0x00000000a1a00000, 0x00000000a1a00000|100%|HC|  |TAMS 0x00000000a1900000, 0x00000000a1a00000| Complete 
|  26|0x00000000a1a00000, 0x00000000a1b00000, 0x00000000a1b00000|100%|HC|  |TAMS 0x00000000a1a00000, 0x00000000a1b00000| Complete 
|  27|0x00000000a1b00000, 0x00000000a1c00000, 0x00000000a1c00000|100%|HS|  |TAMS 0x00000000a1b00000, 0x00000000a1c00000| Complete 
|  28|0x00000000a1c00000, 0x00000000a1d00000, 0x00000000a1d00000|100%|HC|  |TAMS 0x00000000a1c00000, 0x00000000a1d00000| Complete 
|  29|0x00000000a1d00000, 0x00000000a1e00000, 0x00000000a1e00000|100%| O|  |TAMS 0x00000000a1d00000, 0x00000000a1e00000| Untracked 
|  30|0x00000000a1e00000, 0x00000000a1f00000, 0x00000000a1f00000|100%| O|  |TAMS 0x00000000a1e00000, 0x00000000a1f00000| Untracked 
|  31|0x00000000a1f00000, 0x00000000a2000000, 0x00000000a2000000|100%| O|  |TAMS 0x00000000a1f00000, 0x00000000a2000000| Untracked 
|  32|0x00000000a2000000, 0x00000000a2100000, 0x00000000a2100000|100%| O|  |TAMS 0x00000000a2000000, 0x00000000a2100000| Untracked 
|  33|0x00000000a2100000, 0x00000000a2200000, 0x00000000a2200000|100%| O|  |TAMS 0x00000000a2100000, 0x00000000a2200000| Untracked 
|  34|0x00000000a2200000, 0x00000000a2300000, 0x00000000a2300000|100%| O|  |TAMS 0x00000000a2200000, 0x00000000a2300000| Untracked 
|  35|0x00000000a2300000, 0x00000000a2400000, 0x00000000a2400000|100%| O|  |TAMS 0x00000000a2300000, 0x00000000a2400000| Untracked 
|  36|0x00000000a2400000, 0x00000000a2500000, 0x00000000a2500000|100%| O|  |TAMS 0x00000000a2400000, 0x00000000a2500000| Untracked 
|  37|0x00000000a2500000, 0x00000000a2600000, 0x00000000a2600000|100%| O|  |TAMS 0x00000000a2500000, 0x00000000a2600000| Untracked 
|  38|0x00000000a2600000, 0x00000000a2700000, 0x00000000a2700000|100%| O|  |TAMS 0x00000000a2600000, 0x00000000a2700000| Untracked 
|  39|0x00000000a2700000, 0x00000000a2800000, 0x00000000a2800000|100%| O|  |TAMS 0x00000000a2700000, 0x00000000a2800000| Untracked 
|  40|0x00000000a2800000, 0x00000000a2900000, 0x00000000a2900000|100%| O|  |TAMS 0x00000000a2800000, 0x00000000a2900000| Untracked 
|  41|0x00000000a2900000, 0x00000000a2a00000, 0x00000000a2a00000|100%| O|  |TAMS 0x00000000a2900000, 0x00000000a2a00000| Untracked 
|  42|0x00000000a2a00000, 0x00000000a2b00000, 0x00000000a2b00000|100%| O|  |TAMS 0x00000000a2a00000, 0x00000000a2b00000| Untracked 
|  43|0x00000000a2b00000, 0x00000000a2c00000, 0x00000000a2c00000|100%| O|  |TAMS 0x00000000a2b00000, 0x00000000a2c00000| Untracked 
|  44|0x00000000a2c00000, 0x00000000a2d00000, 0x00000000a2d00000|100%| O|  |TAMS 0x00000000a2c00000, 0x00000000a2d00000| Untracked 
|  45|0x00000000a2d00000, 0x00000000a2e00000, 0x00000000a2e00000|100%| O|  |TAMS 0x00000000a2d00000, 0x00000000a2e00000| Untracked 
|  46|0x00000000a2e00000, 0x00000000a2f00000, 0x00000000a2f00000|100%| O|  |TAMS 0x00000000a2e00000, 0x00000000a2f00000| Untracked 
|  47|0x00000000a2f00000, 0x00000000a3000000, 0x00000000a3000000|100%| O|  |TAMS 0x00000000a2f00000, 0x00000000a3000000| Untracked 
|  48|0x00000000a3000000, 0x00000000a3100000, 0x00000000a3100000|100%| O|  |TAMS 0x00000000a3000000, 0x00000000a3100000| Untracked 
|  49|0x00000000a3100000, 0x00000000a3200000, 0x00000000a3200000|100%| O|  |TAMS 0x00000000a3100000, 0x00000000a3200000| Untracked 
|  50|0x00000000a3200000, 0x00000000a3300000, 0x00000000a3300000|100%| O|  |TAMS 0x00000000a3200000, 0x00000000a3300000| Untracked 
|  51|0x00000000a3300000, 0x00000000a3400000, 0x00000000a3400000|100%| O|  |TAMS 0x00000000a3300000, 0x00000000a3400000| Untracked 
|  52|0x00000000a3400000, 0x00000000a3500000, 0x00000000a3500000|100%| O|  |TAMS 0x00000000a3400000, 0x00000000a3500000| Untracked 
|  53|0x00000000a3500000, 0x00000000a3600000, 0x00000000a3600000|100%| O|  |TAMS 0x00000000a3500000, 0x00000000a3600000| Untracked 
|  54|0x00000000a3600000, 0x00000000a3700000, 0x00000000a3700000|100%| O|  |TAMS 0x00000000a3600000, 0x00000000a3700000| Untracked 
|  55|0x00000000a3700000, 0x00000000a3800000, 0x00000000a3800000|100%| O|  |TAMS 0x00000000a3700000, 0x00000000a3800000| Untracked 
|  56|0x00000000a3800000, 0x00000000a381c000, 0x00000000a3900000| 10%| O|  |TAMS 0x00000000a3800000, 0x00000000a381c000| Untracked 
|  57|0x00000000a3900000, 0x00000000a3900000, 0x00000000a3a00000|  0%| F|  |TAMS 0x00000000a3900000, 0x00000000a3900000| Untracked 
|  58|0x00000000a3a00000, 0x00000000a3a00000, 0x00000000a3b00000|  0%| F|  |TAMS 0x00000000a3a00000, 0x00000000a3a00000| Untracked 
|  59|0x00000000a3b00000, 0x00000000a3b00000, 0x00000000a3c00000|  0%| F|  |TAMS 0x00000000a3b00000, 0x00000000a3b00000| Untracked 
|  60|0x00000000a3c00000, 0x00000000a3c00000, 0x00000000a3d00000|  0%| F|  |TAMS 0x00000000a3c00000, 0x00000000a3c00000| Untracked 
|  61|0x00000000a3d00000, 0x00000000a3d00000, 0x00000000a3e00000|  0%| F|  |TAMS 0x00000000a3d00000, 0x00000000a3d00000| Untracked 
|  62|0x00000000a3e00000, 0x00000000a3e00000, 0x00000000a3f00000|  0%| F|  |TAMS 0x00000000a3e00000, 0x00000000a3e00000| Untracked 
|  63|0x00000000a3f00000, 0x00000000a3f00000, 0x00000000a4000000|  0%| F|  |TAMS 0x00000000a3f00000, 0x00000000a3f00000| Untracked 
|  64|0x00000000a4000000, 0x00000000a4000000, 0x00000000a4100000|  0%| F|  |TAMS 0x00000000a4000000, 0x00000000a4000000| Untracked 
|  65|0x00000000a4100000, 0x00000000a4100000, 0x00000000a4200000|  0%| F|  |TAMS 0x00000000a4100000, 0x00000000a4100000| Untracked 
|  66|0x00000000a4200000, 0x00000000a4200000, 0x00000000a4300000|  0%| F|  |TAMS 0x00000000a4200000, 0x00000000a4200000| Untracked 
|  67|0x00000000a4300000, 0x00000000a4300000, 0x00000000a4400000|  0%| F|  |TAMS 0x00000000a4300000, 0x00000000a4300000| Untracked 
|  68|0x00000000a4400000, 0x00000000a4400000, 0x00000000a4500000|  0%| F|  |TAMS 0x00000000a4400000, 0x00000000a4400000| Untracked 
|  69|0x00000000a4500000, 0x00000000a4500000, 0x00000000a4600000|  0%| F|  |TAMS 0x00000000a4500000, 0x00000000a4500000| Untracked 
|  70|0x00000000a4600000, 0x00000000a4600000, 0x00000000a4700000|  0%| F|  |TAMS 0x00000000a4600000, 0x00000000a4600000| Untracked 
|  71|0x00000000a4700000, 0x00000000a4700000, 0x00000000a4800000|  0%| F|  |TAMS 0x00000000a4700000, 0x00000000a4700000| Untracked 
|  72|0x00000000a4800000, 0x00000000a4800000, 0x00000000a4900000|  0%| F|  |TAMS 0x00000000a4800000, 0x00000000a4800000| Untracked 
|  73|0x00000000a4900000, 0x00000000a4900000, 0x00000000a4a00000|  0%| F|  |TAMS 0x00000000a4900000, 0x00000000a4900000| Untracked 
|  74|0x00000000a4a00000, 0x00000000a4a00000, 0x00000000a4b00000|  0%| F|  |TAMS 0x00000000a4a00000, 0x00000000a4a00000| Untracked 
|  75|0x00000000a4b00000, 0x00000000a4b00000, 0x00000000a4c00000|  0%| F|  |TAMS 0x00000000a4b00000, 0x00000000a4b00000| Untracked 
|  76|0x00000000a4c00000, 0x00000000a4c00000, 0x00000000a4d00000|  0%| F|  |TAMS 0x00000000a4c00000, 0x00000000a4c00000| Untracked 
|  77|0x00000000a4d00000, 0x00000000a4d00000, 0x00000000a4e00000|  0%| F|  |TAMS 0x00000000a4d00000, 0x00000000a4d00000| Untracked 
|  78|0x00000000a4e00000, 0x00000000a4e00000, 0x00000000a4f00000|  0%| F|  |TAMS 0x00000000a4e00000, 0x00000000a4e00000| Untracked 
|  79|0x00000000a4f00000, 0x00000000a4f00000, 0x00000000a5000000|  0%| F|  |TAMS 0x00000000a4f00000, 0x00000000a4f00000| Untracked 
|  80|0x00000000a5000000, 0x00000000a5000000, 0x00000000a5100000|  0%| F|  |TAMS 0x00000000a5000000, 0x00000000a5000000| Untracked 
|  81|0x00000000a5100000, 0x00000000a5100000, 0x00000000a5200000|  0%| F|  |TAMS 0x00000000a5100000, 0x00000000a5100000| Untracked 
|  82|0x00000000a5200000, 0x00000000a5200000, 0x00000000a5300000|  0%| F|  |TAMS 0x00000000a5200000, 0x00000000a5200000| Untracked 
|  83|0x00000000a5300000, 0x00000000a5300000, 0x00000000a5400000|  0%| F|  |TAMS 0x00000000a5300000, 0x00000000a5300000| Untracked 
|  84|0x00000000a5400000, 0x00000000a5400000, 0x00000000a5500000|  0%| F|  |TAMS 0x00000000a5400000, 0x00000000a5400000| Untracked 
|  85|0x00000000a5500000, 0x00000000a5500000, 0x00000000a5600000|  0%| F|  |TAMS 0x00000000a5500000, 0x00000000a5500000| Untracked 
|  86|0x00000000a5600000, 0x00000000a5600000, 0x00000000a5700000|  0%| F|  |TAMS 0x00000000a5600000, 0x00000000a5600000| Untracked 
|  87|0x00000000a5700000, 0x00000000a5700000, 0x00000000a5800000|  0%| F|  |TAMS 0x00000000a5700000, 0x00000000a5700000| Untracked 
|  88|0x00000000a5800000, 0x00000000a5800000, 0x00000000a5900000|  0%| F|  |TAMS 0x00000000a5800000, 0x00000000a5800000| Untracked 
|  89|0x00000000a5900000, 0x00000000a5900000, 0x00000000a5a00000|  0%| F|  |TAMS 0x00000000a5900000, 0x00000000a5900000| Untracked 
|  90|0x00000000a5a00000, 0x00000000a5a00000, 0x00000000a5b00000|  0%| F|  |TAMS 0x00000000a5a00000, 0x00000000a5a00000| Untracked 
|  91|0x00000000a5b00000, 0x00000000a5b00000, 0x00000000a5c00000|  0%| F|  |TAMS 0x00000000a5b00000, 0x00000000a5b00000| Untracked 
|  92|0x00000000a5c00000, 0x00000000a5c00000, 0x00000000a5d00000|  0%| F|  |TAMS 0x00000000a5c00000, 0x00000000a5c00000| Untracked 
|  93|0x00000000a5d00000, 0x00000000a5d00000, 0x00000000a5e00000|  0%| F|  |TAMS 0x00000000a5d00000, 0x00000000a5d00000| Untracked 
|  94|0x00000000a5e00000, 0x00000000a5e00000, 0x00000000a5f00000|  0%| F|  |TAMS 0x00000000a5e00000, 0x00000000a5e00000| Untracked 
|  95|0x00000000a5f00000, 0x00000000a5f00000, 0x00000000a6000000|  0%| F|  |TAMS 0x00000000a5f00000, 0x00000000a5f00000| Untracked 
|  96|0x00000000a6000000, 0x00000000a6000000, 0x00000000a6100000|  0%| F|  |TAMS 0x00000000a6000000, 0x00000000a6000000| Untracked 
|  97|0x00000000a6100000, 0x00000000a6100000, 0x00000000a6200000|  0%| F|  |TAMS 0x00000000a6100000, 0x00000000a6100000| Untracked 
|  98|0x00000000a6200000, 0x00000000a6200000, 0x00000000a6300000|  0%| F|  |TAMS 0x00000000a6200000, 0x00000000a6200000| Untracked 
|  99|0x00000000a6300000, 0x00000000a6300000, 0x00000000a6400000|  0%| F|  |TAMS 0x00000000a6300000, 0x00000000a6300000| Untracked 
| 100|0x00000000a6400000, 0x00000000a6400000, 0x00000000a6500000|  0%| F|  |TAMS 0x00000000a6400000, 0x00000000a6400000| Untracked 
| 101|0x00000000a6500000, 0x00000000a6500000, 0x00000000a6600000|  0%| F|  |TAMS 0x00000000a6500000, 0x00000000a6500000| Untracked 
| 102|0x00000000a6600000, 0x00000000a6600000, 0x00000000a6700000|  0%| F|  |TAMS 0x00000000a6600000, 0x00000000a6600000| Untracked 
| 103|0x00000000a6700000, 0x00000000a6700000, 0x00000000a6800000|  0%| F|  |TAMS 0x00000000a6700000, 0x00000000a6700000| Untracked 
| 104|0x00000000a6800000, 0x00000000a6800000, 0x00000000a6900000|  0%| F|  |TAMS 0x00000000a6800000, 0x00000000a6800000| Untracked 
| 105|0x00000000a6900000, 0x00000000a6900000, 0x00000000a6a00000|  0%| F|  |TAMS 0x00000000a6900000, 0x00000000a6900000| Untracked 
| 106|0x00000000a6a00000, 0x00000000a6a00000, 0x00000000a6b00000|  0%| F|  |TAMS 0x00000000a6a00000, 0x00000000a6a00000| Untracked 
| 107|0x00000000a6b00000, 0x00000000a6b00000, 0x00000000a6c00000|  0%| F|  |TAMS 0x00000000a6b00000, 0x00000000a6b00000| Untracked 
| 108|0x00000000a6c00000, 0x00000000a6c00000, 0x00000000a6d00000|  0%| F|  |TAMS 0x00000000a6c00000, 0x00000000a6c00000| Untracked 
| 109|0x00000000a6d00000, 0x00000000a6d00000, 0x00000000a6e00000|  0%| F|  |TAMS 0x00000000a6d00000, 0x00000000a6d00000| Untracked 
| 110|0x00000000a6e00000, 0x00000000a6e00000, 0x00000000a6f00000|  0%| F|  |TAMS 0x00000000a6e00000, 0x00000000a6e00000| Untracked 
| 111|0x00000000a6f00000, 0x00000000a6f00000, 0x00000000a7000000|  0%| F|  |TAMS 0x00000000a6f00000, 0x00000000a6f00000| Untracked 
| 112|0x00000000a7000000, 0x00000000a7000000, 0x00000000a7100000|  0%| F|  |TAMS 0x00000000a7000000, 0x00000000a7000000| Untracked 
| 113|0x00000000a7100000, 0x00000000a7100000, 0x00000000a7200000|  0%| F|  |TAMS 0x00000000a7100000, 0x00000000a7100000| Untracked 
| 114|0x00000000a7200000, 0x00000000a7200000, 0x00000000a7300000|  0%| F|  |TAMS 0x00000000a7200000, 0x00000000a7200000| Untracked 
| 115|0x00000000a7300000, 0x00000000a7300000, 0x00000000a7400000|  0%| F|  |TAMS 0x00000000a7300000, 0x00000000a7300000| Untracked 
| 116|0x00000000a7400000, 0x00000000a7400000, 0x00000000a7500000|  0%| F|  |TAMS 0x00000000a7400000, 0x00000000a7400000| Untracked 
| 117|0x00000000a7500000, 0x00000000a7500000, 0x00000000a7600000|  0%| F|  |TAMS 0x00000000a7500000, 0x00000000a7500000| Untracked 
| 118|0x00000000a7600000, 0x00000000a7600000, 0x00000000a7700000|  0%| F|  |TAMS 0x00000000a7600000, 0x00000000a7600000| Untracked 
| 119|0x00000000a7700000, 0x00000000a7700000, 0x00000000a7800000|  0%| F|  |TAMS 0x00000000a7700000, 0x00000000a7700000| Untracked 
| 120|0x00000000a7800000, 0x00000000a7800000, 0x00000000a7900000|  0%| F|  |TAMS 0x00000000a7800000, 0x00000000a7800000| Untracked 
| 121|0x00000000a7900000, 0x00000000a7900000, 0x00000000a7a00000|  0%| F|  |TAMS 0x00000000a7900000, 0x00000000a7900000| Untracked 
| 122|0x00000000a7a00000, 0x00000000a7a00000, 0x00000000a7b00000|  0%| F|  |TAMS 0x00000000a7a00000, 0x00000000a7a00000| Untracked 
| 123|0x00000000a7b00000, 0x00000000a7b00000, 0x00000000a7c00000|  0%| F|  |TAMS 0x00000000a7b00000, 0x00000000a7b00000| Untracked 
| 124|0x00000000a7c00000, 0x00000000a7c00000, 0x00000000a7d00000|  0%| F|  |TAMS 0x00000000a7c00000, 0x00000000a7c00000| Untracked 
| 125|0x00000000a7d00000, 0x00000000a7d00000, 0x00000000a7e00000|  0%| F|  |TAMS 0x00000000a7d00000, 0x00000000a7d00000| Untracked 
| 126|0x00000000a7e00000, 0x00000000a7e00000, 0x00000000a7f00000|  0%| F|  |TAMS 0x00000000a7e00000, 0x00000000a7e00000| Untracked 
| 127|0x00000000a7f00000, 0x00000000a7f00000, 0x00000000a8000000|  0%| F|  |TAMS 0x00000000a7f00000, 0x00000000a7f00000| Untracked 
| 128|0x00000000a8000000, 0x00000000a8000000, 0x00000000a8100000|  0%| F|  |TAMS 0x00000000a8000000, 0x00000000a8000000| Untracked 
| 129|0x00000000a8100000, 0x00000000a8100000, 0x00000000a8200000|  0%| F|  |TAMS 0x00000000a8100000, 0x00000000a8100000| Untracked 
| 130|0x00000000a8200000, 0x00000000a8200000, 0x00000000a8300000|  0%| F|  |TAMS 0x00000000a8200000, 0x00000000a8200000| Untracked 
| 131|0x00000000a8300000, 0x00000000a8300000, 0x00000000a8400000|  0%| F|  |TAMS 0x00000000a8300000, 0x00000000a8300000| Untracked 
| 132|0x00000000a8400000, 0x00000000a8400000, 0x00000000a8500000|  0%| F|  |TAMS 0x00000000a8400000, 0x00000000a8400000| Untracked 
| 133|0x00000000a8500000, 0x00000000a8500000, 0x00000000a8600000|  0%| F|  |TAMS 0x00000000a8500000, 0x00000000a8500000| Untracked 
| 134|0x00000000a8600000, 0x00000000a8600000, 0x00000000a8700000|  0%| F|  |TAMS 0x00000000a8600000, 0x00000000a8600000| Untracked 
| 135|0x00000000a8700000, 0x00000000a8700000, 0x00000000a8800000|  0%| F|  |TAMS 0x00000000a8700000, 0x00000000a8700000| Untracked 
| 136|0x00000000a8800000, 0x00000000a8800000, 0x00000000a8900000|  0%| F|  |TAMS 0x00000000a8800000, 0x00000000a8800000| Untracked 
| 137|0x00000000a8900000, 0x00000000a8900000, 0x00000000a8a00000|  0%| F|  |TAMS 0x00000000a8900000, 0x00000000a8900000| Untracked 
| 138|0x00000000a8a00000, 0x00000000a8a00000, 0x00000000a8b00000|  0%| F|  |TAMS 0x00000000a8a00000, 0x00000000a8a00000| Untracked 
| 139|0x00000000a8b00000, 0x00000000a8b5fc60, 0x00000000a8c00000| 37%| S|CS|TAMS 0x00000000a8b00000, 0x00000000a8b00000| Complete 
| 140|0x00000000a8c00000, 0x00000000a8d00000, 0x00000000a8d00000|100%| S|CS|TAMS 0x00000000a8c00000, 0x00000000a8c00000| Complete 
| 141|0x00000000a8d00000, 0x00000000a8d00000, 0x00000000a8e00000|  0%| F|  |TAMS 0x00000000a8d00000, 0x00000000a8d00000| Untracked 
| 142|0x00000000a8e00000, 0x00000000a8e00000, 0x00000000a8f00000|  0%| F|  |TAMS 0x00000000a8e00000, 0x00000000a8e00000| Untracked 
| 143|0x00000000a8f00000, 0x00000000a8f00000, 0x00000000a9000000|  0%| F|  |TAMS 0x00000000a8f00000, 0x00000000a8f00000| Untracked 
| 144|0x00000000a9000000, 0x00000000a9000000, 0x00000000a9100000|  0%| F|  |TAMS 0x00000000a9000000, 0x00000000a9000000| Untracked 
| 145|0x00000000a9100000, 0x00000000a9100000, 0x00000000a9200000|  0%| F|  |TAMS 0x00000000a9100000, 0x00000000a9100000| Untracked 
| 146|0x00000000a9200000, 0x00000000a9200000, 0x00000000a9300000|  0%| F|  |TAMS 0x00000000a9200000, 0x00000000a9200000| Untracked 
| 147|0x00000000a9300000, 0x00000000a9300000, 0x00000000a9400000|  0%| F|  |TAMS 0x00000000a9300000, 0x00000000a9300000| Untracked 
| 148|0x00000000a9400000, 0x00000000a9400000, 0x00000000a9500000|  0%| F|  |TAMS 0x00000000a9400000, 0x00000000a9400000| Untracked 
| 149|0x00000000a9500000, 0x00000000a9500000, 0x00000000a9600000|  0%| F|  |TAMS 0x00000000a9500000, 0x00000000a9500000| Untracked 
| 150|0x00000000a9600000, 0x00000000a9600000, 0x00000000a9700000|  0%| F|  |TAMS 0x00000000a9600000, 0x00000000a9600000| Untracked 
| 151|0x00000000a9700000, 0x00000000a9700000, 0x00000000a9800000|  0%| F|  |TAMS 0x00000000a9700000, 0x00000000a9700000| Untracked 

Card table byte_map: [0x0000024b1d220000,0x0000024b1d520000] _byte_map_base: 0x0000024b1cd20000

Marking Bits (Prev, Next): (CMBitMap*) 0x0000024b0a467430, (CMBitMap*) 0x0000024b0a4673f8
 Prev Bits: [0x0000024b1f020000, 0x0000024b20820000)
 Next Bits: [0x0000024b1d820000, 0x0000024b1f020000)

Polling page: 0x0000024b09c10000

Metaspace:

Usage:
  Non-class:     56.63 MB capacity,    55.53 MB ( 98%) used,   986.98 KB (  2%) free+waste,   145.75 KB ( <1%) overhead. 
      Class:      8.62 MB capacity,     8.03 MB ( 93%) used,   531.34 KB (  6%) free+waste,    68.75 KB ( <1%) overhead. 
       Both:     65.25 MB capacity,    63.55 MB ( 97%) used,     1.48 MB (  2%) free+waste,   214.50 KB ( <1%) overhead. 

Virtual space:
  Non-class space:       58.00 MB reserved,      56.75 MB ( 98%) committed 
      Class space:        1.00 GB reserved,       8.63 MB ( <1%) committed 
             Both:        1.06 GB reserved,      65.38 MB (  6%) committed 

Chunk freelists:
   Non-Class:  0 bytes
       Class:  10.00 KB
        Both:  10.00 KB

MaxMetaspaceSize: 17179869184.00 GB
CompressedClassSpaceSize: 1.00 GB

CodeHeap 'non-profiled nmethods': size=120064Kb used=3687Kb max_used=3687Kb free=116376Kb
 bounds [0x0000024b159e0000, 0x0000024b15d80000, 0x0000024b1cf20000]
CodeHeap 'profiled nmethods': size=120000Kb used=14272Kb max_used=14272Kb free=105728Kb
 bounds [0x0000024b0e4b0000, 0x0000024b0f2a0000, 0x0000024b159e0000]
CodeHeap 'non-nmethods': size=5696Kb used=2247Kb max_used=2307Kb free=3448Kb
 bounds [0x0000024b0df20000, 0x0000024b0e190000, 0x0000024b0e4b0000]
 total_blobs=7164 nmethods=6329 adapters=746
 compilation: enabled
              stopped_count=0, restarted_count=0
 full_count=0

Compilation events (20 events):
Event: 13.473 Thread 0x0000024b22d2d000 6334       3       org.gradle.internal.snapshot.impl.DefaultValueSnapshotter$IsolatableVisitor::managedImmutableValue (6 bytes)
Event: 13.474 Thread 0x0000024b22d2d000 nmethod 6334 0x0000024b0f29dd90 code [0x0000024b0f29df80, 0x0000024b0f29e378]
Event: 13.474 Thread 0x0000024b22d2d000 6335       3       org.gradle.internal.snapshot.impl.DefaultValueSnapshotter$IsolatableVisitor::managedImmutableValue (13 bytes)
Event: 13.474 Thread 0x0000024b22d2d000 nmethod 6335 0x0000024b0f29e510 code [0x0000024b0f29e6e0, 0x0000024b0f29ea78]
Event: 13.474 Thread 0x0000024b22d2d000 6336       3       com.google.common.collect.Lists::newArrayList (8 bytes)
Event: 13.474 Thread 0x0000024b22d2d000 nmethod 6336 0x0000024b0f29ec10 code [0x0000024b0f29ede0, 0x0000024b0f29f0f8]
Event: 13.479 Thread 0x0000024b22d26800 nmethod 6330 0x0000024b15d70490 code [0x0000024b15d70660, 0x0000024b15d70aa8]
Event: 13.479 Thread 0x0000024b22d26800 6307       4       org.objectweb.asm.Type::getTypeInternal (199 bytes)
Event: 13.481 Thread 0x0000024b294f3800 nmethod 6260 0x0000024b15d70c90 code [0x0000024b15d71240, 0x0000024b15d764e8]
Event: 13.481 Thread 0x0000024b294f3800 6310       4       java.util.LinkedHashMap::values (25 bytes)
Event: 13.483 Thread 0x0000024b294f3800 nmethod 6310 0x0000024b15d78d90 code [0x0000024b15d78f20, 0x0000024b15d790d8]
Event: 13.483 Thread 0x0000024b294f3800 6311       4       java.util.LinkedHashMap$LinkedValues::iterator (12 bytes)
Event: 13.485 Thread 0x0000024b22d26800 nmethod 6307 0x0000024b15d79190 code [0x0000024b15d79360, 0x0000024b15d796f8]
Event: 13.485 Thread 0x0000024b294f3800 nmethod 6311 0x0000024b15d79910 code [0x0000024b15d79ac0, 0x0000024b15d79c78]
Event: 13.486 Thread 0x0000024b22d2d000 6337       3       java.lang.invoke.BoundMethodHandle$Species_L::make (11 bytes)
Event: 13.486 Thread 0x0000024b22d2d000 nmethod 6337 0x0000024b0f29f210 code [0x0000024b0f29f3e0, 0x0000024b0f29f628]
Event: 13.489 Thread 0x0000024b22d26800 6338       4       sun.invoke.util.BytecodeDescriptor::unparseSig (91 bytes)
Event: 13.503 Thread 0x0000024b294f3800 6339       4       java.lang.String::replace (42 bytes)
Event: 13.504 Thread 0x0000024b22d2d000 6341       3       java.lang.invoke.BoundMethodHandle::bindArgumentL (11 bytes)
Event: 13.505 Thread 0x0000024b22d2d000 nmethod 6341 0x0000024b0f29f710 code [0x0000024b0f29f900, 0x0000024b0f29fdd8]

GC Heap History (20 events):
Event: 4.166 GC heap before
{Heap before GC invocations=4 (full 0):
 garbage-first heap   total 129024K, used 25258K [0x00000000a0000000, 0x0000000100000000)
  region size 1024K, 13 young (13312K), 3 survivors (3072K)
 Metaspace       used 20611K, capacity 21061K, committed 21248K, reserved 1067008K
  class space    used 2528K, capacity 2691K, committed 2816K, reserved 1048576K
}
Event: 4.172 GC heap after
{Heap after GC invocations=5 (full 0):
 garbage-first heap   total 129024K, used 16422K [0x00000000a0000000, 0x0000000100000000)
  region size 1024K, 4 young (4096K), 4 survivors (4096K)
 Metaspace       used 20611K, capacity 21061K, committed 21248K, reserved 1067008K
  class space    used 2528K, capacity 2691K, committed 2816K, reserved 1048576K
}
Event: 5.190 GC heap before
{Heap before GC invocations=6 (full 0):
 garbage-first heap   total 129024K, used 64550K [0x00000000a0000000, 0x0000000100000000)
  region size 1024K, 51 young (52224K), 4 survivors (4096K)
 Metaspace       used 25863K, capacity 26462K, committed 26624K, reserved 1073152K
  class space    used 3368K, capacity 3579K, committed 3584K, reserved 1048576K
}
Event: 5.197 GC heap after
{Heap after GC invocations=7 (full 0):
 garbage-first heap   total 129024K, used 18227K [0x00000000a0000000, 0x0000000100000000)
  region size 1024K, 5 young (5120K), 5 survivors (5120K)
 Metaspace       used 25863K, capacity 26462K, committed 26624K, reserved 1073152K
  class space    used 3368K, capacity 3579K, committed 3584K, reserved 1048576K
}
Event: 6.263 GC heap before
{Heap before GC invocations=7 (full 0):
 garbage-first heap   total 129024K, used 73523K [0x00000000a0000000, 0x0000000100000000)
  region size 1024K, 58 young (59392K), 5 survivors (5120K)
 Metaspace       used 35092K, capacity 35731K, committed 35840K, reserved 1081344K
  class space    used 4514K, capacity 4775K, committed 4864K, reserved 1048576K
}
Event: 6.276 GC heap after
{Heap after GC invocations=8 (full 0):
 garbage-first heap   total 129024K, used 23955K [0x00000000a0000000, 0x0000000100000000)
  region size 1024K, 6 young (6144K), 6 survivors (6144K)
 Metaspace       used 35092K, capacity 35731K, committed 35840K, reserved 1081344K
  class space    used 4514K, capacity 4775K, committed 4864K, reserved 1048576K
}
Event: 7.239 GC heap before
{Heap before GC invocations=9 (full 0):
 garbage-first heap   total 129024K, used 80275K [0x00000000a0000000, 0x0000000100000000)
  region size 1024K, 61 young (62464K), 6 survivors (6144K)
 Metaspace       used 40245K, capacity 41071K, committed 41344K, reserved 1085440K
  class space    used 5117K, capacity 5419K, committed 5504K, reserved 1048576K
}
Event: 7.258 GC heap after
{Heap after GC invocations=10 (full 0):
 garbage-first heap   total 129024K, used 26274K [0x00000000a0000000, 0x0000000100000000)
  region size 1024K, 8 young (8192K), 8 survivors (8192K)
 Metaspace       used 40245K, capacity 41071K, committed 41344K, reserved 1085440K
  class space    used 5117K, capacity 5419K, committed 5504K, reserved 1048576K
}
Event: 8.409 GC heap before
{Heap before GC invocations=11 (full 0):
 garbage-first heap   total 129024K, used 83618K [0x00000000a0000000, 0x0000000100000000)
  region size 1024K, 64 young (65536K), 8 survivors (8192K)
 Metaspace       used 44178K, capacity 45144K, committed 45184K, reserved 1089536K
  class space    used 5654K, capacity 6011K, committed 6016K, reserved 1048576K
}
Event: 8.422 GC heap after
{Heap after GC invocations=12 (full 0):
 garbage-first heap   total 129024K, used 28197K [0x00000000a0000000, 0x0000000100000000)
  region size 1024K, 7 young (7168K), 7 survivors (7168K)
 Metaspace       used 44178K, capacity 45144K, committed 45184K, reserved 1089536K
  class space    used 5654K, capacity 6011K, committed 6016K, reserved 1048576K
}
Event: 9.545 GC heap before
{Heap before GC invocations=12 (full 0):
 garbage-first heap   total 129024K, used 93733K [0x00000000a0000000, 0x0000000100000000)
  region size 1024K, 65 young (66560K), 7 survivors (7168K)
 Metaspace       used 50233K, capacity 51409K, committed 51712K, reserved 1093632K
  class space    used 6383K, capacity 6796K, committed 6912K, reserved 1048576K
}
Event: 9.558 GC heap after
{Heap after GC invocations=13 (full 0):
 garbage-first heap   total 155648K, used 43322K [0x00000000a0000000, 0x0000000100000000)
  region size 1024K, 9 young (9216K), 9 survivors (9216K)
 Metaspace       used 50233K, capacity 51409K, committed 51712K, reserved 1093632K
  class space    used 6383K, capacity 6796K, committed 6912K, reserved 1048576K
}
Event: 10.961 GC heap before
{Heap before GC invocations=13 (full 0):
 garbage-first heap   total 155648K, used 106810K [0x00000000a0000000, 0x0000000100000000)
  region size 1024K, 71 young (72704K), 9 survivors (9216K)
 Metaspace       used 56544K, capacity 57865K, committed 58112K, reserved 1099776K
  class space    used 7165K, capacity 7634K, committed 7680K, reserved 1048576K
}
Event: 10.974 GC heap after
{Heap after GC invocations=14 (full 0):
 garbage-first heap   total 155648K, used 48700K [0x00000000a0000000, 0x0000000100000000)
  region size 1024K, 6 young (6144K), 6 survivors (6144K)
 Metaspace       used 56544K, capacity 57865K, committed 58112K, reserved 1099776K
  class space    used 7165K, capacity 7634K, committed 7680K, reserved 1048576K
}
Event: 12.495 GC heap before
{Heap before GC invocations=14 (full 0):
 garbage-first heap   total 155648K, used 112188K [0x00000000a0000000, 0x0000000100000000)
  region size 1024K, 68 young (69632K), 6 survivors (6144K)
 Metaspace       used 62235K, capacity 63679K, committed 64000K, reserved 1105920K
  class space    used 7834K, capacity 8351K, committed 8448K, reserved 1048576K
}
Event: 12.512 GC heap after
{Heap after GC invocations=15 (full 0):
 garbage-first heap   total 155648K, used 51921K [0x00000000a0000000, 0x0000000100000000)
  region size 1024K, 5 young (5120K), 5 survivors (5120K)
 Metaspace       used 62235K, capacity 63679K, committed 64000K, reserved 1105920K
  class space    used 7834K, capacity 8351K, committed 8448K, reserved 1048576K
}
Event: 13.289 GC heap before
{Heap before GC invocations=15 (full 0):
 garbage-first heap   total 155648K, used 115409K [0x00000000a0000000, 0x0000000100000000)
  region size 1024K, 67 young (68608K), 5 survivors (5120K)
 Metaspace       used 63867K, capacity 65597K, committed 65792K, reserved 1105920K
  class space    used 8057K, capacity 8674K, committed 8704K, reserved 1048576K
}
Event: 13.300 GC heap after
{Heap after GC invocations=16 (full 0):
 garbage-first heap   total 155648K, used 57344K [0x00000000a0000000, 0x0000000100000000)
  region size 1024K, 9 young (9216K), 9 survivors (9216K)
 Metaspace       used 63867K, capacity 65597K, committed 65792K, reserved 1105920K
  class space    used 8057K, capacity 8674K, committed 8704K, reserved 1048576K
}
Event: 13.506 GC heap before
{Heap before GC invocations=16 (full 0):
 garbage-first heap   total 155648K, used 67584K [0x00000000a0000000, 0x0000000100000000)
  region size 1024K, 20 young (20480K), 9 survivors (9216K)
 Metaspace       used 65080K, capacity 66813K, committed 66944K, reserved 1107968K
  class space    used 8221K, capacity 8822K, committed 8832K, reserved 1048576K
}
Event: 13.519 GC heap after
{Heap after GC invocations=17 (full 0):
 garbage-first heap   total 155648K, used 58863K [0x00000000a0000000, 0x0000000100000000)
  region size 1024K, 2 young (2048K), 2 survivors (2048K)
 Metaspace       used 65080K, capacity 66813K, committed 66944K, reserved 1107968K
  class space    used 8221K, capacity 8822K, committed 8832K, reserved 1048576K
}

Deoptimization events (20 events):
Event: 12.545 Thread 0x0000024b24f74000 DEOPT PACKING pc=0x0000024b15cf2744 sp=0x00000071149f3190
Event: 12.545 Thread 0x0000024b24f74000 DEOPT UNPACKING pc=0x0000024b0df478af sp=0x00000071149f3148 mode 2
Event: 12.563 Thread 0x0000024b24f74000 Uncommon trap: trap_request=0xffffff4d fr.pc=0x0000024b15c268d8 relative=0x0000000000001af8
Event: 12.563 Thread 0x0000024b24f74000 Uncommon trap: reason=unstable_if action=reinterpret pc=0x0000024b15c268d8 method=org.codehaus.groovy.runtime.metaclass.MetaMethodIndex.addMethodToList(Ljava/lang/Object;Lgroovy/lang/MetaMethod;)Ljava/lang/Object; @ 256 c2
Event: 12.564 Thread 0x0000024b24f74000 DEOPT PACKING pc=0x0000024b15c268d8 sp=0x00000071149f37c0
Event: 12.564 Thread 0x0000024b24f74000 DEOPT UNPACKING pc=0x0000024b0df478af sp=0x00000071149f3778 mode 2
Event: 12.849 Thread 0x0000024b24f74000 Uncommon trap: trap_request=0xffffff5c fr.pc=0x0000024b15aba914 relative=0x0000000000000e54
Event: 12.849 Thread 0x0000024b24f74000 Uncommon trap: reason=speculate_null_assert action=make_not_entrant pc=0x0000024b15aba914 method=jdk.internal.loader.URLClassPath$JarLoader.getResource(Ljava/lang/String;ZLjava/util/Set;)Ljdk/internal/loader/Resource; @ 17 c2
Event: 12.849 Thread 0x0000024b24f74000 DEOPT PACKING pc=0x0000024b15aba914 sp=0x00000071149ef7a0
Event: 12.849 Thread 0x0000024b24f74000 DEOPT UNPACKING pc=0x0000024b0df478af sp=0x00000071149ef748 mode 2
Event: 12.969 Thread 0x0000024b24f74000 Uncommon trap: trap_request=0xfffffff4 fr.pc=0x0000024b15d3f3a0 relative=0x0000000000000a00
Event: 12.969 Thread 0x0000024b24f74000 Uncommon trap: reason=null_check action=make_not_entrant pc=0x0000024b15d3f3a0 method=com.sun.beans.introspect.MethodInfo$MethodOrder.compare(Ljava/lang/reflect/Method;Ljava/lang/reflect/Method;)I @ 133 c2
Event: 12.969 Thread 0x0000024b24f74000 DEOPT PACKING pc=0x0000024b15d3f3a0 sp=0x00000071149eeb20
Event: 12.969 Thread 0x0000024b24f74000 DEOPT UNPACKING pc=0x0000024b0df478af sp=0x00000071149eea50 mode 2
Event: 13.143 Thread 0x0000024b24f74000 DEOPT PACKING pc=0x0000024b0e9f0979 sp=0x00000071149f34e0
Event: 13.143 Thread 0x0000024b24f74000 DEOPT UNPACKING pc=0x0000024b0df476ce sp=0x00000071149f29a8 mode 0
Event: 13.193 Thread 0x0000024b24f74000 Uncommon trap: trap_request=0xffffff4d fr.pc=0x0000024b15d5685c relative=0x0000000000001c7c
Event: 13.193 Thread 0x0000024b24f74000 Uncommon trap: reason=unstable_if action=reinterpret pc=0x0000024b15d5685c method=org.codehaus.groovy.runtime.metaclass.MetaMethodIndex.addMethodToList(Ljava/lang/Object;Lgroovy/lang/MetaMethod;)Ljava/lang/Object; @ 233 c2
Event: 13.193 Thread 0x0000024b24f74000 DEOPT PACKING pc=0x0000024b15d5685c sp=0x00000071149f1d00
Event: 13.193 Thread 0x0000024b24f74000 DEOPT UNPACKING pc=0x0000024b0df478af sp=0x00000071149f1cc0 mode 2

Classes redefined (0 events):
No events

Internal exceptions (20 events):
Event: 13.127 Thread 0x0000024b24f74000 Exception <a 'java/lang/ClassNotFoundException'{0x00000000a659ee50}: org/gradle/api/internal/artifacts/configurations/DefaultConfiguration_DecoratedCustomizer> (0x00000000a659ee50) thrown at [./src/hotspot/share/classfile/systemDictionary.cpp, line 231]
Event: 13.169 Thread 0x0000024b24f74000 Exception <a 'java/lang/ClassNotFoundException'{0x00000000a622e5e0}: org/jetbrains/kotlin/gradle/dsl/KotlinJvmOptionsImplBeanInfo> (0x00000000a622e5e0) thrown at [./src/hotspot/share/classfile/systemDictionary.cpp, line 231]
Event: 13.170 Thread 0x0000024b24f74000 Exception <a 'java/lang/ClassNotFoundException'{0x00000000a6247828}: org/jetbrains/kotlin/gradle/dsl/KotlinJvmOptionsBaseBeanInfo> (0x00000000a6247828) thrown at [./src/hotspot/share/classfile/systemDictionary.cpp, line 231]
Event: 13.171 Thread 0x0000024b24f74000 Exception <a 'java/lang/ClassNotFoundException'{0x00000000a6260ad8}: org/jetbrains/kotlin/gradle/dsl/KotlinJvmOptionsBaseCustomizer> (0x00000000a6260ad8) thrown at [./src/hotspot/share/classfile/systemDictionary.cpp, line 231]
Event: 13.172 Thread 0x0000024b24f74000 Exception <a 'java/lang/ClassNotFoundException'{0x00000000a62920e0}: org/jetbrains/kotlin/gradle/dsl/KotlinJvmOptionsImplCustomizer> (0x00000000a62920e0) thrown at [./src/hotspot/share/classfile/systemDictionary.cpp, line 231]
Event: 13.177 Thread 0x0000024b24f74000 Exception <a 'java/lang/ClassNotFoundException'{0x00000000a61125b0}: com/android/build/gradle/internal/api/DefaultAndroidSourceSet_DecoratedBeanInfo> (0x00000000a61125b0) thrown at [./src/hotspot/share/classfile/systemDictionary.cpp, line 231]
Event: 13.178 Thread 0x0000024b24f74000 Exception <a 'java/lang/ClassNotFoundException'{0x00000000a612d7f0}: com/android/build/gradle/internal/api/DefaultAndroidSourceSetBeanInfo> (0x00000000a612d7f0) thrown at [./src/hotspot/share/classfile/systemDictionary.cpp, line 231]
Event: 13.178 Thread 0x0000024b24f74000 Exception <a 'java/lang/ClassNotFoundException'{0x00000000a6148d40}: com/android/build/gradle/internal/api/DefaultAndroidSourceSetCustomizer> (0x00000000a6148d40) thrown at [./src/hotspot/share/classfile/systemDictionary.cpp, line 231]
Event: 13.182 Thread 0x0000024b24f74000 Exception <a 'java/lang/ClassNotFoundException'{0x00000000a61b3738}: com/android/build/gradle/internal/api/DefaultAndroidSourceSet_DecoratedCustomizer> (0x00000000a61b3738) thrown at [./src/hotspot/share/classfile/systemDictionary.cpp, line 231]
Event: 13.188 Thread 0x0000024b24f74000 Exception <a 'java/lang/ClassNotFoundException'{0x00000000a6039298}: com/android/build/gradle/internal/api/DefaultAndroidSourceDirectorySetBeanInfo> (0x00000000a6039298) thrown at [./src/hotspot/share/classfile/systemDictionary.cpp, line 231]
Event: 13.189 Thread 0x0000024b24f74000 Exception <a 'java/lang/ClassNotFoundException'{0x00000000a6054530}: com/android/build/gradle/internal/api/DefaultAndroidSourceDirectorySetCustomizer> (0x00000000a6054530) thrown at [./src/hotspot/share/classfile/systemDictionary.cpp, line 231]
Event: 13.197 Thread 0x0000024b24f74000 Exception <a 'java/lang/ClassNotFoundException'{0x00000000a5f7e308}: com/google/common/collect/SingletonImmutableSetBeanInfo> (0x00000000a5f7e308) thrown at [./src/hotspot/share/classfile/systemDictionary.cpp, line 231]
Event: 13.197 Thread 0x0000024b24f74000 Exception <a 'java/lang/ClassNotFoundException'{0x00000000a5f96900}: com/google/common/collect/ImmutableSetBeanInfo> (0x00000000a5f96900) thrown at [./src/hotspot/share/classfile/systemDictionary.cpp, line 231]
Event: 13.198 Thread 0x0000024b24f74000 Exception <a 'java/lang/ClassNotFoundException'{0x00000000a5fafb80}: com/google/common/collect/ImmutableCollectionBeanInfo> (0x00000000a5fafb80) thrown at [./src/hotspot/share/classfile/systemDictionary.cpp, line 231]
Event: 13.198 Thread 0x0000024b24f74000 Exception <a 'java/lang/ClassNotFoundException'{0x00000000a5fc9128}: com/google/common/collect/ImmutableCollectionCustomizer> (0x00000000a5fc9128) thrown at [./src/hotspot/share/classfile/systemDictionary.cpp, line 231]
Event: 13.201 Thread 0x0000024b24f74000 Exception <a 'java/lang/ClassNotFoundException'{0x00000000a5e0b210}: com/google/common/collect/ImmutableSetCustomizer> (0x00000000a5e0b210) thrown at [./src/hotspot/share/classfile/systemDictionary.cpp, line 231]
Event: 13.206 Thread 0x0000024b24f74000 Exception <a 'java/lang/ClassNotFoundException'{0x00000000a5e3b8b0}: com/google/common/collect/SingletonImmutableSetCustomizer> (0x00000000a5e3b8b0) thrown at [./src/hotspot/share/classfile/systemDictionary.cpp, line 231]
Event: 13.250 Thread 0x0000024b24f74000 Exception <a 'java/lang/NoSuchMethodError'{0x00000000a5b08930}: 'java.lang.Object java.lang.invoke.DirectMethodHandle$Holder.invokeSpecial(java.lang.Object, java.lang.Object, int, java.lang.Object, java.lang.Object)'> (0x00000000a5b08930) thrown at [./src/hotspot/share/interpreter/linkResolver.cpp, line 773]
Event: 13.251 Thread 0x0000024b24f74000 Exception <a 'java/lang/NoSuchMethodError'{0x00000000a5b10fe8}: 'java.lang.Object java.lang.invoke.DirectMethodHandle$Holder.invokeStatic(java.lang.Object, java.lang.Object, int, java.lang.Object)'> (0x00000000a5b10fe8) thrown at [./src/hotspot/share/interpreter/linkResolver.cpp, line 773]
Event: 13.252 Thread 0x0000024b24f74000 Exception <a 'java/lang/NoSuchMethodError'{0x00000000a5b15a28}: 'java.lang.Object java.lang.invoke.Invokers$Holder.linkToTargetMethod(java.lang.Object, int, java.lang.Object, java.lang.Object)'> (0x00000000a5b15a28) thrown at [./src/hotspot/share/interpreter/linkResolver.cpp, line 773]

Events (20 events):
Event: 13.501 loading class com/google/common/collect/Range done
Event: 13.501 loading class com/google/common/collect/Range
Event: 13.501 loading class com/google/common/collect/Range done
Event: 13.502 loading class com/google/common/collect/RangeGwtSerializationDependencies
Event: 13.502 loading class com/google/common/collect/RangeGwtSerializationDependencies done
Event: 13.503 loading class com/google/common/collect/ImmutableRangeSet$Builder
Event: 13.503 loading class com/google/common/collect/ImmutableRangeSet$Builder done
Event: 13.503 loading class com/google/common/collect/ImmutableRangeSet$Builder
Event: 13.503 loading class com/google/common/collect/ImmutableRangeSet$Builder done
Event: 13.503 loading class com/google/common/collect/ImmutableRangeSet$Builder
Event: 13.503 loading class com/google/common/collect/ImmutableRangeSet$Builder done
Event: 13.504 loading class com/google/common/collect/ImmutableRangeSet
Event: 13.504 loading class com/google/common/collect/ImmutableRangeSet done
Event: 13.504 loading class com/google/common/collect/ImmutableRangeSet$Builder
Event: 13.504 loading class com/google/common/collect/ImmutableRangeSet$Builder done
Event: 13.504 loading class com/android/build/gradle/internal/variant/ComponentInfo
Event: 13.504 loading class com/android/build/gradle/internal/variant/ComponentInfo done
Event: 13.505 loading class com/android/build/gradle/internal/tasks/PrepareLintJarForPublish
Event: 13.505 loading class com/android/build/gradle/internal/tasks/PrepareLintJarForPublish done
Event: 13.506 Executing VM operation: CollectForMetadataAllocation


Dynamic libraries:
0x00007ff7368c0000 - 0x00007ff7368ca000 	C:\Program Files\Android\Android Studio\jre\bin\java.exe
0x00007ff991140000 - 0x00007ff991349000 	C:\WINDOWS\SYSTEM32\ntdll.dll
0x00007ff98ff90000 - 0x00007ff99004d000 	C:\WINDOWS\System32\KERNEL32.DLL
0x00007ff98e660000 - 0x00007ff98e9d4000 	C:\WINDOWS\System32\KERNELBASE.dll
0x00007ff98eec0000 - 0x00007ff98efd1000 	C:\WINDOWS\System32\ucrtbase.dll
0x00007ff97f480000 - 0x00007ff97f499000 	C:\Program Files\Android\Android Studio\jre\bin\jli.dll
0x00007ff97f400000 - 0x00007ff97f417000 	C:\Program Files\Android\Android Studio\jre\bin\VCRUNTIME140.dll
0x00007ff98f0a0000 - 0x00007ff98f24c000 	C:\WINDOWS\System32\USER32.dll
0x00007ff98e630000 - 0x00007ff98e656000 	C:\WINDOWS\System32\win32u.dll
0x00007ff97c1b0000 - 0x00007ff97c455000 	C:\WINDOWS\WinSxS\amd64_microsoft.windows.common-controls_6595b64144ccf1df_6.0.22000.120_none_9d947278b86cc467\COMCTL32.dll
0x00007ff98fa70000 - 0x00007ff98fa99000 	C:\WINDOWS\System32\GDI32.dll
0x00007ff98fe40000 - 0x00007ff98fee3000 	C:\WINDOWS\System32\msvcrt.dll
0x00007ff98e9e0000 - 0x00007ff98eaf2000 	C:\WINDOWS\System32\gdi32full.dll
0x00007ff98ee20000 - 0x00007ff98eebd000 	C:\WINDOWS\System32\msvcp_win.dll
0x00007ff990050000 - 0x00007ff990081000 	C:\WINDOWS\System32\IMM32.DLL
0x00007ff967d60000 - 0x00007ff967dfd000 	C:\Program Files\Android\Android Studio\jre\bin\msvcp140.dll
0x00007ff946990000 - 0x00007ff94745f000 	C:\Program Files\Android\Android Studio\jre\bin\server\jvm.dll
0x00007ff98efe0000 - 0x00007ff98f08e000 	C:\WINDOWS\System32\ADVAPI32.dll
0x00007ff98fef0000 - 0x00007ff98ff8e000 	C:\WINDOWS\System32\sechost.dll
0x00007ff98faa0000 - 0x00007ff98fbc0000 	C:\WINDOWS\System32\RPCRT4.dll
0x00007ff98f4a0000 - 0x00007ff98f4a8000 	C:\WINDOWS\System32\PSAPI.DLL
0x00007ff97b2f0000 - 0x00007ff97b2f9000 	C:\WINDOWS\SYSTEM32\WSOCK32.dll
0x00007ff988d70000 - 0x00007ff988da3000 	C:\WINDOWS\SYSTEM32\WINMM.dll
0x00007ff98fdd0000 - 0x00007ff98fe3f000 	C:\WINDOWS\System32\WS2_32.dll
0x00007ff988190000 - 0x00007ff98819a000 	C:\WINDOWS\SYSTEM32\VERSION.dll
0x00007ff98d730000 - 0x00007ff98d748000 	C:\WINDOWS\SYSTEM32\kernel.appcore.dll
0x00007ff97e9a0000 - 0x00007ff97e9b1000 	C:\Program Files\Android\Android Studio\jre\bin\verify.dll
0x00007ff98c2c0000 - 0x00007ff98c4e1000 	C:\WINDOWS\SYSTEM32\DBGHELP.DLL
0x00007ff977130000 - 0x00007ff977161000 	C:\WINDOWS\SYSTEM32\dbgcore.DLL
0x00007ff98eda0000 - 0x00007ff98ee1f000 	C:\WINDOWS\System32\bcryptPrimitives.dll
0x00007ff97e930000 - 0x00007ff97e959000 	C:\Program Files\Android\Android Studio\jre\bin\java.dll
0x00007ff98a780000 - 0x00007ff98a78b000 	C:\Program Files\Android\Android Studio\jre\bin\jimage.dll
0x00007ff97e580000 - 0x00007ff97e598000 	C:\Program Files\Android\Android Studio\jre\bin\zip.dll
0x00007ff990930000 - 0x00007ff9910de000 	C:\WINDOWS\System32\SHELL32.dll
0x00007ff98c7a0000 - 0x00007ff98d008000 	C:\WINDOWS\SYSTEM32\windows.storage.dll
0x00007ff98f6f0000 - 0x00007ff98fa68000 	C:\WINDOWS\System32\combase.dll
0x00007ff98c630000 - 0x00007ff98c796000 	C:\WINDOWS\SYSTEM32\wintypes.dll
0x00007ff98fc20000 - 0x00007ff98fd0a000 	C:\WINDOWS\System32\SHCORE.dll
0x00007ff98fbc0000 - 0x00007ff98fc1d000 	C:\WINDOWS\System32\shlwapi.dll
0x00007ff98e560000 - 0x00007ff98e581000 	C:\WINDOWS\SYSTEM32\profapi.dll
0x00007ff97e1d0000 - 0x00007ff97e1ea000 	C:\Program Files\Android\Android Studio\jre\bin\net.dll
0x00007ff987d10000 - 0x00007ff987e1c000 	C:\WINDOWS\SYSTEM32\WINHTTP.dll
0x00007ff98db60000 - 0x00007ff98dbc7000 	C:\WINDOWS\system32\mswsock.dll
0x00007ff97e1b0000 - 0x00007ff97e1c4000 	C:\Program Files\Android\Android Studio\jre\bin\nio.dll
0x00007ff97de10000 - 0x00007ff97de36000 	C:\Users\Muhammad Kamran\.gradle\native\fdc75f09e3144964f2cf3f50f0aa648679c211496f362492102eb8c894070792\windows-amd64\native-platform.dll
0x00007ff95d380000 - 0x00007ff95d511000 	C:\Users\Muhammad Kamran\.gradle\native\12488b8bf47d2d4c9fbf2f6322a914ad602e24e48041cd04a747c6da556b65c4\windows-amd64\native-platform-file-events.dll
0x00007ff97f780000 - 0x00007ff97f78a000 	C:\Program Files\Android\Android Studio\jre\bin\management.dll
0x00007ff97f470000 - 0x00007ff97f47c000 	C:\Program Files\Android\Android Studio\jre\bin\management_ext.dll
0x00007ff98dda0000 - 0x00007ff98ddb8000 	C:\WINDOWS\SYSTEM32\CRYPTSP.dll
0x00007ff98d690000 - 0x00007ff98d6c5000 	C:\WINDOWS\system32\rsaenh.dll
0x00007ff98dc50000 - 0x00007ff98dc79000 	C:\WINDOWS\SYSTEM32\USERENV.dll
0x00007ff98df20000 - 0x00007ff98df47000 	C:\WINDOWS\SYSTEM32\bcrypt.dll
0x00007ff98ddc0000 - 0x00007ff98ddcc000 	C:\WINDOWS\SYSTEM32\CRYPTBASE.dll
0x00007ff98d260000 - 0x00007ff98d28d000 	C:\WINDOWS\SYSTEM32\IPHLPAPI.DLL
0x00007ff98f6c0000 - 0x00007ff98f6c9000 	C:\WINDOWS\System32\NSI.dll
0x00007ff988a30000 - 0x00007ff988a49000 	C:\WINDOWS\SYSTEM32\dhcpcsvc6.DLL
0x00007ff988dc0000 - 0x00007ff988dde000 	C:\WINDOWS\SYSTEM32\dhcpcsvc.DLL
0x00007ff98d2d0000 - 0x00007ff98d3b7000 	C:\WINDOWS\SYSTEM32\DNSAPI.dll
0x00007ff988db0000 - 0x00007ff988dbc000 	C:\WINDOWS\SYSTEM32\WINNSI.DLL

dbghelp: loaded successfully - version: 4.0.5 - missing functions: none
symbol engine: initialized successfully - sym options: 0x614 - pdb path: .;C:\Program Files\Android\Android Studio\jre\bin;C:\WINDOWS\SYSTEM32;C:\WINDOWS\WinSxS\amd64_microsoft.windows.common-controls_6595b64144ccf1df_6.0.22000.120_none_9d947278b86cc467;C:\Program Files\Android\Android Studio\jre\bin\server;C:\Users\Muhammad Kamran\.gradle\native\fdc75f09e3144964f2cf3f50f0aa648679c211496f362492102eb8c894070792\windows-amd64;C:\Users\Muhammad Kamran\.gradle\native\12488b8bf47d2d4c9fbf2f6322a914ad602e24e48041cd04a747c6da556b65c4\windows-amd64

VM Arguments:
jvm_args: --add-opens=java.base/java.util=ALL-UNNAMED --add-opens=java.base/java.lang=ALL-UNNAMED --add-opens=java.base/java.lang.invoke=ALL-UNNAMED --add-opens=java.prefs/java.util.prefs=ALL-UNNAMED -Xmx1536M -Dfile.encoding=windows-1252 -Duser.country=US -Duser.language=en -Duser.variant 
java_command: org.gradle.launcher.daemon.bootstrap.GradleDaemon 6.7
java_class_path (initial): C:\Users\Muhammad Kamran\.gradle\wrapper\dists\gradle-6.7-all\cuy9mc7upwgwgeb72wkcrupxe\gradle-6.7\lib\gradle-launcher-6.7.jar
Launcher Type: SUN_STANDARD

[Global flags]
     intx CICompilerCount                          = 3                                         {product} {ergonomic}
     uint ConcGCThreads                            = 1                                         {product} {ergonomic}
     uint G1ConcRefinementThreads                  = 4                                         {product} {ergonomic}
   size_t G1HeapRegionSize                         = 1048576                                   {product} {ergonomic}
    uintx GCDrainStackTargetSize                   = 64                                        {product} {ergonomic}
   size_t InitialHeapSize                          = 132120576                                 {product} {ergonomic}
   size_t MarkStackSize                            = 4194304                                   {product} {ergonomic}
   size_t MaxHeapSize                              = 1610612736                                {product} {command line}
   size_t MaxNewSize                               = 965738496                                 {product} {ergonomic}
   size_t MinHeapDeltaBytes                        = 1048576                                   {product} {ergonomic}
    uintx NonNMethodCodeHeapSize                   = 5830732                                {pd product} {ergonomic}
    uintx NonProfiledCodeHeapSize                  = 122913754                              {pd product} {ergonomic}
    uintx ProfiledCodeHeapSize                     = 122913754                              {pd product} {ergonomic}
    uintx ReservedCodeCacheSize                    = 251658240                              {pd product} {ergonomic}
     bool SegmentedCodeCache                       = true                                      {product} {ergonomic}
     bool UseCompressedClassPointers               = true                                 {lp64_product} {ergonomic}
     bool UseCompressedOops                        = true                                 {lp64_product} {ergonomic}
     bool UseG1GC                                  = true                                      {product} {ergonomic}
     bool UseLargePagesIndividualAllocation        = false                                  {pd product} {ergonomic}

Logging:
Log output configuration:
 #0: stdout all=warning uptime,level,tags
 #1: stderr all=off uptime,level,tags

Environment Variables:
JAVA_HOME=C:\Program Files\Android\Android Studio\jre
CLASSPATH=C:\Users\Muhammad Kamran\Desktop\itourapp\android\\gradle\wrapper\gradle-wrapper.jar
PATH=C:\Program Files\Common Files\Oracle\Java\javapath;C:\WINDOWS\system32;C:\WINDOWS;C:\WINDOWS\System32\Wbem;C:\WINDOWS\System32\WindowsPowerShell\v1.0\;C:\WINDOWS\System32\OpenSSH\;C:\flutter\bin;C:\Program Files\Dart\dart-sdk\bin;C:\Program Files\Git\cmd;%JAVA_HOME$\bin;C:\Program Files\Microsoft SQL Server\150\Tools\Binn\;C:\Program Files (x86)\IncrediBuild;C:\Users\Muhammad Kamran\AppData\Local\Microsoft\WindowsApps;C:\Program Files\JetBrains\PyCharm Community Edition 2021.2\bin;;C:\Program Files\Dart\dart-sdk;C:\Users\Muhammad Kamran\AppData\Local\GitHubDesktop\bin;C:\Program Files\Git\bin;C:\Users\Muhammad Kamran\AppData\Local\Programs\Microsoft VS Code\bin;C:\flutter\bin;;C:\flutter\bin\mingit\cmd
USERNAME=Muhammad Kamran
OS=Windows_NT
PROCESSOR_IDENTIFIER=Intel64 Family 6 Model 142 Stepping 9, GenuineIntel



---------------  S Y S T E M  ---------------

OS: Windows 10 , 64 bit Build 22000 (10.0.22000.434)
OS uptime: 0 days 2:30 hours

CPU:total 4 (initial active 4) (2 cores per cpu, 2 threads per core) family 6 model 142 stepping 9 microcode 0xea, cmov, cx8, fxsr, mmx, sse, sse2, sse3, ssse3, sse4.1, sse4.2, popcnt, avx, avx2, aes, clmul, erms, 3dnowpref, lzcnt, ht, tsc, tscinvbit, bmi1, bmi2, adx, fma

Memory: 4k page, system-wide physical 7974M (507M free)
TotalPageFile size 7974M (AvailPageFile size 13M)
current process WorkingSet (physical memory assigned to process): 354M, peak: 355M
current process commit charge ("private bytes"): 387M, peak: 393M

vm_info: OpenJDK 64-Bit Server VM (11.0.10+0-b96-7249189) for windows-amd64 JRE (11.0.10+0-b96-7249189), built on Mar 31 2021 21:44:00 by "builder" with MS VC++ 14.0 (VS2015)

END.
