#
# There is insufficient memory for the Java Runtime Environment to continue.
# Native memory allocation (malloc) failed to allocate 32744 bytes for ChunkPool::allocate
# Possible reasons:
#   The system is out of physical RAM or swap space
#   The process is running with CompressedOops enabled, and the Java Heap may be blocking the growth of the native heap
# Possible solutions:
#   Reduce memory load on the system
#   Increase physical memory or swap space
#   Check if swap backing store is full
#   Decrease Java heap size (-Xmx/-Xms)
#   Decrease number of Java threads
#   Decrease Java thread stack sizes (-Xss)
#   Set larger code cache with -XX:ReservedCodeCacheSize=
#   JVM is running with Unscaled Compressed Oops mode in which the Java heap is
#     placed in the first 4GB address space. The Java Heap base address is the
#     maximum limit for the native heap growth. Please use -XX:HeapBaseMinAddress
#     to set the Java Heap base and to place the Java Heap above 4GB virtual address.
# This output file may be truncated or incomplete.
#
#  Out of Memory Error (./src/hotspot/share/memory/arena.cpp:81), pid=2192, tid=9752
#
# JRE version: OpenJDK Runtime Environment (11.0.10) (build 11.0.10+0-b96-7249189)
# Java VM: OpenJDK 64-Bit Server VM (11.0.10+0-b96-7249189, mixed mode, tiered, compressed oops, g1 gc, windows-amd64)
# No core dump will be written. Minidumps are not enabled by default on client versions of Windows
#

---------------  S U M M A R Y ------------

Command Line: --add-opens=java.base/java.util=ALL-UNNAMED --add-opens=java.base/java.lang=ALL-UNNAMED --add-opens=java.base/java.lang.invoke=ALL-UNNAMED --add-opens=java.prefs/java.util.prefs=ALL-UNNAMED -Xmx1536M -Dfile.encoding=windows-1252 -Duser.country=US -Duser.language=en -Duser.variant org.gradle.launcher.daemon.bootstrap.GradleDaemon 6.7

Host: Intel(R) Core(TM) i7-7500U CPU @ 2.70GHz, 4 cores, 7G,  Windows 10 , 64 bit Build 22000 (10.0.22000.434)
Time: Sat Feb 26 21:31:34 2022 Pakistan Standard Time elapsed time: 3562.354989 seconds (0d 0h 59m 22s)

---------------  T H R E A D  ---------------

Current thread (0x0000028f9ba66000):  JavaThread "C1 CompilerThread0" daemon [_thread_in_vm, id=9752, stack(0x000000aea7c00000,0x000000aea7d00000)]


Current CompileTask:
C1:3562355 12881       3       org.gradle.internal.io.LineBufferingOutputStream::flush (31 bytes)

Stack: [0x000000aea7c00000,0x000000aea7d00000]
Native frames: (J=compiled Java code, j=interpreted, Vv=VM code, C=native code)
V  [jvm.dll+0x5ecfaa]
V  [jvm.dll+0x722bd5]
V  [jvm.dll+0x72412d]
V  [jvm.dll+0x7247e3]
V  [jvm.dll+0x242928]
V  [jvm.dll+0xbc75b]
V  [jvm.dll+0xbca0c]
V  [jvm.dll+0x1adfce]
V  [jvm.dll+0x19dcfe]
V  [jvm.dll+0x208d8c]
V  [jvm.dll+0x207731]
V  [jvm.dll+0x6eb1cf]
V  [jvm.dll+0x6e3d45]
V  [jvm.dll+0x5ebe96]
C  [ucrtbase.dll+0x26c0c]
C  [KERNEL32.DLL+0x154e0]
C  [ntdll.dll+0x485b]


---------------  P R O C E S S  ---------------

Threads class SMR info:
_java_thread_list=0x0000028fa08d7850, length=161, elements={
0x0000028f811e0000, 0x0000028f9ba3b000, 0x0000028f9ba3c800, 0x0000028f9ba60800,
0x0000028f9ba61000, 0x0000028f9ba62000, 0x0000028f9ba64800, 0x0000028f9ba66000,
0x0000028f9ba6f800, 0x0000028f9c523800, 0x0000028f9e1d0800, 0x0000028f9dac5800,
0x0000028f9e4a8800, 0x0000028f9d2dd000, 0x0000028f9d2de000, 0x0000028f9d2dc000,
0x0000028f9e859000, 0x0000028f9e85a800, 0x0000028f9e21d000, 0x0000028fa1efe000,
0x0000028fa2731000, 0x0000028fa2732000, 0x0000028fa2732800, 0x0000028fa272e800,
0x0000028fa272d000, 0x0000028fa2733800, 0x0000028fa272f800, 0x0000028fa2736000,
0x0000028fa2730000, 0x0000028fa2739000, 0x0000028fa273a000, 0x0000028fa2736800,
0x0000028fa2738800, 0x0000028fa2734800, 0x0000028fa2737800, 0x0000028fa2735000,
0x0000028fa273b000, 0x0000028fa273b800, 0x0000028fa1efe800, 0x0000028fa1f02000,
0x0000028fa1efd000, 0x0000028fa1eff800, 0x0000028fa1f00800, 0x0000028fa1f01000,
0x0000028fa1efc000, 0x0000028fa1f06000, 0x0000028fa1f05000, 0x0000028fa1f04800,
0x0000028fa1f08800, 0x0000028fa1f07000, 0x0000028fa1f03800, 0x0000028fa1f02800,
0x0000028fa1f07800, 0x0000028fa1f09800, 0x0000028fa1f0a000, 0x0000028fa1f0b000,
0x0000028f9e21a000, 0x0000028f9e217800, 0x0000028f9e21a800, 0x0000028f9e218800,
0x0000028f9e219000, 0x0000028f9e21b800, 0x0000028f9e216000, 0x0000028f9e21c800,
0x0000028f9e216800, 0x0000028f9e21e000, 0x0000028f9e223000, 0x0000028f9e223800,
0x0000028f9e224800, 0x0000028f9e21f800, 0x0000028f9e21f000, 0x0000028f9e221000,
0x0000028f9e220800, 0x0000028f9e85c000, 0x0000028f9e85b800, 0x0000028f9e859800,
0x0000028f9e85d000, 0x0000028f9e85e000, 0x0000028f9d2de800, 0x0000028fa23dc000,
0x0000028fa23df800, 0x0000028fa23e1000, 0x0000028fa23dd000, 0x0000028fa23de800,
0x0000028fa23e0800, 0x0000028fa23e2000, 0x0000028fa23e2800, 0x0000028fa23de000,
0x0000028fa23e9800, 0x0000028fa23e7800, 0x0000028fa23e3800, 0x0000028fa23e8800,
0x0000028fa23e5000, 0x0000028fa23e6000, 0x0000028fa23ea000, 0x0000028fa23e4800,
0x0000028fa23e7000, 0x0000028fa23eb000, 0x0000028f9c91f800, 0x0000028f9c91e000,
0x0000028f9c920800, 0x0000028f9c921800, 0x0000028f9c922000, 0x0000028f9c923000,
0x0000028f9c91f000, 0x0000028f9c926000, 0x0000028f9c927000, 0x0000028f9c928000,
0x0000028f9c924800, 0x0000028f9c928800, 0x0000028f9c925800, 0x0000028f9c929800,
0x0000028f9c924000, 0x0000028f9c92a800, 0x0000028f9c92b000, 0x0000028f9c92c000,
0x0000028f9c92c800, 0x0000028fa113f000, 0x0000028fa113f800, 0x0000028fa113c800,
0x0000028fa113a000, 0x0000028fa113d000, 0x0000028fa113e000, 0x0000028fa1140800,
0x0000028fa113a800, 0x0000028fa1141000, 0x0000028fa113b800, 0x0000028fa1147000,
0x0000028fa1147800, 0x0000028fa1142000, 0x0000028fa1144800, 0x0000028fa1145800,
0x0000028fa1146000, 0x0000028fa1148800, 0x0000028fa1143000, 0x0000028fa1143800,
0x0000028f9f027000, 0x0000028f9f029800, 0x0000028f9f028800, 0x0000028f9f024800,
0x0000028f9f025000, 0x0000028f9f023800, 0x0000028f9f02a000, 0x0000028f9f02b000,
0x0000028f9f02b800, 0x0000028f9f027800, 0x0000028f9f026000, 0x0000028f9f031800,
0x0000028f9f030800, 0x0000028f9f032000, 0x0000028f9f02c800, 0x0000028f9f02f000,
0x0000028f9f02e000, 0x0000028f9f030000, 0x0000028f9f02d800, 0x0000028fa3e7b000,
0x0000028fa3e7c800, 0x0000028fa3e7c000, 0x0000028fa3e7d800, 0x0000028fa3e7e800,
0x0000028fa3e7f000
}

Java Threads: ( => current thread )
  0x0000028f811e0000 JavaThread "main" [_thread_blocked, id=8760, stack(0x000000aea6f00000,0x000000aea7000000)]
  0x0000028f9ba3b000 JavaThread "Reference Handler" daemon [_thread_blocked, id=5724, stack(0x000000aea7600000,0x000000aea7700000)]
  0x0000028f9ba3c800 JavaThread "Finalizer" daemon [_thread_blocked, id=9388, stack(0x000000aea7700000,0x000000aea7800000)]
  0x0000028f9ba60800 JavaThread "Signal Dispatcher" daemon [_thread_blocked, id=4072, stack(0x000000aea7800000,0x000000aea7900000)]
  0x0000028f9ba61000 JavaThread "Attach Listener" daemon [_thread_blocked, id=6036, stack(0x000000aea7900000,0x000000aea7a00000)]
  0x0000028f9ba62000 JavaThread "Service Thread" daemon [_thread_blocked, id=1056, stack(0x000000aea7a00000,0x000000aea7b00000)]
  0x0000028f9ba64800 JavaThread "C2 CompilerThread0" daemon [_thread_in_native, id=4168, stack(0x000000aea7b00000,0x000000aea7c00000)]
=>0x0000028f9ba66000 JavaThread "C1 CompilerThread0" daemon [_thread_in_vm, id=9752, stack(0x000000aea7c00000,0x000000aea7d00000)]
  0x0000028f9ba6f800 JavaThread "Sweeper thread" daemon [_thread_blocked, id=7252, stack(0x000000aea7d00000,0x000000aea7e00000)]
  0x0000028f9c523800 JavaThread "Common-Cleaner" daemon [_thread_blocked, id=8684, stack(0x000000aea7e00000,0x000000aea7f00000)]
  0x0000028f9e1d0800 JavaThread "Daemon health stats" [_thread_blocked, id=2656, stack(0x000000aea8300000,0x000000aea8400000)]
  0x0000028f9dac5800 JavaThread "Incoming local TCP Connector on port 60499" [_thread_in_native, id=8796, stack(0x000000aea8500000,0x000000aea8600000)]
  0x0000028f9e4a8800 JavaThread "Daemon periodic checks" [_thread_blocked, id=7172, stack(0x000000aea8600000,0x000000aea8700000)]
  0x0000028f9d2dd000 JavaThread "Cache worker for file hash cache (C:\Users\Muhammad Kamran\.gradle\caches\6.7\fileHashes)" [_thread_blocked, id=3080, stack(0x000000aea8f00000,0x000000aea9000000)]
  0x0000028f9d2de000 JavaThread "File lock request listener" [_thread_in_native, id=11064, stack(0x000000aea9000000,0x000000aea9100000)]
  0x0000028f9d2dc000 JavaThread "Cache worker for journal cache (C:\Users\Muhammad Kamran\.gradle\caches\journal-1)" [_thread_blocked, id=10176, stack(0x000000aea9100000,0x000000aea9200000)]
  0x0000028f9e859000 JavaThread "Cache worker for execution history cache (C:\Users\Muhammad Kamran\.gradle\caches\6.7\executionHistory)" [_thread_blocked, id=8772, stack(0x000000aea9700000,0x000000aea9800000)]
  0x0000028f9e85a800 JavaThread "Cache worker for file content cache (C:\Users\Muhammad Kamran\.gradle\caches\6.7\fileContent)" [_thread_blocked, id=4568, stack(0x000000aea9900000,0x000000aea9a00000)]
  0x0000028f9e21d000 JavaThread "Memory manager" [_thread_blocked, id=4252, stack(0x000000aeb1300000,0x000000aeb1400000)]
  0x0000028fa1efe000 JavaThread "ForkJoinPool.commonPool-worker-3" daemon [_thread_blocked, id=10064, stack(0x000000aeb1f00000,0x000000aeb2000000)]
  0x0000028fa2731000 JavaThread "Daemon Thread 3" [_thread_blocked, id=7488, stack(0x000000aea6c00000,0x000000aea6d00000)]
  0x0000028fa2732000 JavaThread "Handler for socket connection from /127.0.0.1:60499 to /127.0.0.1:63591" [_thread_in_native, id=2344, stack(0x000000aea6d00000,0x000000aea6e00000)]
  0x0000028fa2732800 JavaThread "Cancel handler" [_thread_blocked, id=9744, stack(0x000000aea6e00000,0x000000aea6f00000)]
  0x0000028fa272e800 JavaThread "Daemon worker Thread 3" [_thread_blocked, id=7708, stack(0x000000aea8000000,0x000000aea8100000)]
  0x0000028fa272d000 JavaThread "Asynchronous log dispatcher for DefaultDaemonConnection: socket connection from /127.0.0.1:60499 to /127.0.0.1:63591" [_thread_in_native, id=956, stack(0x000000aea8400000,0x000000aea8500000)]
  0x0000028fa2733800 JavaThread "Stdin handler" [_thread_blocked, id=7740, stack(0x000000aea8700000,0x000000aea8800000)]
  0x0000028fa272f800 JavaThread "Thread-296" [_thread_blocked, id=9228, stack(0x000000aea8800000,0x000000aea8900000)]
  0x0000028fa2736000 JavaThread "Cache worker for file hash cache (C:\Users\Muhammad Kamran\Desktop\itourapp\android\.gradle\6.7\fileHashes)" [_thread_blocked, id=10796, stack(0x000000aea8900000,0x000000aea8a00000)]
  0x0000028fa2730000 JavaThread "Cache worker for checksums cache (C:\Users\Muhammad Kamran\Desktop\itourapp\android\.gradle\checksums)" [_thread_blocked, id=11192, stack(0x000000aea8a00000,0x000000aea8b00000)]
  0x0000028fa2739000 JavaThread "Cache worker for cache directory md-supplier (C:\Users\Muhammad Kamran\.gradle\caches\6.7\md-supplier)" [_thread_blocked, id=7432, stack(0x000000aea8b00000,0x000000aea8c00000)]
  0x0000028fa273a000 JavaThread "Cache worker for cache directory md-rule (C:\Users\Muhammad Kamran\.gradle\caches\6.7\md-rule)" [_thread_blocked, id=9472, stack(0x000000aea8c00000,0x000000aea8d00000)]
  0x0000028fa2736800 JavaThread "Cache worker for Build Output Cleanup Cache (C:\Users\Muhammad Kamran\Desktop\itourapp\android\.gradle\buildOutputCleanup)" [_thread_blocked, id=524, stack(0x000000aea8d00000,0x000000aea8e00000)]
  0x0000028fa2738800 JavaThread "Build operations" [_thread_blocked, id=2040, stack(0x000000aea9200000,0x000000aea9300000)]
  0x0000028fa2734800 JavaThread "Build operations Thread 2" [_thread_blocked, id=8872, stack(0x000000aea9300000,0x000000aea9400000)]
  0x0000028fa2737800 JavaThread "Build operations Thread 3" [_thread_blocked, id=2492, stack(0x000000aea9400000,0x000000aea9500000)]
  0x0000028fa2735000 JavaThread "Build operations Thread 4" [_thread_blocked, id=7756, stack(0x000000aea9500000,0x000000aea9600000)]
  0x0000028fa273b000 JavaThread "jar transforms Thread 233" [_thread_blocked, id=1888, stack(0x000000aea9800000,0x000000aea9900000)]
  0x0000028fa273b800 JavaThread "jar transforms Thread 234" [_thread_blocked, id=7616, stack(0x000000aea9a00000,0x000000aea9b00000)]
  0x0000028fa1efe800 JavaThread "jar transforms Thread 235" [_thread_blocked, id=280, stack(0x000000aea9b00000,0x000000aea9c00000)]
  0x0000028fa1f02000 JavaThread "jar transforms Thread 236" [_thread_blocked, id=4264, stack(0x000000aea9c00000,0x000000aea9d00000)]
  0x0000028fa1efd000 JavaThread "jar transforms Thread 237" [_thread_blocked, id=10044, stack(0x000000aea9d00000,0x000000aea9e00000)]
  0x0000028fa1eff800 JavaThread "jar transforms Thread 238" [_thread_blocked, id=3000, stack(0x000000aea9e00000,0x000000aea9f00000)]
  0x0000028fa1f00800 JavaThread "jar transforms Thread 239" [_thread_blocked, id=9956, stack(0x000000aea9f00000,0x000000aeaa000000)]
  0x0000028fa1f01000 JavaThread "jar transforms Thread 240" [_thread_blocked, id=2512, stack(0x000000aeaa000000,0x000000aeaa100000)]
  0x0000028fa1efc000 JavaThread "jar transforms Thread 241" [_thread_blocked, id=11200, stack(0x000000aeaa100000,0x000000aeaa200000)]
  0x0000028fa1f06000 JavaThread "jar transforms Thread 242" [_thread_blocked, id=8464, stack(0x000000aeaa200000,0x000000aeaa300000)]
  0x0000028fa1f05000 JavaThread "jar transforms Thread 243" [_thread_blocked, id=7048, stack(0x000000aeaa300000,0x000000aeaa400000)]
  0x0000028fa1f04800 JavaThread "jar transforms Thread 244" [_thread_blocked, id=5364, stack(0x000000aeaa400000,0x000000aeaa500000)]
  0x0000028fa1f08800 JavaThread "jar transforms Thread 245" [_thread_blocked, id=8836, stack(0x000000aeaa500000,0x000000aeaa600000)]
  0x0000028fa1f07000 JavaThread "jar transforms Thread 246" [_thread_blocked, id=9016, stack(0x000000aeaa600000,0x000000aeaa700000)]
  0x0000028fa1f03800 JavaThread "jar transforms Thread 247" [_thread_blocked, id=7004, stack(0x000000aeaa700000,0x000000aeaa800000)]
  0x0000028fa1f02800 JavaThread "jar transforms Thread 248" [_thread_blocked, id=8816, stack(0x000000aeaa800000,0x000000aeaa900000)]
  0x0000028fa1f07800 JavaThread "jar transforms Thread 249" [_thread_blocked, id=2752, stack(0x000000aeaa900000,0x000000aeaaa00000)]
  0x0000028fa1f09800 JavaThread "jar transforms Thread 250" [_thread_blocked, id=744, stack(0x000000aeaaa00000,0x000000aeaab00000)]
  0x0000028fa1f0a000 JavaThread "jar transforms Thread 251" [_thread_blocked, id=4020, stack(0x000000aeaab00000,0x000000aeaac00000)]
  0x0000028fa1f0b000 JavaThread "jar transforms Thread 252" [_thread_blocked, id=1632, stack(0x000000aeaac00000,0x000000aeaad00000)]
  0x0000028f9e21a000 JavaThread "jar transforms Thread 253" [_thread_blocked, id=2516, stack(0x000000aeaad00000,0x000000aeaae00000)]
  0x0000028f9e217800 JavaThread "jar transforms Thread 254" [_thread_blocked, id=8092, stack(0x000000aeaae00000,0x000000aeaaf00000)]
  0x0000028f9e21a800 JavaThread "jar transforms Thread 255" [_thread_blocked, id=7904, stack(0x000000aeaaf00000,0x000000aeab000000)]
  0x0000028f9e218800 JavaThread "jar transforms Thread 256" [_thread_blocked, id=6876, stack(0x000000aeab000000,0x000000aeab100000)]
  0x0000028f9e219000 JavaThread "jar transforms Thread 257" [_thread_blocked, id=1740, stack(0x000000aeab100000,0x000000aeab200000)]
  0x0000028f9e21b800 JavaThread "jar transforms Thread 258" [_thread_blocked, id=3544, stack(0x000000aeab200000,0x000000aeab300000)]
  0x0000028f9e216000 JavaThread "jar transforms Thread 259" [_thread_blocked, id=8424, stack(0x000000aeab300000,0x000000aeab400000)]
  0x0000028f9e21c800 JavaThread "jar transforms Thread 260" [_thread_blocked, id=876, stack(0x000000aeab400000,0x000000aeab500000)]
  0x0000028f9e216800 JavaThread "jar transforms Thread 261" [_thread_blocked, id=1776, stack(0x000000aeab500000,0x000000aeab600000)]
  0x0000028f9e21e000 JavaThread "jar transforms Thread 262" [_thread_blocked, id=7296, stack(0x000000aeab600000,0x000000aeab700000)]
  0x0000028f9e223000 JavaThread "jar transforms Thread 263" [_thread_blocked, id=1540, stack(0x000000aeab700000,0x000000aeab800000)]
  0x0000028f9e223800 JavaThread "jar transforms Thread 264" [_thread_blocked, id=2044, stack(0x000000aeab800000,0x000000aeab900000)]
  0x0000028f9e224800 JavaThread "jar transforms Thread 265" [_thread_blocked, id=3312, stack(0x000000aeab900000,0x000000aeaba00000)]
  0x0000028f9e21f800 JavaThread "jar transforms Thread 266" [_thread_blocked, id=9556, stack(0x000000aeaba00000,0x000000aeabb00000)]
  0x0000028f9e21f000 JavaThread "jar transforms Thread 267" [_thread_blocked, id=6972, stack(0x000000aeabb00000,0x000000aeabc00000)]
  0x0000028f9e221000 JavaThread "jar transforms Thread 268" [_thread_blocked, id=5172, stack(0x000000aeabc00000,0x000000aeabd00000)]
  0x0000028f9e220800 JavaThread "jar transforms Thread 269" [_thread_blocked, id=1160, stack(0x000000aeabd00000,0x000000aeabe00000)]
  0x0000028f9e85c000 JavaThread "jar transforms Thread 270" [_thread_blocked, id=9176, stack(0x000000aeabe00000,0x000000aeabf00000)]
  0x0000028f9e85b800 JavaThread "jar transforms Thread 271" [_thread_blocked, id=4976, stack(0x000000aeabf00000,0x000000aeac000000)]
  0x0000028f9e859800 JavaThread "jar transforms Thread 272" [_thread_blocked, id=3452, stack(0x000000aeac000000,0x000000aeac100000)]
  0x0000028f9e85d000 JavaThread "jar transforms Thread 273" [_thread_blocked, id=10764, stack(0x000000aeac100000,0x000000aeac200000)]
  0x0000028f9e85e000 JavaThread "jar transforms Thread 274" [_thread_blocked, id=5548, stack(0x000000aeac200000,0x000000aeac300000)]
  0x0000028f9d2de800 JavaThread "jar transforms Thread 275" [_thread_blocked, id=8044, stack(0x000000aeac300000,0x000000aeac400000)]
  0x0000028fa23dc000 JavaThread "jar transforms Thread 276" [_thread_blocked, id=8984, stack(0x000000aeac400000,0x000000aeac500000)]
  0x0000028fa23df800 JavaThread "jar transforms Thread 277" [_thread_blocked, id=9928, stack(0x000000aeac500000,0x000000aeac600000)]
  0x0000028fa23e1000 JavaThread "jar transforms Thread 278" [_thread_blocked, id=3920, stack(0x000000aeac600000,0x000000aeac700000)]
  0x0000028fa23dd000 JavaThread "jar transforms Thread 279" [_thread_blocked, id=11092, stack(0x000000aeac700000,0x000000aeac800000)]
  0x0000028fa23de800 JavaThread "jar transforms Thread 280" [_thread_blocked, id=10100, stack(0x000000aeac800000,0x000000aeac900000)]
  0x0000028fa23e0800 JavaThread "jar transforms Thread 281" [_thread_blocked, id=6400, stack(0x000000aeac900000,0x000000aeaca00000)]
  0x0000028fa23e2000 JavaThread "jar transforms Thread 282" [_thread_blocked, id=9056, stack(0x000000aeaca00000,0x000000aeacb00000)]
  0x0000028fa23e2800 JavaThread "jar transforms Thread 283" [_thread_blocked, id=5276, stack(0x000000aeacb00000,0x000000aeacc00000)]
  0x0000028fa23de000 JavaThread "jar transforms Thread 284" [_thread_blocked, id=9864, stack(0x000000aeacc00000,0x000000aeacd00000)]
  0x0000028fa23e9800 JavaThread "jar transforms Thread 285" [_thread_blocked, id=10976, stack(0x000000aeacd00000,0x000000aeace00000)]
  0x0000028fa23e7800 JavaThread "jar transforms Thread 286" [_thread_blocked, id=3288, stack(0x000000aeace00000,0x000000aeacf00000)]
  0x0000028fa23e3800 JavaThread "jar transforms Thread 287" [_thread_blocked, id=6680, stack(0x000000aeacf00000,0x000000aead000000)]
  0x0000028fa23e8800 JavaThread "jar transforms Thread 288" [_thread_blocked, id=6740, stack(0x000000aead000000,0x000000aead100000)]
  0x0000028fa23e5000 JavaThread "jar transforms Thread 289" [_thread_blocked, id=10088, stack(0x000000aead100000,0x000000aead200000)]
  0x0000028fa23e6000 JavaThread "jar transforms Thread 290" [_thread_blocked, id=6324, stack(0x000000aead200000,0x000000aead300000)]
  0x0000028fa23ea000 JavaThread "jar transforms Thread 291" [_thread_blocked, id=8016, stack(0x000000aead300000,0x000000aead400000)]
  0x0000028fa23e4800 JavaThread "jar transforms Thread 292" [_thread_blocked, id=1032, stack(0x000000aead400000,0x000000aead500000)]
  0x0000028fa23e7000 JavaThread "jar transforms Thread 293" [_thread_blocked, id=1988, stack(0x000000aead500000,0x000000aead600000)]
  0x0000028fa23eb000 JavaThread "jar transforms Thread 294" [_thread_blocked, id=444, stack(0x000000aead600000,0x000000aead700000)]
  0x0000028f9c91f800 JavaThread "jar transforms Thread 295" [_thread_blocked, id=3880, stack(0x000000aead700000,0x000000aead800000)]
  0x0000028f9c91e000 JavaThread "jar transforms Thread 296" [_thread_blocked, id=5640, stack(0x000000aead800000,0x000000aead900000)]
  0x0000028f9c920800 JavaThread "jar transforms Thread 297" [_thread_blocked, id=10700, stack(0x000000aead900000,0x000000aeada00000)]
  0x0000028f9c921800 JavaThread "jar transforms Thread 298" [_thread_blocked, id=4284, stack(0x000000aeada00000,0x000000aeadb00000)]
  0x0000028f9c922000 JavaThread "jar transforms Thread 299" [_thread_blocked, id=6960, stack(0x000000aeadb00000,0x000000aeadc00000)]
  0x0000028f9c923000 JavaThread "jar transforms Thread 300" [_thread_blocked, id=5632, stack(0x000000aeadc00000,0x000000aeadd00000)]
  0x0000028f9c91f000 JavaThread "jar transforms Thread 301" [_thread_blocked, id=8236, stack(0x000000aeadd00000,0x000000aeade00000)]
  0x0000028f9c926000 JavaThread "jar transforms Thread 302" [_thread_blocked, id=6912, stack(0x000000aeade00000,0x000000aeadf00000)]
  0x0000028f9c927000 JavaThread "jar transforms Thread 303" [_thread_blocked, id=7516, stack(0x000000aeadf00000,0x000000aeae000000)]
  0x0000028f9c928000 JavaThread "jar transforms Thread 304" [_thread_blocked, id=9664, stack(0x000000aeae000000,0x000000aeae100000)]
  0x0000028f9c924800 JavaThread "jar transforms Thread 305" [_thread_blocked, id=6800, stack(0x000000aeae100000,0x000000aeae200000)]
  0x0000028f9c928800 JavaThread "jar transforms Thread 306" [_thread_blocked, id=5560, stack(0x000000aeae200000,0x000000aeae300000)]
  0x0000028f9c925800 JavaThread "jar transforms Thread 307" [_thread_blocked, id=5532, stack(0x000000aeae300000,0x000000aeae400000)]
  0x0000028f9c929800 JavaThread "jar transforms Thread 308" [_thread_blocked, id=5208, stack(0x000000aeae400000,0x000000aeae500000)]
  0x0000028f9c924000 JavaThread "jar transforms Thread 309" [_thread_blocked, id=4516, stack(0x000000aeae500000,0x000000aeae600000)]
  0x0000028f9c92a800 JavaThread "jar transforms Thread 310" [_thread_blocked, id=2092, stack(0x000000aeae600000,0x000000aeae700000)]
  0x0000028f9c92b000 JavaThread "jar transforms Thread 311" [_thread_blocked, id=7412, stack(0x000000aeae700000,0x000000aeae800000)]
  0x0000028f9c92c000 JavaThread "jar transforms Thread 312" [_thread_blocked, id=7568, stack(0x000000aeae800000,0x000000aeae900000)]
  0x0000028f9c92c800 JavaThread "jar transforms Thread 313" [_thread_blocked, id=8348, stack(0x000000aeae900000,0x000000aeaea00000)]
  0x0000028fa113f000 JavaThread "jar transforms Thread 314" [_thread_blocked, id=9572, stack(0x000000aeaea00000,0x000000aeaeb00000)]
  0x0000028fa113f800 JavaThread "jar transforms Thread 315" [_thread_blocked, id=7572, stack(0x000000aeaeb00000,0x000000aeaec00000)]
  0x0000028fa113c800 JavaThread "jar transforms Thread 316" [_thread_blocked, id=2696, stack(0x000000aeaec00000,0x000000aeaed00000)]
  0x0000028fa113a000 JavaThread "jar transforms Thread 317" [_thread_blocked, id=7624, stack(0x000000aeaed00000,0x000000aeaee00000)]
  0x0000028fa113d000 JavaThread "jar transforms Thread 318" [_thread_blocked, id=9620, stack(0x000000aeaee00000,0x000000aeaef00000)]
  0x0000028fa113e000 JavaThread "jar transforms Thread 319" [_thread_blocked, id=8356, stack(0x000000aeaef00000,0x000000aeaf000000)]
  0x0000028fa1140800 JavaThread "jar transforms Thread 320" [_thread_blocked, id=8812, stack(0x000000aeaf000000,0x000000aeaf100000)]
  0x0000028fa113a800 JavaThread "jar transforms Thread 321" [_thread_blocked, id=1452, stack(0x000000aeaf100000,0x000000aeaf200000)]
  0x0000028fa1141000 JavaThread "jar transforms Thread 322" [_thread_blocked, id=7068, stack(0x000000aeaf200000,0x000000aeaf300000)]
  0x0000028fa113b800 JavaThread "jar transforms Thread 323" [_thread_blocked, id=7024, stack(0x000000aeaf300000,0x000000aeaf400000)]
  0x0000028fa1147000 JavaThread "jar transforms Thread 324" [_thread_blocked, id=11116, stack(0x000000aeaf400000,0x000000aeaf500000)]
  0x0000028fa1147800 JavaThread "jar transforms Thread 325" [_thread_blocked, id=4712, stack(0x000000aeaf500000,0x000000aeaf600000)]
  0x0000028fa1142000 JavaThread "jar transforms Thread 326" [_thread_blocked, id=4936, stack(0x000000aeaf600000,0x000000aeaf700000)]
  0x0000028fa1144800 JavaThread "jar transforms Thread 327" [_thread_blocked, id=9644, stack(0x000000aeaf700000,0x000000aeaf800000)]
  0x0000028fa1145800 JavaThread "jar transforms Thread 328" [_thread_blocked, id=10404, stack(0x000000aeaf800000,0x000000aeaf900000)]
  0x0000028fa1146000 JavaThread "jar transforms Thread 329" [_thread_blocked, id=3640, stack(0x000000aeaf900000,0x000000aeafa00000)]
  0x0000028fa1148800 JavaThread "jar transforms Thread 330" [_thread_blocked, id=6528, stack(0x000000aeafa00000,0x000000aeafb00000)]
  0x0000028fa1143000 JavaThread "jar transforms Thread 331" [_thread_blocked, id=6620, stack(0x000000aeafb00000,0x000000aeafc00000)]
  0x0000028fa1143800 JavaThread "jar transforms Thread 332" [_thread_blocked, id=8880, stack(0x000000aeafc00000,0x000000aeafd00000)]
  0x0000028f9f027000 JavaThread "jar transforms Thread 333" [_thread_blocked, id=4920, stack(0x000000aeafd00000,0x000000aeafe00000)]
  0x0000028f9f029800 JavaThread "jar transforms Thread 334" [_thread_blocked, id=9308, stack(0x000000aeafe00000,0x000000aeaff00000)]
  0x0000028f9f028800 JavaThread "jar transforms Thread 335" [_thread_blocked, id=9832, stack(0x000000aeaff00000,0x000000aeb0000000)]
  0x0000028f9f024800 JavaThread "jar transforms Thread 336" [_thread_blocked, id=5020, stack(0x000000aeb0000000,0x000000aeb0100000)]
  0x0000028f9f025000 JavaThread "jar transforms Thread 337" [_thread_blocked, id=860, stack(0x000000aeb0100000,0x000000aeb0200000)]
  0x0000028f9f023800 JavaThread "jar transforms Thread 338" [_thread_blocked, id=8752, stack(0x000000aeb0200000,0x000000aeb0300000)]
  0x0000028f9f02a000 JavaThread "jar transforms Thread 339" [_thread_blocked, id=1040, stack(0x000000aeb0300000,0x000000aeb0400000)]
  0x0000028f9f02b000 JavaThread "jar transforms Thread 340" [_thread_blocked, id=3408, stack(0x000000aeb0400000,0x000000aeb0500000)]
  0x0000028f9f02b800 JavaThread "jar transforms Thread 341" [_thread_blocked, id=10424, stack(0x000000aeb0500000,0x000000aeb0600000)]
  0x0000028f9f027800 JavaThread "jar transforms Thread 342" [_thread_blocked, id=10220, stack(0x000000aeb0600000,0x000000aeb0700000)]
  0x0000028f9f026000 JavaThread "jar transforms Thread 343" [_thread_blocked, id=11252, stack(0x000000aeb0700000,0x000000aeb0800000)]
  0x0000028f9f031800 JavaThread "jar transforms Thread 344" [_thread_blocked, id=5944, stack(0x000000aeb0800000,0x000000aeb0900000)]
  0x0000028f9f030800 JavaThread "jar transforms Thread 345" [_thread_blocked, id=8912, stack(0x000000aeb0900000,0x000000aeb0a00000)]
  0x0000028f9f032000 JavaThread "jar transforms Thread 346" [_thread_blocked, id=6880, stack(0x000000aeb0a00000,0x000000aeb0b00000)]
  0x0000028f9f02c800 JavaThread "jar transforms Thread 347" [_thread_blocked, id=10428, stack(0x000000aeb0b00000,0x000000aeb0c00000)]
  0x0000028f9f02f000 JavaThread "jar transforms Thread 348" [_thread_blocked, id=7052, stack(0x000000aeb0c00000,0x000000aeb0d00000)]
  0x0000028f9f02e000 JavaThread "pool-4-thread-1" [_thread_blocked, id=7108, stack(0x000000aeb0d00000,0x000000aeb0e00000)]
  0x0000028f9f030000 JavaThread "build event listener" [_thread_blocked, id=7732, stack(0x000000aeb0e00000,0x000000aeb0f00000)]
  0x0000028f9f02d800 JavaThread "Execution worker for ':'" [_thread_blocked, id=1096, stack(0x000000aeb0f00000,0x000000aeb1000000)]
  0x0000028fa3e7b000 JavaThread "Execution worker for ':' Thread 2" [_thread_blocked, id=8884, stack(0x000000aeb1000000,0x000000aeb1100000)]
  0x0000028fa3e7c800 JavaThread "Execution worker for ':' Thread 3" [_thread_blocked, id=8536, stack(0x000000aeb1100000,0x000000aeb1200000)]
  0x0000028fa3e7c000 JavaThread "Cache worker for execution history cache (C:\Users\Muhammad Kamran\Desktop\itourapp\android\.gradle\6.7\executionHistory)" [_thread_blocked, id=9648, stack(0x000000aeb1200000,0x000000aeb1300000)]
  0x0000028fa3e7d800 JavaThread "Exec process Thread 7" [_thread_in_native, id=3068, stack(0x000000aeb1400000,0x000000aeb1500000)]
  0x0000028fa3e7e800 JavaThread "Exec process Thread 8" [_thread_in_native, id=6168, stack(0x000000aeb1500000,0x000000aeb1600000)]
  0x0000028fa3e7f000 JavaThread "Exec process Thread 9" [_thread_in_native, id=7696, stack(0x000000aeb1600000,0x000000aeb1700000)]

Other Threads:
  0x0000028f9ba15800 VMThread "VM Thread" [stack: 0x000000aea7500000,0x000000aea7600000] [id=9640]
  0x0000028f9c543000 WatcherThread [stack: 0x000000aea7f00000,0x000000aea8000000] [id=3168]
  0x0000028f811f8800 GCTaskThread "GC Thread#0" [stack: 0x000000aea7000000,0x000000aea7100000] [id=2388]
  0x0000028f9cdfb800 GCTaskThread "GC Thread#1" [stack: 0x000000aea8100000,0x000000aea8200000] [id=9208]
  0x0000028f9ce2d800 GCTaskThread "GC Thread#2" [stack: 0x000000aea8200000,0x000000aea8300000] [id=10300]
  0x0000028f9d712800 GCTaskThread "GC Thread#3" [stack: 0x000000aea8e00000,0x000000aea8f00000] [id=2984]
  0x0000028f81220000 ConcurrentGCThread "G1 Main Marker" [stack: 0x000000aea7100000,0x000000aea7200000] [id=8008]
  0x0000028f81223000 ConcurrentGCThread "G1 Conc#0" [stack: 0x000000aea7200000,0x000000aea7300000] [id=2528]
  0x0000028f812b2800 ConcurrentGCThread "G1 Refine#0" [stack: 0x000000aea7300000,0x000000aea7400000] [id=8660]
  0x0000028f812b4000 ConcurrentGCThread "G1 Young RemSet Sampling" [stack: 0x000000aea7400000,0x000000aea7500000] [id=7436]

Threads with active compile tasks:
C2 CompilerThread03562385 12865       4       org.gradle.internal.logging.sink.OutputEventTransformer::onOutput (399 bytes)
C1 CompilerThread03562385 12881       3       org.gradle.internal.io.LineBufferingOutputStream::flush (31 bytes)

VM state:synchronizing (normal execution)

VM Mutex/Monitor currently owned by a thread:  ([mutex/lock_event])
[0x0000028f811de150] Threads_lock - owner thread: 0x0000028f9ba15800

Heap address: 0x00000000a0000000, size: 1536 MB, Compressed Oops mode: 32-bit
Narrow klass base: 0x0000000000000000, Narrow klass shift: 3
Compressed class space size: 1073741824 Address: 0x0000000100000000

Heap:
 garbage-first heap   total 236544K, used 117462K [0x00000000a0000000, 0x0000000100000000)
  region size 1024K, 36 young (36864K), 4 survivors (4096K)
 Metaspace       used 93633K, capacity 96203K, committed 96300K, reserved 1132544K
  class space    used 11928K, capacity 12864K, committed 12928K, reserved 1048576K
Heap Regions: E=young(eden), S=young(survivor), O=old, HS=humongous(starts), HC=humongous(continues), CS=collection set, F=free, A=archive, TAMS=top-at-mark-start (previous, next)
|   0|0x00000000a0000000, 0x00000000a0100000, 0x00000000a0100000|100%| O|  |TAMS 0x00000000a0100000, 0x00000000a0000000| Untracked 
|   1|0x00000000a0100000, 0x00000000a0200000, 0x00000000a0200000|100%| O|  |TAMS 0x00000000a0200000, 0x00000000a0100000| Untracked 
|   2|0x00000000a0200000, 0x00000000a0300000, 0x00000000a0300000|100%| O|  |TAMS 0x00000000a0300000, 0x00000000a0200000| Untracked 
|   3|0x00000000a0300000, 0x00000000a0400000, 0x00000000a0400000|100%|HS|  |TAMS 0x00000000a0400000, 0x00000000a0300000| Complete 
|   4|0x00000000a0400000, 0x00000000a0500000, 0x00000000a0500000|100%|HC|  |TAMS 0x00000000a0500000, 0x00000000a0400000| Complete 
|   5|0x00000000a0500000, 0x00000000a0600000, 0x00000000a0600000|100%|HC|  |TAMS 0x00000000a0600000, 0x00000000a0500000| Complete 
|   6|0x00000000a0600000, 0x00000000a0700000, 0x00000000a0700000|100%| O|  |TAMS 0x00000000a0700000, 0x00000000a0600000| Untracked 
|   7|0x00000000a0700000, 0x00000000a0800000, 0x00000000a0800000|100%| O|  |TAMS 0x00000000a0800000, 0x00000000a0700000| Untracked 
|   8|0x00000000a0800000, 0x00000000a0900000, 0x00000000a0900000|100%| O|  |TAMS 0x00000000a0900000, 0x00000000a0800000| Untracked 
|   9|0x00000000a0900000, 0x00000000a0a00000, 0x00000000a0a00000|100%| O|  |TAMS 0x00000000a0a00000, 0x00000000a0900000| Untracked 
|  10|0x00000000a0a00000, 0x00000000a0b00000, 0x00000000a0b00000|100%| O|  |TAMS 0x00000000a0b00000, 0x00000000a0a00000| Untracked 
|  11|0x00000000a0b00000, 0x00000000a0c00000, 0x00000000a0c00000|100%| O|  |TAMS 0x00000000a0c00000, 0x00000000a0b00000| Untracked 
|  12|0x00000000a0c00000, 0x00000000a0d00000, 0x00000000a0d00000|100%| O|  |TAMS 0x00000000a0d00000, 0x00000000a0c00000| Untracked 
|  13|0x00000000a0d00000, 0x00000000a0e00000, 0x00000000a0e00000|100%| O|  |TAMS 0x00000000a0e00000, 0x00000000a0d00000| Untracked 
|  14|0x00000000a0e00000, 0x00000000a0f00000, 0x00000000a0f00000|100%| O|  |TAMS 0x00000000a0f00000, 0x00000000a0e00000| Untracked 
|  15|0x00000000a0f00000, 0x00000000a1000000, 0x00000000a1000000|100%| O|  |TAMS 0x00000000a1000000, 0x00000000a0f00000| Untracked 
|  16|0x00000000a1000000, 0x00000000a1100000, 0x00000000a1100000|100%| O|  |TAMS 0x00000000a1100000, 0x00000000a1000000| Untracked 
|  17|0x00000000a1100000, 0x00000000a1200000, 0x00000000a1200000|100%| O|  |TAMS 0x00000000a1200000, 0x00000000a1100000| Untracked 
|  18|0x00000000a1200000, 0x00000000a1300000, 0x00000000a1300000|100%| O|  |TAMS 0x00000000a1300000, 0x00000000a1200000| Untracked 
|  19|0x00000000a1300000, 0x00000000a1400000, 0x00000000a1400000|100%| O|  |TAMS 0x00000000a1400000, 0x00000000a1300000| Untracked 
|  20|0x00000000a1400000, 0x00000000a1500000, 0x00000000a1500000|100%| O|  |TAMS 0x00000000a1500000, 0x00000000a1400000| Untracked 
|  21|0x00000000a1500000, 0x00000000a1600000, 0x00000000a1600000|100%|HS|  |TAMS 0x00000000a1600000, 0x00000000a1500000| Complete 
|  22|0x00000000a1600000, 0x00000000a1700000, 0x00000000a1700000|100%|HS|  |TAMS 0x00000000a1700000, 0x00000000a1600000| Complete 
|  23|0x00000000a1700000, 0x00000000a1800000, 0x00000000a1800000|100%|HS|  |TAMS 0x00000000a1800000, 0x00000000a1700000| Complete 
|  24|0x00000000a1800000, 0x00000000a1900000, 0x00000000a1900000|100%|HC|  |TAMS 0x00000000a1900000, 0x00000000a1800000| Complete 
|  25|0x00000000a1900000, 0x00000000a1a00000, 0x00000000a1a00000|100%|HC|  |TAMS 0x00000000a1a00000, 0x00000000a1900000| Complete 
|  26|0x00000000a1a00000, 0x00000000a1b00000, 0x00000000a1b00000|100%|HS|  |TAMS 0x00000000a1b00000, 0x00000000a1a00000| Complete 
|  27|0x00000000a1b00000, 0x00000000a1c00000, 0x00000000a1c00000|100%|HC|  |TAMS 0x00000000a1c00000, 0x00000000a1b00000| Complete 
|  28|0x00000000a1c00000, 0x00000000a1d00000, 0x00000000a1d00000|100%| O|  |TAMS 0x00000000a1d00000, 0x00000000a1c00000| Untracked 
|  29|0x00000000a1d00000, 0x00000000a1e00000, 0x00000000a1e00000|100%| O|  |TAMS 0x00000000a1e00000, 0x00000000a1d00000| Untracked 
|  30|0x00000000a1e00000, 0x00000000a1f00000, 0x00000000a1f00000|100%| O|  |TAMS 0x00000000a1f00000, 0x00000000a1e00000| Untracked 
|  31|0x00000000a1f00000, 0x00000000a2000000, 0x00000000a2000000|100%| O|  |TAMS 0x00000000a2000000, 0x00000000a1f00000| Untracked 
|  32|0x00000000a2000000, 0x00000000a2100000, 0x00000000a2100000|100%| O|  |TAMS 0x00000000a2100000, 0x00000000a2000000| Untracked 
|  33|0x00000000a2100000, 0x00000000a2200000, 0x00000000a2200000|100%| O|  |TAMS 0x00000000a2200000, 0x00000000a2100000| Untracked 
|  34|0x00000000a2200000, 0x00000000a2300000, 0x00000000a2300000|100%| O|  |TAMS 0x00000000a2300000, 0x00000000a2200000| Untracked 
|  35|0x00000000a2300000, 0x00000000a2400000, 0x00000000a2400000|100%| O|  |TAMS 0x00000000a2400000, 0x00000000a2300000| Untracked 
|  36|0x00000000a2400000, 0x00000000a2500000, 0x00000000a2500000|100%| O|  |TAMS 0x00000000a2500000, 0x00000000a2400000| Untracked 
|  37|0x00000000a2500000, 0x00000000a2600000, 0x00000000a2600000|100%| O|  |TAMS 0x00000000a2600000, 0x00000000a2500000| Untracked 
|  38|0x00000000a2600000, 0x00000000a2700000, 0x00000000a2700000|100%| O|  |TAMS 0x00000000a2700000, 0x00000000a2600000| Untracked 
|  39|0x00000000a2700000, 0x00000000a2800000, 0x00000000a2800000|100%| O|  |TAMS 0x00000000a2800000, 0x00000000a2700000| Untracked 
|  40|0x00000000a2800000, 0x00000000a2900000, 0x00000000a2900000|100%| O|  |TAMS 0x00000000a2900000, 0x00000000a2800000| Untracked 
|  41|0x00000000a2900000, 0x00000000a2a00000, 0x00000000a2a00000|100%| O|  |TAMS 0x00000000a2a00000, 0x00000000a2900000| Untracked 
|  42|0x00000000a2a00000, 0x00000000a2b00000, 0x00000000a2b00000|100%| O|  |TAMS 0x00000000a2b00000, 0x00000000a2a00000| Untracked 
|  43|0x00000000a2b00000, 0x00000000a2c00000, 0x00000000a2c00000|100%| O|  |TAMS 0x00000000a2c00000, 0x00000000a2b00000| Untracked 
|  44|0x00000000a2c00000, 0x00000000a2d00000, 0x00000000a2d00000|100%| O|  |TAMS 0x00000000a2d00000, 0x00000000a2c00000| Untracked 
|  45|0x00000000a2d00000, 0x00000000a2e00000, 0x00000000a2e00000|100%| O|  |TAMS 0x00000000a2e00000, 0x00000000a2d00000| Untracked 
|  46|0x00000000a2e00000, 0x00000000a2f00000, 0x00000000a2f00000|100%| O|  |TAMS 0x00000000a2f00000, 0x00000000a2e00000| Untracked 
|  47|0x00000000a2f00000, 0x00000000a3000000, 0x00000000a3000000|100%| O|  |TAMS 0x00000000a3000000, 0x00000000a2f00000| Untracked 
|  48|0x00000000a3000000, 0x00000000a3100000, 0x00000000a3100000|100%| O|  |TAMS 0x00000000a3100000, 0x00000000a3000000| Untracked 
|  49|0x00000000a3100000, 0x00000000a3200000, 0x00000000a3200000|100%| O|  |TAMS 0x00000000a3200000, 0x00000000a3100000| Untracked 
|  50|0x00000000a3200000, 0x00000000a3300000, 0x00000000a3300000|100%| O|  |TAMS 0x00000000a3300000, 0x00000000a3200000| Untracked 
|  51|0x00000000a3300000, 0x00000000a3400000, 0x00000000a3400000|100%| O|  |TAMS 0x00000000a3400000, 0x00000000a3300000| Untracked 
|  52|0x00000000a3400000, 0x00000000a3500000, 0x00000000a3500000|100%| O|  |TAMS 0x00000000a3500000, 0x00000000a3400000| Untracked 
|  53|0x00000000a3500000, 0x00000000a3600000, 0x00000000a3600000|100%| O|  |TAMS 0x00000000a3600000, 0x00000000a3500000| Untracked 
|  54|0x00000000a3600000, 0x00000000a3700000, 0x00000000a3700000|100%| O|  |TAMS 0x00000000a3700000, 0x00000000a3600000| Untracked 
|  55|0x00000000a3700000, 0x00000000a3800000, 0x00000000a3800000|100%| O|  |TAMS 0x00000000a3800000, 0x00000000a3700000| Untracked 
|  56|0x00000000a3800000, 0x00000000a3900000, 0x00000000a3900000|100%| O|  |TAMS 0x00000000a3900000, 0x00000000a3800000| Untracked 
|  57|0x00000000a3900000, 0x00000000a3a00000, 0x00000000a3a00000|100%| O|  |TAMS 0x00000000a3a00000, 0x00000000a3900000| Untracked 
|  58|0x00000000a3a00000, 0x00000000a3b00000, 0x00000000a3b00000|100%| O|  |TAMS 0x00000000a3b00000, 0x00000000a3a00000| Untracked 
|  59|0x00000000a3b00000, 0x00000000a3c00000, 0x00000000a3c00000|100%| O|  |TAMS 0x00000000a3c00000, 0x00000000a3b00000| Untracked 
|  60|0x00000000a3c00000, 0x00000000a3d00000, 0x00000000a3d00000|100%| O|  |TAMS 0x00000000a3d00000, 0x00000000a3c00000| Untracked 
|  61|0x00000000a3d00000, 0x00000000a3e00000, 0x00000000a3e00000|100%| O|  |TAMS 0x00000000a3e00000, 0x00000000a3d00000| Untracked 
|  62|0x00000000a3e00000, 0x00000000a3f00000, 0x00000000a3f00000|100%| O|  |TAMS 0x00000000a3f00000, 0x00000000a3e00000| Untracked 
|  63|0x00000000a3f00000, 0x00000000a4000000, 0x00000000a4000000|100%| O|  |TAMS 0x00000000a4000000, 0x00000000a3f00000| Untracked 
|  64|0x00000000a4000000, 0x00000000a4100000, 0x00000000a4100000|100%| O|  |TAMS 0x00000000a4100000, 0x00000000a4000000| Untracked 
|  65|0x00000000a4100000, 0x00000000a4200000, 0x00000000a4200000|100%| O|  |TAMS 0x00000000a4200000, 0x00000000a4100000| Untracked 
|  66|0x00000000a4200000, 0x00000000a4300000, 0x00000000a4300000|100%| O|  |TAMS 0x00000000a4300000, 0x00000000a4200000| Untracked 
|  67|0x00000000a4300000, 0x00000000a4400000, 0x00000000a4400000|100%| O|  |TAMS 0x00000000a4400000, 0x00000000a4300000| Untracked 
|  68|0x00000000a4400000, 0x00000000a4500000, 0x00000000a4500000|100%| O|  |TAMS 0x00000000a4500000, 0x00000000a4400000| Untracked 
|  69|0x00000000a4500000, 0x00000000a4600000, 0x00000000a4600000|100%| O|  |TAMS 0x00000000a4600000, 0x00000000a4500000| Untracked 
|  70|0x00000000a4600000, 0x00000000a4700000, 0x00000000a4700000|100%| O|  |TAMS 0x00000000a4700000, 0x00000000a4600000| Untracked 
|  71|0x00000000a4700000, 0x00000000a4800000, 0x00000000a4800000|100%| O|  |TAMS 0x00000000a4800000, 0x00000000a4700000| Untracked 
|  72|0x00000000a4800000, 0x00000000a4900000, 0x00000000a4900000|100%| O|  |TAMS 0x00000000a4900000, 0x00000000a4800000| Untracked 
|  73|0x00000000a4900000, 0x00000000a4a00000, 0x00000000a4a00000|100%| O|  |TAMS 0x00000000a4900000, 0x00000000a4900000| Untracked 
|  74|0x00000000a4a00000, 0x00000000a4b00000, 0x00000000a4b00000|100%| O|  |TAMS 0x00000000a4a00000, 0x00000000a4a00000| Untracked 
|  75|0x00000000a4b00000, 0x00000000a4b73600, 0x00000000a4c00000| 45%| O|  |TAMS 0x00000000a4b00000, 0x00000000a4b00000| Untracked 
|  76|0x00000000a4c00000, 0x00000000a4c00000, 0x00000000a4d00000|  0%| F|  |TAMS 0x00000000a4c00000, 0x00000000a4c00000| Untracked 
|  77|0x00000000a4d00000, 0x00000000a4d00000, 0x00000000a4e00000|  0%| F|  |TAMS 0x00000000a4d00000, 0x00000000a4d00000| Untracked 
|  78|0x00000000a4e00000, 0x00000000a4e00000, 0x00000000a4f00000|  0%| F|  |TAMS 0x00000000a4e00000, 0x00000000a4e00000| Untracked 
|  79|0x00000000a4f00000, 0x00000000a4f00000, 0x00000000a5000000|  0%| F|  |TAMS 0x00000000a4f00000, 0x00000000a4f00000| Untracked 
|  80|0x00000000a5000000, 0x00000000a5000000, 0x00000000a5100000|  0%| F|  |TAMS 0x00000000a5000000, 0x00000000a5000000| Untracked 
|  81|0x00000000a5100000, 0x00000000a5100000, 0x00000000a5200000|  0%| F|  |TAMS 0x00000000a5100000, 0x00000000a5100000| Untracked 
|  82|0x00000000a5200000, 0x00000000a5200000, 0x00000000a5300000|  0%| F|  |TAMS 0x00000000a5200000, 0x00000000a5200000| Untracked 
|  83|0x00000000a5300000, 0x00000000a5300000, 0x00000000a5400000|  0%| F|  |TAMS 0x00000000a5300000, 0x00000000a5300000| Untracked 
|  84|0x00000000a5400000, 0x00000000a5400000, 0x00000000a5500000|  0%| F|  |TAMS 0x00000000a5400000, 0x00000000a5400000| Untracked 
|  85|0x00000000a5500000, 0x00000000a5500000, 0x00000000a5600000|  0%| F|  |TAMS 0x00000000a5500000, 0x00000000a5500000| Untracked 
|  86|0x00000000a5600000, 0x00000000a5600000, 0x00000000a5700000|  0%| F|  |TAMS 0x00000000a5600000, 0x00000000a5600000| Untracked 
|  87|0x00000000a5700000, 0x00000000a5700000, 0x00000000a5800000|  0%| F|  |TAMS 0x00000000a5700000, 0x00000000a5700000| Untracked 
|  88|0x00000000a5800000, 0x00000000a5800000, 0x00000000a5900000|  0%| F|  |TAMS 0x00000000a5800000, 0x00000000a5800000| Untracked 
|  89|0x00000000a5900000, 0x00000000a5900000, 0x00000000a5a00000|  0%| F|  |TAMS 0x00000000a5900000, 0x00000000a5900000| Untracked 
|  90|0x00000000a5a00000, 0x00000000a5a00000, 0x00000000a5b00000|  0%| F|  |TAMS 0x00000000a5a00000, 0x00000000a5a00000| Untracked 
|  91|0x00000000a5b00000, 0x00000000a5b00000, 0x00000000a5c00000|  0%| F|  |TAMS 0x00000000a5b00000, 0x00000000a5b00000| Untracked 
|  92|0x00000000a5c00000, 0x00000000a5c00000, 0x00000000a5d00000|  0%| F|  |TAMS 0x00000000a5c00000, 0x00000000a5c00000| Untracked 
|  93|0x00000000a5d00000, 0x00000000a5d00000, 0x00000000a5e00000|  0%| F|  |TAMS 0x00000000a5d00000, 0x00000000a5d00000| Untracked 
|  94|0x00000000a5e00000, 0x00000000a5e00000, 0x00000000a5f00000|  0%| F|  |TAMS 0x00000000a5e00000, 0x00000000a5e00000| Untracked 
|  95|0x00000000a5f00000, 0x00000000a5f00000, 0x00000000a6000000|  0%| F|  |TAMS 0x00000000a5f00000, 0x00000000a5f00000| Untracked 
|  96|0x00000000a6000000, 0x00000000a6000000, 0x00000000a6100000|  0%| F|  |TAMS 0x00000000a6000000, 0x00000000a6000000| Untracked 
|  97|0x00000000a6100000, 0x00000000a6100000, 0x00000000a6200000|  0%| F|  |TAMS 0x00000000a6100000, 0x00000000a6100000| Untracked 
|  98|0x00000000a6200000, 0x00000000a6200000, 0x00000000a6300000|  0%| F|  |TAMS 0x00000000a6200000, 0x00000000a6200000| Untracked 
|  99|0x00000000a6300000, 0x00000000a6300000, 0x00000000a6400000|  0%| F|  |TAMS 0x00000000a6300000, 0x00000000a6300000| Untracked 
| 100|0x00000000a6400000, 0x00000000a6400000, 0x00000000a6500000|  0%| F|  |TAMS 0x00000000a6400000, 0x00000000a6400000| Untracked 
| 101|0x00000000a6500000, 0x00000000a6500000, 0x00000000a6600000|  0%| F|  |TAMS 0x00000000a6500000, 0x00000000a6500000| Untracked 
| 102|0x00000000a6600000, 0x00000000a6600000, 0x00000000a6700000|  0%| F|  |TAMS 0x00000000a6600000, 0x00000000a6600000| Untracked 
| 103|0x00000000a6700000, 0x00000000a6700000, 0x00000000a6800000|  0%| F|  |TAMS 0x00000000a6700000, 0x00000000a6700000| Untracked 
| 104|0x00000000a6800000, 0x00000000a6800000, 0x00000000a6900000|  0%| F|  |TAMS 0x00000000a6800000, 0x00000000a6800000| Untracked 
| 105|0x00000000a6900000, 0x00000000a6900000, 0x00000000a6a00000|  0%| F|  |TAMS 0x00000000a6900000, 0x00000000a6900000| Untracked 
| 106|0x00000000a6a00000, 0x00000000a6a00000, 0x00000000a6b00000|  0%| F|  |TAMS 0x00000000a6a00000, 0x00000000a6a00000| Untracked 
| 107|0x00000000a6b00000, 0x00000000a6b00000, 0x00000000a6c00000|  0%| F|  |TAMS 0x00000000a6b00000, 0x00000000a6b00000| Untracked 
| 108|0x00000000a6c00000, 0x00000000a6c00000, 0x00000000a6d00000|  0%| F|  |TAMS 0x00000000a6c00000, 0x00000000a6c00000| Untracked 
| 109|0x00000000a6d00000, 0x00000000a6d00000, 0x00000000a6e00000|  0%| F|  |TAMS 0x00000000a6d00000, 0x00000000a6d00000| Untracked 
| 110|0x00000000a6e00000, 0x00000000a6e00000, 0x00000000a6f00000|  0%| F|  |TAMS 0x00000000a6e00000, 0x00000000a6e00000| Untracked 
| 111|0x00000000a6f00000, 0x00000000a6f00000, 0x00000000a7000000|  0%| F|  |TAMS 0x00000000a6f00000, 0x00000000a6f00000| Untracked 
| 112|0x00000000a7000000, 0x00000000a7000000, 0x00000000a7100000|  0%| F|  |TAMS 0x00000000a7000000, 0x00000000a7000000| Untracked 
| 113|0x00000000a7100000, 0x00000000a7100000, 0x00000000a7200000|  0%| F|  |TAMS 0x00000000a7100000, 0x00000000a7100000| Untracked 
| 114|0x00000000a7200000, 0x00000000a7200000, 0x00000000a7300000|  0%| F|  |TAMS 0x00000000a7200000, 0x00000000a7200000| Untracked 
| 115|0x00000000a7300000, 0x00000000a7300000, 0x00000000a7400000|  0%| F|  |TAMS 0x00000000a7300000, 0x00000000a7300000| Untracked 
| 116|0x00000000a7400000, 0x00000000a7400000, 0x00000000a7500000|  0%| F|  |TAMS 0x00000000a7400000, 0x00000000a7400000| Untracked 
| 117|0x00000000a7500000, 0x00000000a7500000, 0x00000000a7600000|  0%| F|  |TAMS 0x00000000a7500000, 0x00000000a7500000| Untracked 
| 118|0x00000000a7600000, 0x00000000a7600000, 0x00000000a7700000|  0%| F|  |TAMS 0x00000000a7600000, 0x00000000a7600000| Untracked 
| 119|0x00000000a7700000, 0x00000000a7700000, 0x00000000a7800000|  0%| F|  |TAMS 0x00000000a7700000, 0x00000000a7700000| Untracked 
| 120|0x00000000a7800000, 0x00000000a7800000, 0x00000000a7900000|  0%| F|  |TAMS 0x00000000a7800000, 0x00000000a7800000| Untracked 
| 121|0x00000000a7900000, 0x00000000a7900000, 0x00000000a7a00000|  0%| F|  |TAMS 0x00000000a7900000, 0x00000000a7900000| Untracked 
| 122|0x00000000a7a00000, 0x00000000a7a00000, 0x00000000a7b00000|  0%| F|  |TAMS 0x00000000a7a00000, 0x00000000a7a00000| Untracked 
| 123|0x00000000a7b00000, 0x00000000a7b00000, 0x00000000a7c00000|  0%| F|  |TAMS 0x00000000a7b00000, 0x00000000a7b00000| Untracked 
| 124|0x00000000a7c00000, 0x00000000a7c00000, 0x00000000a7d00000|  0%| F|  |TAMS 0x00000000a7c00000, 0x00000000a7c00000| Untracked 
| 125|0x00000000a7d00000, 0x00000000a7d00000, 0x00000000a7e00000|  0%| F|  |TAMS 0x00000000a7d00000, 0x00000000a7d00000| Untracked 
| 126|0x00000000a7e00000, 0x00000000a7e00000, 0x00000000a7f00000|  0%| F|  |TAMS 0x00000000a7e00000, 0x00000000a7e00000| Untracked 
| 127|0x00000000a7f00000, 0x00000000a7f00000, 0x00000000a8000000|  0%| F|  |TAMS 0x00000000a7f00000, 0x00000000a7f00000| Untracked 
| 128|0x00000000a8000000, 0x00000000a8000000, 0x00000000a8100000|  0%| F|  |TAMS 0x00000000a8000000, 0x00000000a8000000| Untracked 
| 129|0x00000000a8100000, 0x00000000a8100000, 0x00000000a8200000|  0%| F|  |TAMS 0x00000000a8100000, 0x00000000a8100000| Untracked 
| 130|0x00000000a8200000, 0x00000000a8200000, 0x00000000a8300000|  0%| F|  |TAMS 0x00000000a8200000, 0x00000000a8200000| Untracked 
| 131|0x00000000a8300000, 0x00000000a8300000, 0x00000000a8400000|  0%| F|  |TAMS 0x00000000a8300000, 0x00000000a8300000| Untracked 
| 132|0x00000000a8400000, 0x00000000a8400000, 0x00000000a8500000|  0%| F|  |TAMS 0x00000000a8400000, 0x00000000a8400000| Untracked 
| 133|0x00000000a8500000, 0x00000000a8500000, 0x00000000a8600000|  0%| F|  |TAMS 0x00000000a8500000, 0x00000000a8500000| Untracked 
| 134|0x00000000a8600000, 0x00000000a8600000, 0x00000000a8700000|  0%| F|  |TAMS 0x00000000a8600000, 0x00000000a8600000| Untracked 
| 135|0x00000000a8700000, 0x00000000a8700000, 0x00000000a8800000|  0%| F|  |TAMS 0x00000000a8700000, 0x00000000a8700000| Untracked 
| 136|0x00000000a8800000, 0x00000000a8800000, 0x00000000a8900000|  0%| F|  |TAMS 0x00000000a8800000, 0x00000000a8800000| Untracked 
| 137|0x00000000a8900000, 0x00000000a8900000, 0x00000000a8a00000|  0%| F|  |TAMS 0x00000000a8900000, 0x00000000a8900000| Untracked 
| 138|0x00000000a8a00000, 0x00000000a8a00000, 0x00000000a8b00000|  0%| F|  |TAMS 0x00000000a8a00000, 0x00000000a8a00000| Untracked 
| 139|0x00000000a8b00000, 0x00000000a8b00000, 0x00000000a8c00000|  0%| F|  |TAMS 0x00000000a8b00000, 0x00000000a8b00000| Untracked 
| 140|0x00000000a8c00000, 0x00000000a8c00000, 0x00000000a8d00000|  0%| F|  |TAMS 0x00000000a8c00000, 0x00000000a8c00000| Untracked 
| 141|0x00000000a8d00000, 0x00000000a8d00000, 0x00000000a8e00000|  0%| F|  |TAMS 0x00000000a8d00000, 0x00000000a8d00000| Untracked 
| 142|0x00000000a8e00000, 0x00000000a8e422d8, 0x00000000a8f00000| 25%| S|CS|TAMS 0x00000000a8e00000, 0x00000000a8e00000| Complete 
| 143|0x00000000a8f00000, 0x00000000a9000000, 0x00000000a9000000|100%| S|CS|TAMS 0x00000000a8f00000, 0x00000000a8f00000| Complete 
| 144|0x00000000a9000000, 0x00000000a9100000, 0x00000000a9100000|100%| S|CS|TAMS 0x00000000a9000000, 0x00000000a9000000| Complete 
| 145|0x00000000a9100000, 0x00000000a9200000, 0x00000000a9200000|100%| S|CS|TAMS 0x00000000a9100000, 0x00000000a9100000| Complete 
| 146|0x00000000a9200000, 0x00000000a9200000, 0x00000000a9300000|  0%| F|  |TAMS 0x00000000a9200000, 0x00000000a9200000| Untracked 
| 147|0x00000000a9300000, 0x00000000a9300000, 0x00000000a9400000|  0%| F|  |TAMS 0x00000000a9300000, 0x00000000a9300000| Untracked 
| 148|0x00000000a9400000, 0x00000000a9400000, 0x00000000a9500000|  0%| F|  |TAMS 0x00000000a9400000, 0x00000000a9400000| Untracked 
| 149|0x00000000a9500000, 0x00000000a9500000, 0x00000000a9600000|  0%| F|  |TAMS 0x00000000a9500000, 0x00000000a9500000| Untracked 
| 150|0x00000000a9600000, 0x00000000a9600000, 0x00000000a9700000|  0%| F|  |TAMS 0x00000000a9600000, 0x00000000a9600000| Untracked 
| 151|0x00000000a9700000, 0x00000000a9700000, 0x00000000a9800000|  0%| F|  |TAMS 0x00000000a9700000, 0x00000000a9700000| Untracked 
| 152|0x00000000a9800000, 0x00000000a9800000, 0x00000000a9900000|  0%| F|  |TAMS 0x00000000a9800000, 0x00000000a9800000| Untracked 
| 153|0x00000000a9900000, 0x00000000a9900000, 0x00000000a9a00000|  0%| F|  |TAMS 0x00000000a9900000, 0x00000000a9900000| Untracked 
| 154|0x00000000a9a00000, 0x00000000a9a00000, 0x00000000a9b00000|  0%| F|  |TAMS 0x00000000a9a00000, 0x00000000a9a00000| Untracked 
| 155|0x00000000a9b00000, 0x00000000a9b00000, 0x00000000a9c00000|  0%| F|  |TAMS 0x00000000a9b00000, 0x00000000a9b00000| Untracked 
| 156|0x00000000a9c00000, 0x00000000a9c00000, 0x00000000a9d00000|  0%| F|  |TAMS 0x00000000a9c00000, 0x00000000a9c00000| Untracked 
| 157|0x00000000a9d00000, 0x00000000a9d00000, 0x00000000a9e00000|  0%| F|  |TAMS 0x00000000a9d00000, 0x00000000a9d00000| Untracked 
| 158|0x00000000a9e00000, 0x00000000a9e00000, 0x00000000a9f00000|  0%| F|  |TAMS 0x00000000a9e00000, 0x00000000a9e00000| Untracked 
| 159|0x00000000a9f00000, 0x00000000a9f00000, 0x00000000aa000000|  0%| F|  |TAMS 0x00000000a9f00000, 0x00000000a9f00000| Untracked 
| 160|0x00000000aa000000, 0x00000000aa000000, 0x00000000aa100000|  0%| F|  |TAMS 0x00000000aa000000, 0x00000000aa000000| Untracked 
| 161|0x00000000aa100000, 0x00000000aa100000, 0x00000000aa200000|  0%| F|  |TAMS 0x00000000aa100000, 0x00000000aa100000| Untracked 
| 162|0x00000000aa200000, 0x00000000aa200000, 0x00000000aa300000|  0%| F|  |TAMS 0x00000000aa200000, 0x00000000aa200000| Untracked 
| 163|0x00000000aa300000, 0x00000000aa300000, 0x00000000aa400000|  0%| F|  |TAMS 0x00000000aa300000, 0x00000000aa300000| Untracked 
| 164|0x00000000aa400000, 0x00000000aa400000, 0x00000000aa500000|  0%| F|  |TAMS 0x00000000aa400000, 0x00000000aa400000| Untracked 
| 165|0x00000000aa500000, 0x00000000aa500000, 0x00000000aa600000|  0%| F|  |TAMS 0x00000000aa500000, 0x00000000aa500000| Untracked 
| 166|0x00000000aa600000, 0x00000000aa600000, 0x00000000aa700000|  0%| F|  |TAMS 0x00000000aa600000, 0x00000000aa600000| Untracked 
| 167|0x00000000aa700000, 0x00000000aa700000, 0x00000000aa800000|  0%| F|  |TAMS 0x00000000aa700000, 0x00000000aa700000| Untracked 
| 168|0x00000000aa800000, 0x00000000aa800000, 0x00000000aa900000|  0%| F|  |TAMS 0x00000000aa800000, 0x00000000aa800000| Untracked 
| 169|0x00000000aa900000, 0x00000000aa900000, 0x00000000aaa00000|  0%| F|  |TAMS 0x00000000aa900000, 0x00000000aa900000| Untracked 
| 170|0x00000000aaa00000, 0x00000000aaa00000, 0x00000000aab00000|  0%| F|  |TAMS 0x00000000aaa00000, 0x00000000aaa00000| Untracked 
| 171|0x00000000aab00000, 0x00000000aab00000, 0x00000000aac00000|  0%| F|  |TAMS 0x00000000aab00000, 0x00000000aab00000| Untracked 
| 172|0x00000000aac00000, 0x00000000aac00000, 0x00000000aad00000|  0%| F|  |TAMS 0x00000000aac00000, 0x00000000aac00000| Untracked 
| 173|0x00000000aad00000, 0x00000000aad00000, 0x00000000aae00000|  0%| F|  |TAMS 0x00000000aad00000, 0x00000000aad00000| Untracked 
| 174|0x00000000aae00000, 0x00000000aae00000, 0x00000000aaf00000|  0%| F|  |TAMS 0x00000000aae00000, 0x00000000aae00000| Untracked 
| 175|0x00000000aaf00000, 0x00000000aaf00000, 0x00000000ab000000|  0%| F|  |TAMS 0x00000000aaf00000, 0x00000000aaf00000| Untracked 
| 176|0x00000000ab000000, 0x00000000ab100000, 0x00000000ab100000|100%| O|  |TAMS 0x00000000ab100000, 0x00000000ab000000| Untracked 
| 177|0x00000000ab100000, 0x00000000ab200000, 0x00000000ab200000|100%| O|  |TAMS 0x00000000ab200000, 0x00000000ab100000| Untracked 
| 178|0x00000000ab200000, 0x00000000ab300000, 0x00000000ab300000|100%| O|  |TAMS 0x00000000ab22e400, 0x00000000ab200000| Untracked 
| 179|0x00000000ab300000, 0x00000000ab300000, 0x00000000ab400000|  0%| F|  |TAMS 0x00000000ab300000, 0x00000000ab300000| Untracked 
| 180|0x00000000ab400000, 0x00000000ab400000, 0x00000000ab500000|  0%| F|  |TAMS 0x00000000ab400000, 0x00000000ab400000| Untracked 
| 181|0x00000000ab500000, 0x00000000ab500000, 0x00000000ab600000|  0%| F|  |TAMS 0x00000000ab500000, 0x00000000ab500000| Untracked 
| 182|0x00000000ab600000, 0x00000000ab600000, 0x00000000ab700000|  0%| F|  |TAMS 0x00000000ab600000, 0x00000000ab600000| Untracked 
| 183|0x00000000ab700000, 0x00000000ab700000, 0x00000000ab800000|  0%| F|  |TAMS 0x00000000ab700000, 0x00000000ab700000| Untracked 
| 184|0x00000000ab800000, 0x00000000ab800000, 0x00000000ab900000|  0%| F|  |TAMS 0x00000000ab800000, 0x00000000ab800000| Untracked 
| 185|0x00000000ab900000, 0x00000000ab900000, 0x00000000aba00000|  0%| F|  |TAMS 0x00000000ab900000, 0x00000000ab900000| Untracked 
| 186|0x00000000aba00000, 0x00000000aba00000, 0x00000000abb00000|  0%| F|  |TAMS 0x00000000aba00000, 0x00000000aba00000| Untracked 
| 187|0x00000000abb00000, 0x00000000abb00000, 0x00000000abc00000|  0%| F|  |TAMS 0x00000000abb00000, 0x00000000abb00000| Untracked 
| 188|0x00000000abc00000, 0x00000000abc00000, 0x00000000abd00000|  0%| F|  |TAMS 0x00000000abc00000, 0x00000000abc00000| Untracked 
| 189|0x00000000abd00000, 0x00000000abd00000, 0x00000000abe00000|  0%| F|  |TAMS 0x00000000abd00000, 0x00000000abd00000| Untracked 
| 190|0x00000000abe00000, 0x00000000abe00000, 0x00000000abf00000|  0%| F|  |TAMS 0x00000000abe00000, 0x00000000abe00000| Untracked 
| 191|0x00000000abf00000, 0x00000000abf00000, 0x00000000ac000000|  0%| F|  |TAMS 0x00000000abf00000, 0x00000000abf00000| Untracked 
| 192|0x00000000ac000000, 0x00000000ac000000, 0x00000000ac100000|  0%| F|  |TAMS 0x00000000ac000000, 0x00000000ac000000| Untracked 
| 193|0x00000000ac100000, 0x00000000ac100000, 0x00000000ac200000|  0%| F|  |TAMS 0x00000000ac100000, 0x00000000ac100000| Untracked 
| 194|0x00000000ac200000, 0x00000000ac200000, 0x00000000ac300000|  0%| F|  |TAMS 0x00000000ac200000, 0x00000000ac200000| Untracked 
| 195|0x00000000ac300000, 0x00000000ac300000, 0x00000000ac400000|  0%| F|  |TAMS 0x00000000ac300000, 0x00000000ac300000| Untracked 
| 196|0x00000000ac400000, 0x00000000ac4dcc80, 0x00000000ac500000| 86%| E|  |TAMS 0x00000000ac400000, 0x00000000ac400000| Complete 
| 197|0x00000000ac500000, 0x00000000ac600000, 0x00000000ac600000|100%| E|CS|TAMS 0x00000000ac500000, 0x00000000ac500000| Complete 
| 198|0x00000000ac600000, 0x00000000ac700000, 0x00000000ac700000|100%| E|CS|TAMS 0x00000000ac600000, 0x00000000ac600000| Complete 
| 199|0x00000000ac700000, 0x00000000ac800000, 0x00000000ac800000|100%| E|CS|TAMS 0x00000000ac700000, 0x00000000ac700000| Complete 
| 200|0x00000000ac800000, 0x00000000ac900000, 0x00000000ac900000|100%| E|CS|TAMS 0x00000000ac800000, 0x00000000ac800000| Complete 
| 201|0x00000000ac900000, 0x00000000aca00000, 0x00000000aca00000|100%| E|CS|TAMS 0x00000000ac900000, 0x00000000ac900000| Complete 
| 202|0x00000000aca00000, 0x00000000acb00000, 0x00000000acb00000|100%| E|  |TAMS 0x00000000aca00000, 0x00000000aca00000| Complete 
| 203|0x00000000acb00000, 0x00000000acc00000, 0x00000000acc00000|100%| E|CS|TAMS 0x00000000acb00000, 0x00000000acb00000| Complete 
| 204|0x00000000acc00000, 0x00000000acd00000, 0x00000000acd00000|100%| E|CS|TAMS 0x00000000acc00000, 0x00000000acc00000| Complete 
| 205|0x00000000acd00000, 0x00000000ace00000, 0x00000000ace00000|100%| E|CS|TAMS 0x00000000acd00000, 0x00000000acd00000| Complete 
| 206|0x00000000ace00000, 0x00000000acf00000, 0x00000000acf00000|100%| E|CS|TAMS 0x00000000ace00000, 0x00000000ace00000| Complete 
| 207|0x00000000acf00000, 0x00000000ad000000, 0x00000000ad000000|100%| E|CS|TAMS 0x00000000acf00000, 0x00000000acf00000| Complete 
| 208|0x00000000ad000000, 0x00000000ad100000, 0x00000000ad100000|100%| E|CS|TAMS 0x00000000ad000000, 0x00000000ad000000| Complete 
| 209|0x00000000ad100000, 0x00000000ad200000, 0x00000000ad200000|100%| E|CS|TAMS 0x00000000ad100000, 0x00000000ad100000| Complete 
| 210|0x00000000ad200000, 0x00000000ad300000, 0x00000000ad300000|100%| E|CS|TAMS 0x00000000ad200000, 0x00000000ad200000| Complete 
| 211|0x00000000ad300000, 0x00000000ad400000, 0x00000000ad400000|100%| E|CS|TAMS 0x00000000ad300000, 0x00000000ad300000| Complete 
| 212|0x00000000ad400000, 0x00000000ad500000, 0x00000000ad500000|100%| E|CS|TAMS 0x00000000ad400000, 0x00000000ad400000| Complete 
| 213|0x00000000ad500000, 0x00000000ad600000, 0x00000000ad600000|100%| E|CS|TAMS 0x00000000ad500000, 0x00000000ad500000| Complete 
| 214|0x00000000ad600000, 0x00000000ad700000, 0x00000000ad700000|100%| E|CS|TAMS 0x00000000ad600000, 0x00000000ad600000| Complete 
| 215|0x00000000ad700000, 0x00000000ad800000, 0x00000000ad800000|100%| E|CS|TAMS 0x00000000ad700000, 0x00000000ad700000| Complete 
| 216|0x00000000ad800000, 0x00000000ad900000, 0x00000000ad900000|100%| E|CS|TAMS 0x00000000ad800000, 0x00000000ad800000| Complete 
| 217|0x00000000ad900000, 0x00000000ada00000, 0x00000000ada00000|100%| E|CS|TAMS 0x00000000ad900000, 0x00000000ad900000| Complete 
| 218|0x00000000ada00000, 0x00000000adb00000, 0x00000000adb00000|100%| E|CS|TAMS 0x00000000ada00000, 0x00000000ada00000| Complete 
| 219|0x00000000adb00000, 0x00000000adc00000, 0x00000000adc00000|100%| E|CS|TAMS 0x00000000adb00000, 0x00000000adb00000| Complete 
| 220|0x00000000adc00000, 0x00000000add00000, 0x00000000add00000|100%| E|CS|TAMS 0x00000000adc00000, 0x00000000adc00000| Complete 
| 221|0x00000000add00000, 0x00000000ade00000, 0x00000000ade00000|100%| E|CS|TAMS 0x00000000add00000, 0x00000000add00000| Complete 
| 222|0x00000000ade00000, 0x00000000adf00000, 0x00000000adf00000|100%| E|CS|TAMS 0x00000000ade00000, 0x00000000ade00000| Complete 
| 223|0x00000000adf00000, 0x00000000ae000000, 0x00000000ae000000|100%| E|CS|TAMS 0x00000000adf00000, 0x00000000adf00000| Complete 
| 224|0x00000000ae000000, 0x00000000ae100000, 0x00000000ae100000|100%| O|  |TAMS 0x00000000ae100000, 0x00000000ae000000| Untracked 
| 225|0x00000000ae100000, 0x00000000ae200000, 0x00000000ae200000|100%| E|CS|TAMS 0x00000000ae100000, 0x00000000ae100000| Complete 
| 226|0x00000000ae200000, 0x00000000ae300000, 0x00000000ae300000|100%| O|  |TAMS 0x00000000ae300000, 0x00000000ae200000| Untracked 
| 227|0x00000000ae300000, 0x00000000ae400000, 0x00000000ae400000|100%| E|CS|TAMS 0x00000000ae300000, 0x00000000ae300000| Complete 
| 228|0x00000000ae400000, 0x00000000ae500000, 0x00000000ae500000|100%| O|  |TAMS 0x00000000ae500000, 0x00000000ae400000| Untracked 
| 229|0x00000000ae500000, 0x00000000ae600000, 0x00000000ae600000|100%| E|CS|TAMS 0x00000000ae500000, 0x00000000ae500000| Complete 
| 230|0x00000000ae600000, 0x00000000ae700000, 0x00000000ae700000|100%| E|CS|TAMS 0x00000000ae600000, 0x00000000ae600000| Complete 

Card table byte_map: [0x0000028f95e10000,0x0000028f96110000] _byte_map_base: 0x0000028f95910000

Marking Bits (Prev, Next): (CMBitMap*) 0x0000028f81217468, (CMBitMap*) 0x0000028f812174a0
 Prev Bits: [0x0000028f96410000, 0x0000028f97c10000)
 Next Bits: [0x0000028f97c10000, 0x0000028f99410000)

Polling page: 0x0000028f812c0000

Metaspace:

Usage:
  Non-class:     81.39 MB capacity,    79.79 MB ( 98%) used,     1.35 MB (  2%) free+waste,   253.44 KB ( <1%) overhead. 
      Class:     12.56 MB capacity,    11.65 MB ( 93%) used,   820.55 KB (  6%) free+waste,   115.13 KB ( <1%) overhead. 
       Both:     93.95 MB capacity,    91.44 MB ( 97%) used,     2.15 MB (  2%) free+waste,   368.56 KB ( <1%) overhead. 

Virtual space:
  Non-class space:       82.00 MB reserved,      81.42 MB (>99%) committed 
      Class space:        1.00 GB reserved,      12.63 MB (  1%) committed 
             Both:        1.08 GB reserved,      94.04 MB (  9%) committed 

Chunk freelists:
   Non-Class:  33.00 KB
       Class:  0 bytes
        Both:  33.00 KB

MaxMetaspaceSize: 17179869184.00 GB
CompressedClassSpaceSize: 1.00 GB

CodeHeap 'non-profiled nmethods': size=120064Kb used=7949Kb max_used=7949Kb free=112114Kb
 bounds [0x0000028f8dfa0000, 0x0000028f8e770000, 0x0000028f954e0000]
CodeHeap 'profiled nmethods': size=120000Kb used=27901Kb max_used=27901Kb free=92098Kb
 bounds [0x0000028f86a70000, 0x0000028f885b0000, 0x0000028f8dfa0000]
CodeHeap 'non-nmethods': size=5696Kb used=2275Kb max_used=2343Kb free=3420Kb
 bounds [0x0000028f864e0000, 0x0000028f86750000, 0x0000028f86a70000]
 total_blobs=13673 nmethods=12796 adapters=788
 compilation: enabled
              stopped_count=0, restarted_count=0
 full_count=0

Compilation events (20 events):
Event: 3562.347 Thread 0x0000028f9ba66000 nmethod 12872 0x0000028f885ab690 code [0x0000028f885ab8a0, 0x0000028f885abf28]
Event: 3562.348 Thread 0x0000028f9ba66000 12873       3       org.gradle.internal.io.StreamByteBuffer$StreamByteBufferChunk::readToNioBuffer (73 bytes)
Event: 3562.348 Thread 0x0000028f9ba64800 nmethod 12849 0x0000028f8e762c90 code [0x0000028f8e762e60, 0x0000028f8e763378]
Event: 3562.348 Thread 0x0000028f9ba64800 12865       4       org.gradle.internal.logging.sink.OutputEventTransformer::onOutput (399 bytes)
Event: 3562.348 Thread 0x0000028f9ba66000 nmethod 12873 0x0000028f885ac110 code [0x0000028f885ac340, 0x0000028f885aca98]
Event: 3562.348 Thread 0x0000028f9ba66000 12874       3       org.gradle.internal.io.StreamByteBuffer::clear (25 bytes)
Event: 3562.349 Thread 0x0000028f9ba66000 nmethod 12874 0x0000028f885ace10 code [0x0000028f885acfe0, 0x0000028f885ad208]
Event: 3562.349 Thread 0x0000028f9ba66000 12875       3       org.gradle.internal.io.StreamByteBuffer$StreamByteBufferChunk::clear (11 bytes)
Event: 3562.349 Thread 0x0000028f9ba66000 nmethod 12875 0x0000028f885ad310 code [0x0000028f885ad4c0, 0x0000028f885ad5d8]
Event: 3562.350 Thread 0x0000028f9ba66000 12876       3       org.gradle.internal.logging.services.TextStreamOutputEventListener::onTextEvent (44 bytes)
Event: 3562.351 Thread 0x0000028f9ba66000 nmethod 12876 0x0000028f885ad690 code [0x0000028f885ad8e0, 0x0000028f885ae408]
Event: 3562.351 Thread 0x0000028f9ba66000 12877       3       org.gradle.tooling.internal.provider.runner.PluginApplicationTracker::progress (1 bytes)
Event: 3562.351 Thread 0x0000028f9ba66000 nmethod 12877 0x0000028f885ae710 code [0x0000028f885ae8c0, 0x0000028f885ae9b8]
Event: 3562.351 Thread 0x0000028f9ba66000 12878       3       org.gradle.tooling.internal.provider.runner.TaskOriginTracker::progress (1 bytes)
Event: 3562.351 Thread 0x0000028f9ba66000 nmethod 12878 0x0000028f885aea90 code [0x0000028f885aec40, 0x0000028f885aed38]
Event: 3562.352 Thread 0x0000028f9ba66000 12879       3       org.gradle.api.internal.tasks.compile.tooling.JavaCompileTaskSuccessResultPostProcessor::progress (1 bytes)
Event: 3562.352 Thread 0x0000028f9ba66000 nmethod 12879 0x0000028f885aee10 code [0x0000028f885aefc0, 0x0000028f885af0b8]
Event: 3562.352 Thread 0x0000028f9ba66000 12880       3       org.gradle.tooling.internal.provider.runner.SubtreeFilteringBuildOperationListener::progress (1 bytes)
Event: 3562.352 Thread 0x0000028f9ba66000 nmethod 12880 0x0000028f885af190 code [0x0000028f885af340, 0x0000028f885af438]
Event: 3562.352 Thread 0x0000028f9ba66000 12881       3       org.gradle.internal.io.LineBufferingOutputStream::flush (31 bytes)

GC Heap History (20 events):
Event: 29.696 GC heap before
{Heap before GC invocations=19 (full 0):
 garbage-first heap   total 187392K, used 141065K [0x00000000a0000000, 0x0000000100000000)
  region size 1024K, 76 young (77824K), 5 survivors (5120K)
 Metaspace       used 79739K, capacity 82022K, committed 82220K, reserved 1120256K
  class space    used 10519K, capacity 11368K, committed 11392K, reserved 1048576K
}
Event: 29.710 GC heap after
{Heap after GC invocations=20 (full 0):
 garbage-first heap   total 187392K, used 74001K [0x00000000a0000000, 0x0000000100000000)
  region size 1024K, 10 young (10240K), 10 survivors (10240K)
 Metaspace       used 79739K, capacity 82022K, committed 82220K, reserved 1120256K
  class space    used 10519K, capacity 11368K, committed 11392K, reserved 1048576K
}
Event: 31.050 GC heap before
{Heap before GC invocations=20 (full 0):
 garbage-first heap   total 187392K, used 144657K [0x00000000a0000000, 0x0000000100000000)
  region size 1024K, 80 young (81920K), 10 survivors (10240K)
 Metaspace       used 84103K, capacity 86371K, committed 86572K, reserved 1124352K
  class space    used 11048K, capacity 11901K, committed 11904K, reserved 1048576K
}
Event: 31.067 GC heap after
{Heap after GC invocations=21 (full 0):
 garbage-first heap   total 187392K, used 77650K [0x00000000a0000000, 0x0000000100000000)
  region size 1024K, 9 young (9216K), 9 survivors (9216K)
 Metaspace       used 84103K, capacity 86371K, committed 86572K, reserved 1124352K
  class space    used 11048K, capacity 11901K, committed 11904K, reserved 1048576K
}
Event: 31.406 GC heap before
{Heap before GC invocations=21 (full 0):
 garbage-first heap   total 187392K, used 98130K [0x00000000a0000000, 0x0000000100000000)
  region size 1024K, 30 young (30720K), 9 survivors (9216K)
 Metaspace       used 85545K, capacity 87824K, committed 88108K, reserved 1126400K
  class space    used 11241K, capacity 12125K, committed 12160K, reserved 1048576K
}
Event: 31.421 GC heap after
{Heap after GC invocations=22 (full 0):
 garbage-first heap   total 187392K, used 80456K [0x00000000a0000000, 0x0000000100000000)
  region size 1024K, 7 young (7168K), 7 survivors (7168K)
 Metaspace       used 85545K, capacity 87824K, committed 88108K, reserved 1126400K
  class space    used 11241K, capacity 12125K, committed 12160K, reserved 1048576K
}
Event: 33.291 GC heap before
{Heap before GC invocations=23 (full 0):
 garbage-first heap   total 227328K, used 224840K [0x00000000a0000000, 0x0000000100000000)
  region size 1024K, 59 young (60416K), 7 survivors (7168K)
 Metaspace       used 87284K, capacity 89586K, committed 89900K, reserved 1126400K
  class space    used 11423K, capacity 12324K, committed 12416K, reserved 1048576K
}
Event: 33.310 GC heap after
{Heap after GC invocations=24 (full 0):
 garbage-first heap   total 236544K, used 83968K [0x00000000a0000000, 0x0000000100000000)
  region size 1024K, 6 young (6144K), 6 survivors (6144K)
 Metaspace       used 87284K, capacity 89586K, committed 89900K, reserved 1126400K
  class space    used 11423K, capacity 12324K, committed 12416K, reserved 1048576K
}
Event: 33.707 GC heap before
{Heap before GC invocations=24 (full 0):
 garbage-first heap   total 236544K, used 119808K [0x00000000a0000000, 0x0000000100000000)
  region size 1024K, 16 young (16384K), 6 survivors (6144K)
 Metaspace       used 87898K, capacity 90221K, committed 90412K, reserved 1128448K
  class space    used 11517K, capacity 12410K, committed 12416K, reserved 1048576K
}
Event: 33.716 GC heap after
{Heap after GC invocations=25 (full 0):
 garbage-first heap   total 236544K, used 110885K [0x00000000a0000000, 0x0000000100000000)
  region size 1024K, 7 young (7168K), 7 survivors (7168K)
 Metaspace       used 87898K, capacity 90221K, committed 90412K, reserved 1128448K
  class space    used 11517K, capacity 12410K, committed 12416K, reserved 1048576K
}
Event: 34.110 GC heap before
{Heap before GC invocations=26 (full 0):
 garbage-first heap   total 236544K, used 189733K [0x00000000a0000000, 0x0000000100000000)
  region size 1024K, 8 young (8192K), 7 survivors (7168K)
 Metaspace       used 87872K, capacity 90178K, committed 90412K, reserved 1128448K
  class space    used 11509K, capacity 12396K, committed 12416K, reserved 1048576K
}
Event: 34.120 GC heap after
{Heap after GC invocations=27 (full 0):
 garbage-first heap   total 236544K, used 84153K [0x00000000a0000000, 0x0000000100000000)
  region size 1024K, 4 young (4096K), 4 survivors (4096K)
 Metaspace       used 87872K, capacity 90178K, committed 90412K, reserved 1128448K
  class space    used 11509K, capacity 12396K, committed 12416K, reserved 1048576K
}
Event: 34.405 GC heap before
{Heap before GC invocations=28 (full 0):
 garbage-first heap   total 236544K, used 157881K [0x00000000a0000000, 0x0000000100000000)
  region size 1024K, 10 young (10240K), 4 survivors (4096K)
 Metaspace       used 88322K, capacity 90654K, committed 90796K, reserved 1128448K
  class space    used 11566K, capacity 12468K, committed 12544K, reserved 1048576K
}
Event: 34.412 GC heap after
{Heap after GC invocations=29 (full 0):
 garbage-first heap   total 236544K, used 90511K [0x00000000a0000000, 0x0000000100000000)
  region size 1024K, 5 young (5120K), 5 survivors (5120K)
 Metaspace       used 88322K, capacity 90654K, committed 90796K, reserved 1128448K
  class space    used 11566K, capacity 12468K, committed 12544K, reserved 1048576K
}
Event: 2414.189 GC heap before
{Heap before GC invocations=30 (full 0):
 garbage-first heap   total 236544K, used 225679K [0x00000000a0000000, 0x0000000100000000)
  region size 1024K, 63 young (64512K), 5 survivors (5120K)
 Metaspace       used 92013K, capacity 94389K, committed 94636K, reserved 1130496K
  class space    used 11845K, capacity 12729K, committed 12800K, reserved 1048576K
}
Event: 2414.203 GC heap after
{Heap after GC invocations=31 (full 0):
 garbage-first heap   total 236544K, used 85177K [0x00000000a0000000, 0x0000000100000000)
  region size 1024K, 5 young (5120K), 5 survivors (5120K)
 Metaspace       used 92013K, capacity 94389K, committed 94636K, reserved 1130496K
  class space    used 11845K, capacity 12729K, committed 12800K, reserved 1048576K
}
Event: 3274.977 GC heap before
{Heap before GC invocations=31 (full 0):
 garbage-first heap   total 236544K, used 154809K [0x00000000a0000000, 0x0000000100000000)
  region size 1024K, 73 young (74752K), 5 survivors (5120K)
 Metaspace       used 92388K, capacity 94772K, committed 94892K, reserved 1132544K
  class space    used 11849K, capacity 12737K, committed 12800K, reserved 1048576K
}
Event: 3274.987 GC heap after
{Heap after GC invocations=32 (full 0):
 garbage-first heap   total 236544K, used 86082K [0x00000000a0000000, 0x0000000100000000)
  region size 1024K, 6 young (6144K), 6 survivors (6144K)
 Metaspace       used 92388K, capacity 94772K, committed 94892K, reserved 1132544K
  class space    used 11849K, capacity 12737K, committed 12800K, reserved 1048576K
}
Event: 3549.191 GC heap before
{Heap before GC invocations=32 (full 0):
 garbage-first heap   total 236544K, used 159810K [0x00000000a0000000, 0x0000000100000000)
  region size 1024K, 79 young (80896K), 6 survivors (6144K)
 Metaspace       used 93355K, capacity 95877K, committed 96044K, reserved 1132544K
  class space    used 11920K, capacity 12850K, committed 12928K, reserved 1048576K
}
Event: 3549.208 GC heap after
{Heap after GC invocations=33 (full 0):
 garbage-first heap   total 236544K, used 86742K [0x00000000a0000000, 0x0000000100000000)
  region size 1024K, 4 young (4096K), 4 survivors (4096K)
 Metaspace       used 93355K, capacity 95877K, committed 96044K, reserved 1132544K
  class space    used 11920K, capacity 12850K, committed 12928K, reserved 1048576K
}

Deoptimization events (20 events):
Event: 3550.056 Thread 0x0000028fa272e800 Uncommon trap: trap_request=0xffffffd6 fr.pc=0x0000028f8e729194 relative=0x00000000000009f4
Event: 3550.056 Thread 0x0000028fa272e800 Uncommon trap: reason=array_check action=maybe_recompile pc=0x0000028f8e729194 method=com.google.common.collect.ImmutableSet.construct(I[Ljava/lang/Object;)Lcom/google/common/collect/ImmutableSet; @ 122 c2
Event: 3550.056 Thread 0x0000028fa272e800 DEOPT PACKING pc=0x0000028f8e729194 sp=0x000000aea80f8490
Event: 3550.056 Thread 0x0000028fa272e800 DEOPT UNPACKING pc=0x0000028f865078af sp=0x000000aea80f8418 mode 2
Event: 3550.074 Thread 0x0000028fa272e800 Uncommon trap: trap_request=0xffffffd6 fr.pc=0x0000028f8e729194 relative=0x00000000000009f4
Event: 3550.074 Thread 0x0000028fa272e800 Uncommon trap: reason=array_check action=maybe_recompile pc=0x0000028f8e729194 method=com.google.common.collect.ImmutableSet.construct(I[Ljava/lang/Object;)Lcom/google/common/collect/ImmutableSet; @ 122 c2
Event: 3550.074 Thread 0x0000028fa272e800 DEOPT PACKING pc=0x0000028f8e729194 sp=0x000000aea80f9f90
Event: 3550.074 Thread 0x0000028fa272e800 DEOPT UNPACKING pc=0x0000028f865078af sp=0x000000aea80f9f18 mode 2
Event: 3550.093 Thread 0x0000028fa272e800 Uncommon trap: trap_request=0xffffffd6 fr.pc=0x0000028f8e729194 relative=0x00000000000009f4
Event: 3550.093 Thread 0x0000028fa272e800 Uncommon trap: reason=array_check action=maybe_recompile pc=0x0000028f8e729194 method=com.google.common.collect.ImmutableSet.construct(I[Ljava/lang/Object;)Lcom/google/common/collect/ImmutableSet; @ 122 c2
Event: 3550.093 Thread 0x0000028fa272e800 DEOPT PACKING pc=0x0000028f8e729194 sp=0x000000aea80fa0d0
Event: 3550.093 Thread 0x0000028fa272e800 DEOPT UNPACKING pc=0x0000028f865078af sp=0x000000aea80fa058 mode 2
Event: 3550.237 Thread 0x0000028fa272e800 Uncommon trap: trap_request=0xffffffd6 fr.pc=0x0000028f8e6f52f4 relative=0x0000000000000914
Event: 3550.237 Thread 0x0000028fa272e800 Uncommon trap: reason=array_check action=maybe_recompile pc=0x0000028f8e6f52f4 method=java.util.ComparableTimSort.binarySort([Ljava/lang/Object;III)V @ 183 c2
Event: 3550.237 Thread 0x0000028fa272e800 DEOPT PACKING pc=0x0000028f8e6f52f4 sp=0x000000aea80f9ae0
Event: 3550.237 Thread 0x0000028fa272e800 DEOPT UNPACKING pc=0x0000028f865078af sp=0x000000aea80f9a80 mode 2
Event: 3550.239 Thread 0x0000028fa272e800 Uncommon trap: trap_request=0xffffffd6 fr.pc=0x0000028f8e6f52f4 relative=0x0000000000000914
Event: 3550.239 Thread 0x0000028fa272e800 Uncommon trap: reason=array_check action=maybe_recompile pc=0x0000028f8e6f52f4 method=java.util.ComparableTimSort.binarySort([Ljava/lang/Object;III)V @ 183 c2
Event: 3550.239 Thread 0x0000028fa272e800 DEOPT PACKING pc=0x0000028f8e6f52f4 sp=0x000000aea80f9a60
Event: 3550.239 Thread 0x0000028fa272e800 DEOPT UNPACKING pc=0x0000028f865078af sp=0x000000aea80f9a00 mode 2

Classes redefined (0 events):
No events

Internal exceptions (20 events):
Event: 34.860 Thread 0x0000028f9e67a800 Exception <a 'java/lang/ClassNotFoundException'{0x00000000adb96de0}: com/android/build/OutputFileCustomizer> (0x00000000adb96de0) thrown at [./src/hotspot/share/classfile/systemDictionary.cpp, line 231]
Event: 35.163 Thread 0x0000028f9e67a800 Exception <a 'java/lang/NoSuchMethodError'{0x00000000ad450898}: 'java.lang.Object java.lang.invoke.DirectMethodHandle$Holder.invokeSpecial(java.lang.Object, java.lang.Object, java.lang.Object, int, int, java.lang.Object, java.lang.Object)'> (0x00000000ad450898) thrown at [./src/hotspot/share/interpreter/linkResolver.cpp, line 773]
Event: 35.163 Thread 0x0000028f9e67a800 Exception <a 'java/lang/NoSuchMethodError'{0x00000000ad459a00}: 'java.lang.Object java.lang.invoke.DirectMethodHandle$Holder.invokeStatic(java.lang.Object, java.lang.Object, java.lang.Object, int, int, java.lang.Object)'> (0x00000000ad459a00) thrown at [./src/hotspot/share/interpreter/linkResolver.cpp, line 773]
Event: 35.164 Thread 0x0000028f9e67a800 Exception <a 'java/lang/NoSuchMethodError'{0x00000000ad45d720}: 'java.lang.Object java.lang.invoke.DirectMethodHandle$Holder.invokeSpecial(java.lang.Object, java.lang.Object, java.lang.Object, java.lang.Object, int, int, java.lang.Object)'> (0x00000000ad45d720) thrown at [./src/hotspot/share/interpreter/linkResolver.cpp, line 773]
Event: 35.164 Thread 0x0000028f9e67a800 Exception <a 'java/lang/NoSuchMethodError'{0x00000000ad460c40}: 'java.lang.Object java.lang.invoke.Invokers$Holder.linkToTargetMethod(java.lang.Object, java.lang.Object, int, int, java.lang.Object, java.lang.Object)'> (0x00000000ad460c40) thrown at [./src/hotspot/share/interpreter/linkResolver.cpp, line 773]
Event: 3274.732 Thread 0x0000028fa272f800 Implicit null exception at 0x0000028f8e608c6a to 0x0000028f8e60f058
Event: 3275.121 Thread 0x0000028fa272f800 Exception <a 'sun/nio/fs/WindowsException'{0x00000000ad34fa98}> (0x00000000ad34fa98) thrown at [./src/hotspot/share/prims/jni.cpp, line 615]
Event: 3275.708 Thread 0x0000028fa272f800 Implicit null exception at 0x0000028f8e696a52 to 0x0000028f8e696e58
Event: 3275.719 Thread 0x0000028fa272f800 Exception <a 'sun/nio/fs/WindowsException'{0x00000000ac424548}> (0x00000000ac424548) thrown at [./src/hotspot/share/prims/jni.cpp, line 615]
Event: 3281.873 Thread 0x0000028f9e21d000 Exception <a 'java/lang/NoSuchMethodError'{0x00000000ab731638}: 'int java.lang.invoke.DirectMethodHandle$Holder.invokeVirtual(java.lang.Object, java.lang.Object)'> (0x00000000ab731638) thrown at [./src/hotspot/share/interpreter/linkResolver.cpp, line 773]
Event: 3283.784 Thread 0x0000028fa272f800 Exception <a 'java/lang/reflect/InvocationTargetException'{0x00000000ab8fb598}> (0x00000000ab8fb598) thrown at [./src/hotspot/share/runtime/reflection.cpp, line 1247]
Event: 3283.855 Thread 0x0000028fa272f800 Implicit null exception at 0x0000028f8e0fa2c7 to 0x0000028f8e0fa65c
Event: 3283.913 Thread 0x0000028fa2732800 Exception <a 'java/lang/NoSuchMethodError'{0x00000000aafacaf8}: <clinit>> (0x00000000aafacaf8) thrown at [./src/hotspot/share/prims/jni.cpp, line 1362]
Event: 3283.914 Thread 0x0000028fa2732800 Exception <a 'java/lang/NoSuchMethodError'{0x00000000aafc5258}: <clinit>> (0x00000000aafc5258) thrown at [./src/hotspot/share/prims/jni.cpp, line 1362]
Event: 3283.914 Thread 0x0000028fa2732800 Exception <a 'java/lang/NoSuchMethodError'{0x00000000aafc6940}: <clinit>> (0x00000000aafc6940) thrown at [./src/hotspot/share/prims/jni.cpp, line 1362]
Event: 3283.915 Thread 0x0000028fa2732800 Exception <a 'java/lang/NoSuchMethodError'{0x00000000aafd8ce8}: <clinit>> (0x00000000aafd8ce8) thrown at [./src/hotspot/share/prims/jni.cpp, line 1362]
Event: 3283.916 Thread 0x0000028fa2732800 Exception <a 'java/lang/NoSuchMethodError'{0x00000000aafe5090}: <clinit>> (0x00000000aafe5090) thrown at [./src/hotspot/share/prims/jni.cpp, line 1362]
Event: 3549.252 Thread 0x0000028fa272e800 Exception <a 'sun/nio/fs/WindowsException'{0x00000000adf5d7d0}> (0x00000000adf5d7d0) thrown at [./src/hotspot/share/prims/jni.cpp, line 615]
Event: 3549.441 Thread 0x0000028fa272e800 Implicit null exception at 0x0000028f8e6a4774 to 0x0000028f8e6a4fa4
Event: 3549.738 Thread 0x0000028fa272e800 Exception <a 'sun/nio/fs/WindowsException'{0x00000000ad0808d0}> (0x00000000ad0808d0) thrown at [./src/hotspot/share/prims/jni.cpp, line 615]

Events (20 events):
Event: 3549.489 Executing VM operation: BulkRevokeBias
Event: 3549.495 Executing VM operation: BulkRevokeBias done
Event: 3549.728 Executing VM operation: RevokeBias
Event: 3549.729 Executing VM operation: RevokeBias done
Event: 3549.729 Executing VM operation: RevokeBias
Event: 3549.729 Executing VM operation: RevokeBias done
Event: 3550.252 Executing VM operation: BulkRevokeBias
Event: 3550.254 Executing VM operation: BulkRevokeBias done
Event: 3550.255 Thread 0x0000028f9f02d800 Thread added: 0x0000028f9f02d800
Event: 3550.255 Thread 0x0000028fa3e7b000 Thread added: 0x0000028fa3e7b000
Event: 3550.255 Thread 0x0000028fa3e7c800 Thread added: 0x0000028fa3e7c800
Event: 3550.268 Executing VM operation: RevokeBias
Event: 3550.268 Executing VM operation: RevokeBias done
Event: 3550.269 Thread 0x0000028fa3e7c000 Thread added: 0x0000028fa3e7c000
Event: 3550.308 Executing VM operation: RevokeBias
Event: 3550.309 Executing VM operation: RevokeBias done
Event: 3550.435 Thread 0x0000028fa3e7d800 Thread added: 0x0000028fa3e7d800
Event: 3550.443 Thread 0x0000028fa3e7e800 Thread added: 0x0000028fa3e7e800
Event: 3550.443 Thread 0x0000028fa3e7f000 Thread added: 0x0000028fa3e7f000
Event: 3557.202 Thread 0x0000028fa114a000 Thread exited: 0x0000028fa114a000


Dynamic libraries:
0x00007ff7be060000 - 0x00007ff7be06a000 	C:\Program Files\Android\Android Studio\jre\bin\java.exe
0x00007ffa9ff40000 - 0x00007ffaa0149000 	C:\WINDOWS\SYSTEM32\ntdll.dll
0x00007ffa9f410000 - 0x00007ffa9f4cd000 	C:\WINDOWS\System32\KERNEL32.DLL
0x00007ffa9d850000 - 0x00007ffa9dbc4000 	C:\WINDOWS\System32\KERNELBASE.dll
0x00007ffa9d430000 - 0x00007ffa9d541000 	C:\WINDOWS\System32\ucrtbase.dll
0x00007ffa8efd0000 - 0x00007ffa8efe9000 	C:\Program Files\Android\Android Studio\jre\bin\jli.dll
0x00007ffa8efb0000 - 0x00007ffa8efc7000 	C:\Program Files\Android\Android Studio\jre\bin\VCRUNTIME140.dll
0x00007ffa9e200000 - 0x00007ffa9e3ac000 	C:\WINDOWS\System32\USER32.dll
0x00007ffa9ddb0000 - 0x00007ffa9ddd6000 	C:\WINDOWS\System32\win32u.dll
0x00007ffa8a010000 - 0x00007ffa8a2b5000 	C:\WINDOWS\WinSxS\amd64_microsoft.windows.common-controls_6595b64144ccf1df_6.0.22000.120_none_9d947278b86cc467\COMCTL32.dll
0x00007ffa9eb60000 - 0x00007ffa9ec03000 	C:\WINDOWS\System32\msvcrt.dll
0x00007ffa9eea0000 - 0x00007ffa9eec9000 	C:\WINDOWS\System32\GDI32.dll
0x00007ffa9dbd0000 - 0x00007ffa9dce2000 	C:\WINDOWS\System32\gdi32full.dll
0x00007ffa9d740000 - 0x00007ffa9d7dd000 	C:\WINDOWS\System32\msvcp_win.dll
0x00007ffa9f5c0000 - 0x00007ffa9f5f1000 	C:\WINDOWS\System32\IMM32.DLL
0x00007ffa72af0000 - 0x00007ffa72b8d000 	C:\Program Files\Android\Android Studio\jre\bin\msvcp140.dll
0x00007ffa501e0000 - 0x00007ffa50caf000 	C:\Program Files\Android\Android Studio\jre\bin\server\jvm.dll
0x00007ffa9fb50000 - 0x00007ffa9fbfe000 	C:\WINDOWS\System32\ADVAPI32.dll
0x00007ffa9fd70000 - 0x00007ffa9fe0e000 	C:\WINDOWS\System32\sechost.dll
0x00007ffa9dde0000 - 0x00007ffa9df00000 	C:\WINDOWS\System32\RPCRT4.dll
0x00007ffa9ee20000 - 0x00007ffa9ee28000 	C:\WINDOWS\System32\PSAPI.DLL
0x00007ffa8ae80000 - 0x00007ffa8ae89000 	C:\WINDOWS\SYSTEM32\WSOCK32.dll
0x00007ffa97fa0000 - 0x00007ffa97fd3000 	C:\WINDOWS\SYSTEM32\WINMM.dll
0x00007ffa956a0000 - 0x00007ffa956aa000 	C:\WINDOWS\SYSTEM32\VERSION.dll
0x00007ffa9ee30000 - 0x00007ffa9ee9f000 	C:\WINDOWS\System32\WS2_32.dll
0x00007ffa9c530000 - 0x00007ffa9c548000 	C:\WINDOWS\SYSTEM32\kernel.appcore.dll
0x00007ffa8ef90000 - 0x00007ffa8efa1000 	C:\Program Files\Android\Android Studio\jre\bin\verify.dll
0x00007ffa9b0c0000 - 0x00007ffa9b2e1000 	C:\WINDOWS\SYSTEM32\DBGHELP.DLL
0x00007ffa854e0000 - 0x00007ffa85511000 	C:\WINDOWS\SYSTEM32\dbgcore.DLL
0x00007ffa9d6c0000 - 0x00007ffa9d73f000 	C:\WINDOWS\System32\bcryptPrimitives.dll
0x00007ffa89f40000 - 0x00007ffa89f69000 	C:\Program Files\Android\Android Studio\jre\bin\java.dll
0x00007ffa98d60000 - 0x00007ffa98d6b000 	C:\Program Files\Android\Android Studio\jre\bin\jimage.dll
0x00007ffa8d8a0000 - 0x00007ffa8d8b8000 	C:\Program Files\Android\Android Studio\jre\bin\zip.dll
0x00007ffa9e3b0000 - 0x00007ffa9eb5e000 	C:\WINDOWS\System32\SHELL32.dll
0x00007ffa9b5a0000 - 0x00007ffa9be08000 	C:\WINDOWS\SYSTEM32\windows.storage.dll
0x00007ffa9eed0000 - 0x00007ffa9f248000 	C:\WINDOWS\System32\combase.dll
0x00007ffa9b430000 - 0x00007ffa9b596000 	C:\WINDOWS\SYSTEM32\wintypes.dll
0x00007ffa9fe10000 - 0x00007ffa9fefa000 	C:\WINDOWS\System32\SHCORE.dll
0x00007ffa9f560000 - 0x00007ffa9f5bd000 	C:\WINDOWS\System32\shlwapi.dll
0x00007ffa9d360000 - 0x00007ffa9d381000 	C:\WINDOWS\SYSTEM32\profapi.dll
0x00007ffa8b5c0000 - 0x00007ffa8b5da000 	C:\Program Files\Android\Android Studio\jre\bin\net.dll
0x00007ffa95a50000 - 0x00007ffa95b5c000 	C:\WINDOWS\SYSTEM32\WINHTTP.dll
0x00007ffa9c960000 - 0x00007ffa9c9c7000 	C:\WINDOWS\system32\mswsock.dll
0x00007ffa84f60000 - 0x00007ffa84f74000 	C:\Program Files\Android\Android Studio\jre\bin\nio.dll
0x00007ffa821d0000 - 0x00007ffa821f6000 	C:\Users\Muhammad Kamran\.gradle\native\fdc75f09e3144964f2cf3f50f0aa648679c211496f362492102eb8c894070792\windows-amd64\native-platform.dll
0x00007ffa6d0d0000 - 0x00007ffa6d261000 	C:\Users\Muhammad Kamran\.gradle\native\12488b8bf47d2d4c9fbf2f6322a914ad602e24e48041cd04a747c6da556b65c4\windows-amd64\native-platform-file-events.dll
0x00007ffa8c510000 - 0x00007ffa8c51a000 	C:\Program Files\Android\Android Studio\jre\bin\management.dll
0x00007ffa8b560000 - 0x00007ffa8b56c000 	C:\Program Files\Android\Android Studio\jre\bin\management_ext.dll
0x00007ffa9cba0000 - 0x00007ffa9cbb8000 	C:\WINDOWS\SYSTEM32\CRYPTSP.dll
0x00007ffa9c490000 - 0x00007ffa9c4c5000 	C:\WINDOWS\system32\rsaenh.dll
0x00007ffa9ca50000 - 0x00007ffa9ca79000 	C:\WINDOWS\SYSTEM32\USERENV.dll
0x00007ffa9cd20000 - 0x00007ffa9cd47000 	C:\WINDOWS\SYSTEM32\bcrypt.dll
0x00007ffa9cbc0000 - 0x00007ffa9cbcc000 	C:\WINDOWS\SYSTEM32\CRYPTBASE.dll
0x00007ffa9c060000 - 0x00007ffa9c08d000 	C:\WINDOWS\SYSTEM32\IPHLPAPI.DLL
0x00007ffa9fd00000 - 0x00007ffa9fd09000 	C:\WINDOWS\System32\NSI.dll
0x00007ffa95830000 - 0x00007ffa95849000 	C:\WINDOWS\SYSTEM32\dhcpcsvc6.DLL
0x00007ffa97f70000 - 0x00007ffa97f8e000 	C:\WINDOWS\SYSTEM32\dhcpcsvc.DLL
0x00007ffa9c0d0000 - 0x00007ffa9c1b7000 	C:\WINDOWS\SYSTEM32\DNSAPI.dll
0x00007ffa956b0000 - 0x00007ffa956bc000 	C:\WINDOWS\SYSTEM32\WINNSI.DLL
0x00007ffa97e70000 - 0x00007ffa97e97000 	C:\Program Files\Android\Android Studio\jre\bin\sunec.dll

dbghelp: loaded successfully - version: 4.0.5 - missing functions: none
symbol engine: initialized successfully - sym options: 0x614 - pdb path: .;C:\Program Files\Android\Android Studio\jre\bin;C:\WINDOWS\SYSTEM32;C:\WINDOWS\WinSxS\amd64_microsoft.windows.common-controls_6595b64144ccf1df_6.0.22000.120_none_9d947278b86cc467;C:\Program Files\Android\Android Studio\jre\bin\server;C:\Users\Muhammad Kamran\.gradle\native\fdc75f09e3144964f2cf3f50f0aa648679c211496f362492102eb8c894070792\windows-amd64;C:\Users\Muhammad Kamran\.gradle\native\12488b8bf47d2d4c9fbf2f6322a914ad602e24e48041cd04a747c6da556b65c4\windows-amd64

VM Arguments:
jvm_args: --add-opens=java.base/java.util=ALL-UNNAMED --add-opens=java.base/java.lang=ALL-UNNAMED --add-opens=java.base/java.lang.invoke=ALL-UNNAMED --add-opens=java.prefs/java.util.prefs=ALL-UNNAMED -Xmx1536M -Dfile.encoding=windows-1252 -Duser.country=US -Duser.language=en -Duser.variant 
java_command: org.gradle.launcher.daemon.bootstrap.GradleDaemon 6.7
java_class_path (initial): C:\Users\Muhammad Kamran\.gradle\wrapper\dists\gradle-6.7-all\cuy9mc7upwgwgeb72wkcrupxe\gradle-6.7\lib\gradle-launcher-6.7.jar
Launcher Type: SUN_STANDARD

[Global flags]
     intx CICompilerCount                          = 3                                         {product} {ergonomic}
     uint ConcGCThreads                            = 1                                         {product} {ergonomic}
     uint G1ConcRefinementThreads                  = 4                                         {product} {ergonomic}
   size_t G1HeapRegionSize                         = 1048576                                   {product} {ergonomic}
    uintx GCDrainStackTargetSize                   = 64                                        {product} {ergonomic}
   size_t InitialHeapSize                          = 132120576                                 {product} {ergonomic}
   size_t MarkStackSize                            = 4194304                                   {product} {ergonomic}
   size_t MaxHeapSize                              = 1610612736                                {product} {command line}
   size_t MaxNewSize                               = 965738496                                 {product} {ergonomic}
   size_t MinHeapDeltaBytes                        = 1048576                                   {product} {ergonomic}
    uintx NonNMethodCodeHeapSize                   = 5830732                                {pd product} {ergonomic}
    uintx NonProfiledCodeHeapSize                  = 122913754                              {pd product} {ergonomic}
    uintx ProfiledCodeHeapSize                     = 122913754                              {pd product} {ergonomic}
    uintx ReservedCodeCacheSize                    = 251658240                              {pd product} {ergonomic}
     bool SegmentedCodeCache                       = true                                      {product} {ergonomic}
     bool UseCompressedClassPointers               = true                                 {lp64_product} {ergonomic}
     bool UseCompressedOops                        = true                                 {lp64_product} {ergonomic}
     bool UseG1GC                                  = true                                      {product} {ergonomic}
     bool UseLargePagesIndividualAllocation        = false                                  {pd product} {ergonomic}

Logging:
Log output configuration:
 #0: stdout all=warning uptime,level,tags
 #1: stderr all=off uptime,level,tags

Environment Variables:
JAVA_HOME=C:\Program Files\Android\Android Studio\jre
CLASSPATH=C:\Users\Muhammad Kamran\Desktop\itourapp\android\\gradle\wrapper\gradle-wrapper.jar
PATH=C:\Program Files\Common Files\Oracle\Java\javapath;C:\WINDOWS\system32;C:\WINDOWS;C:\WINDOWS\System32\Wbem;C:\WINDOWS\System32\WindowsPowerShell\v1.0\;C:\WINDOWS\System32\OpenSSH\;C:\flutter\bin;C:\Program Files\Dart\dart-sdk\bin;C:\Program Files\Git\cmd;%JAVA_HOME$\bin;C:\Program Files\Microsoft SQL Server\150\Tools\Binn\;C:\Program Files (x86)\IncrediBuild;C:\Users\Muhammad Kamran\AppData\Local\Microsoft\WindowsApps;C:\Program Files\JetBrains\PyCharm Community Edition 2021.2\bin;;C:\Program Files\Dart\dart-sdk;C:\Users\Muhammad Kamran\AppData\Local\GitHubDesktop\bin;C:\Program Files\Git\bin;C:\Users\Muhammad Kamran\AppData\Local\Programs\Microsoft VS Code\bin;C:\flutter\bin;;C:\flutter\bin\mingit\cmd
USERNAME=Muhammad Kamran
OS=Windows_NT
PROCESSOR_IDENTIFIER=Intel64 Family 6 Model 142 Stepping 9, GenuineIntel



---------------  S Y S T E M  ---------------

OS: Windows 10 , 64 bit Build 22000 (10.0.22000.434)
OS uptime: 0 days 3:38 hours

CPU:total 4 (initial active 4) (2 cores per cpu, 2 threads per core) family 6 model 142 stepping 9 microcode 0xea, cmov, cx8, fxsr, mmx, sse, sse2, sse3, ssse3, sse4.1, sse4.2, popcnt, avx, avx2, aes, clmul, erms, 3dnowpref, lzcnt, ht, tsc, tscinvbit, bmi1, bmi2, adx, fma

Memory: 4k page, system-wide physical 7974M (301M free)
TotalPageFile size 7974M (AvailPageFile size 1M)
current process WorkingSet (physical memory assigned to process): 446M, peak: 560M
current process commit charge ("private bytes"): 512M, peak: 594M

vm_info: OpenJDK 64-Bit Server VM (11.0.10+0-b96-7249189) for windows-amd64 JRE (11.0.10+0-b96-7249189), built on Mar 31 2021 21:44:00 by "builder" with MS VC++ 14.0 (VS2015)

END.
