#
# A fatal error has been detected by the Java Runtime Environment:
#
#  EXCEPTION_ACCESS_VIOLATION (0xc0000005) at pc=0x00007ff97f781be9, pid=1236, tid=8980
#
# JRE version:  (17.0.2+8) (build )
# Java VM: Java HotSpot(TM) 64-Bit Server VM (17.0.2+8-LTS-86, mixed mode, sharing, tiered, unknown gc, windows-amd64)
# Problematic frame:
# C  [jimage.dll+0x1be9]
#
# No core dump will be written. Minidumps are not enabled by default on client versions of Windows
#
#

---------------  S U M M A R Y ------------

Command Line: 

Host: Intel(R) Core(TM) i7-7500U CPU @ 2.70GHz, 4 cores, 7G,  Windows 11 , 64 bit Build 22000 (10.0.22000.434)
Time: Tue Mar  1 17:47:34 2022 Pakistan Standard Time elapsed time: 0.029252 seconds (0d 0h 0m 0s)

---------------  T H R E A D  ---------------

Current thread is native thread

Stack: [0x0000008385700000,0x0000008385800000],  sp=0x00000083857fd580,  free space=1013k
Native frames: (J=compiled Java code, j=interpreted, Vv=VM code, C=native code)
C  [jimage.dll+0x1be9]


siginfo: EXCEPTION_ACCESS_VIOLATION (0xc0000005), reading address 0x0000000000017754


Registers:
RAX=0x0000000000005dce, RBX=0x00000083857fd671, RCX=0x00007ff97f786000, RDX=0x0000000000005dce
RSP=0x00000083857fd580, RBP=0x00000083857fd670, RSI=0x00000000000071d2, RDI=0x00000083857fd670
R8 =0x00007ff97f784288, R9 =0x000000000000001c, R10=0x00007ff97f400000, R11=0x00007ff97f786000
R12=0x0000000000000000, R13=0x0000019d714f9b90, R14=0x00000083857fe6e0, R15=0x00007ff947163548
RIP=0x00007ff97f781be9, EFLAGS=0x0000000000010246

Top of Stack: (sp=0x00000083857fd580)
0x00000083857fd580:   0000008300020000 00000083857fd5b0
0x00000083857fd590:   00000083857fd5b0 00000083857fd5b0
0x00000083857fd5a0:   0000019d714ece20 00007ff97f781d77
0x00000083857fd5b0:   000000000000000b 0000019d714ece20
0x00000083857fd5c0:   0000000000000000 00000083857fda60
0x00000083857fd5d0:   0000000000000000 0000000000000001
0x00000083857fd5e0:   0000000000000000 0000000000000000
0x00000083857fd5f0:   00000083857fd700 00007ff9911852fb
0x00000083857fd600:   0000000000000000 0000000000000000
0x00000083857fd610:   0000ca7f16e8f2e1 0000000100420000
0x00000083857fd620:   00007ff947141b20 0000000000000017
0x00000083857fd630:   0000019d714ece20 00000083857fe6e0
0x00000083857fd640:   000000000000000b 00007ff97f782655
0x00000083857fd650:   0000019d01000020 00000083857fdd00
0x00000083857fd660:   0000000000000000 00007ff900000000
0x00000083857fd670:   61622e6176616a2f 692f6b646a2f6573 

Instructions: (pc=0x00007ff97f781be9)
0x00007ff97f781ae9:   48 85 c9 74 1d 80 3d 1b 45 00 00 00 74 06 48 8b
0x00007ff97f781af9:   53 18 eb 04 48 8b 53 40 e8 ae 0e 00 00 48 83 63
0x00007ff97f781b09:   48 00 8b 4b 0c 83 f9 ff 74 09 e8 e4 0c 00 00 83
0x00007ff97f781b19:   4b 0c ff 48 8b 4b 70 48 85 c9 74 0f ba 10 00 00
0x00007ff97f781b29:   00 e8 fd 0e 00 00 48 83 63 70 00 48 83 c4 20 5b
0x00007ff97f781b39:   c3 cc cc 40 53 48 83 ec 20 48 8b d9 48 8d 0d d4
0x00007ff97f781b49:   46 00 00 e8 b3 0c 00 00 83 6b 08 01 75 24 48 8b
0x00007ff97f781b59:   d3 48 8d 0d b7 44 00 00 e8 22 08 00 00 48 8b cb
0x00007ff97f781b69:   e8 de fe ff ff ba 78 00 00 00 48 8b cb e8 b1 0e
0x00007ff97f781b79:   00 00 48 8d 0d 9e 46 00 00 48 83 c4 20 5b e9 80
0x00007ff97f781b89:   0c 00 00 48 89 5c 24 08 48 89 74 24 10 57 48 83
0x00007ff97f781b99:   ec 20 41 8b f1 4d 8b c8 48 8b fa 4c 8b d9 4d 85
0x00007ff97f781ba9:   c0 74 78 85 f6 74 74 44 8a 12 48 8d 5a 01 48 8b
0x00007ff97f781bb9:   d3 b8 93 01 00 01 eb 12 69 c0 93 01 00 01 41 0f
0x00007ff97f781bc9:   b6 ca 44 8a 12 33 c1 48 ff c2 45 84 d2 75 e9 4d
0x00007ff97f781bd9:   8b 03 0f ba f0 1f 33 d2 49 8b cb f7 f6 48 63 c2
0x00007ff97f781be9:   41 8b 14 81 41 ff 50 08 85 c0 7e 24 8a 0f eb 10
0x00007ff97f781bf9:   69 c0 93 01 00 01 0f b6 c9 33 c1 8a 0b 48 ff c3
0x00007ff97f781c09:   84 c9 75 ec 0f ba f0 1f 33 d2 f7 f6 8b c2 eb 0e
0x00007ff97f781c19:   79 09 83 c9 ff 2b c8 8b c1 eb 03 83 c8 ff 48 8b
0x00007ff97f781c29:   5c 24 30 48 8b 74 24 38 48 83 c4 20 5f c3 cc 48
0x00007ff97f781c39:   89 5c 24 08 48 89 74 24 10 57 48 83 ec 20 48 8b
0x00007ff97f781c49:   f1 48 8d 0d cf 45 00 00 e8 ae 0b 00 00 33 ff 39
0x00007ff97f781c59:   3d ba 43 00 00 76 24 48 8b 05 b9 43 00 00 48 8b
0x00007ff97f781c69:   d6 48 8b 1c f8 48 8b 0b e8 64 1e 00 00 85 c0 74
0x00007ff97f781c79:   2b ff c7 3b 3d 96 43 00 00 72 dc 33 db 48 8d 0d
0x00007ff97f781c89:   93 45 00 00 e8 7a 0b 00 00 48 8b 74 24 38 48 8b
0x00007ff97f781c99:   c3 48 8b 5c 24 30 48 83 c4 20 5f c3 ff 43 08 eb
0x00007ff97f781ca9:   dc cc cc 48 89 5c 24 08 48 89 74 24 10 57 48 83
0x00007ff97f781cb9:   ec 20 48 8b d9 48 8b f2 48 8b 49 10 49 8b f8 8b
0x00007ff97f781cc9:   53 30 48 8b 01 ff 50 20 4c 8b 43 50 48 8b d6 48
0x00007ff97f781cd9:   8b 4b 10 44 8b c8 e8 a8 fe ff ff 83 f8 ff 74 38 



---------------  P R O C E S S  ---------------

VM state: not at safepoint (not fully initialized)

VM Mutex/Monitor currently owned by a thread: None

GC Precious Log:
<Not initialized>


Dynamic libraries:
0x00007ff6fe800000 - 0x00007ff6fe810000 	C:\Program Files\Java\jdk-17.0.2\bin\java.exe
0x00007ff991140000 - 0x00007ff991349000 	C:\WINDOWS\SYSTEM32\ntdll.dll
0x00007ff98ff90000 - 0x00007ff99004d000 	C:\WINDOWS\System32\KERNEL32.DLL
0x00007ff98e660000 - 0x00007ff98e9d4000 	C:\WINDOWS\System32\KERNELBASE.dll
0x00007ff98eec0000 - 0x00007ff98efd1000 	C:\WINDOWS\System32\ucrtbase.dll
0x00007ff97f480000 - 0x00007ff97f498000 	C:\Program Files\Java\jdk-17.0.2\bin\jli.dll
0x00007ff97f400000 - 0x00007ff97f41a000 	C:\Program Files\Java\jdk-17.0.2\bin\VCRUNTIME140.dll
0x00007ff98efe0000 - 0x00007ff98f08e000 	C:\WINDOWS\System32\ADVAPI32.dll
0x00007ff98fe40000 - 0x00007ff98fee3000 	C:\WINDOWS\System32\msvcrt.dll
0x00007ff98fef0000 - 0x00007ff98ff8e000 	C:\WINDOWS\System32\sechost.dll
0x00007ff98faa0000 - 0x00007ff98fbc0000 	C:\WINDOWS\System32\RPCRT4.dll
0x00007ff98f0a0000 - 0x00007ff98f24c000 	C:\WINDOWS\System32\USER32.dll
0x00007ff97c1b0000 - 0x00007ff97c455000 	C:\WINDOWS\WinSxS\amd64_microsoft.windows.common-controls_6595b64144ccf1df_6.0.22000.120_none_9d947278b86cc467\COMCTL32.dll
0x00007ff98e630000 - 0x00007ff98e656000 	C:\WINDOWS\System32\win32u.dll
0x00007ff98fa70000 - 0x00007ff98fa99000 	C:\WINDOWS\System32\GDI32.dll
0x00007ff98e9e0000 - 0x00007ff98eaf2000 	C:\WINDOWS\System32\gdi32full.dll
0x00007ff98ee20000 - 0x00007ff98eebd000 	C:\WINDOWS\System32\msvcp_win.dll
0x00007ff988190000 - 0x00007ff98819a000 	C:\WINDOWS\SYSTEM32\VERSION.dll
0x00007ff990050000 - 0x00007ff990081000 	C:\WINDOWS\System32\IMM32.DLL
0x00007ff98a780000 - 0x00007ff98a78c000 	C:\Program Files\Java\jdk-17.0.2\bin\vcruntime140_1.dll
0x00007ff9686a0000 - 0x00007ff96872d000 	C:\Program Files\Java\jdk-17.0.2\bin\msvcp140.dll
0x00007ff946890000 - 0x00007ff947451000 	C:\Program Files\Java\jdk-17.0.2\bin\server\jvm.dll
0x00007ff98f4a0000 - 0x00007ff98f4a8000 	C:\WINDOWS\System32\PSAPI.DLL
0x00007ff988d70000 - 0x00007ff988da3000 	C:\WINDOWS\SYSTEM32\WINMM.dll
0x00007ff97b2f0000 - 0x00007ff97b2f9000 	C:\WINDOWS\SYSTEM32\WSOCK32.dll
0x00007ff98fdd0000 - 0x00007ff98fe3f000 	C:\WINDOWS\System32\WS2_32.dll
0x00007ff98d730000 - 0x00007ff98d748000 	C:\WINDOWS\SYSTEM32\kernel.appcore.dll
0x00007ff97f780000 - 0x00007ff97f78a000 	C:\Program Files\Java\jdk-17.0.2\bin\jimage.dll

dbghelp: loading error: 1455
symbol engine: initialization error.

VM Arguments:
java_command: <unknown>
java_class_path (initial): <not set>
Launcher Type: SUN_STANDARD

[Global flags]
     bool UseLargePagesIndividualAllocation        = false                                  {pd product} {ergonomic}

Logging:
Log output configuration:
 #0: stdout all=warning uptime,level,tags
 #1: stderr all=off uptime,level,tags

Environment Variables:
JAVA_HOME=C:\Program Files\Java\jdk-17.0.2
CLASSPATH=C:\Users\Muhammad Kamran\Desktop\itourapp\android\\gradle\wrapper\gradle-wrapper.jar
PATH=C:\Program Files\Common Files\Oracle\Java\javapath;C:\WINDOWS\system32;C:\WINDOWS;C:\WINDOWS\System32\Wbem;C:\WINDOWS\System32\WindowsPowerShell\v1.0\;C:\WINDOWS\System32\OpenSSH\;C:\flutter\bin;C:\Program Files\Dart\dart-sdk\bin;C:\Program Files\Git\cmd;%JAVA_HOME$\bin;C:\Program Files\Microsoft SQL Server\150\Tools\Binn\;C:\Program Files (x86)\IncrediBuild;C:\Users\Muhammad Kamran\AppData\Local\Microsoft\WindowsApps;C:\Program Files\JetBrains\PyCharm Community Edition 2021.2\bin;;C:\Program Files\Dart\dart-sdk;C:\Users\Muhammad Kamran\AppData\Local\GitHubDesktop\bin;C:\Program Files\Git\bin;C:\Users\Muhammad Kamran\AppData\Local\Programs\Microsoft VS Code\bin;C:\flutter\bin;;C:\flutter\bin\mingit\cmd
USERNAME=Muhammad Kamran
OS=Windows_NT
PROCESSOR_IDENTIFIER=Intel64 Family 6 Model 142 Stepping 9, GenuineIntel



---------------  S Y S T E M  ---------------

OS:
 Windows 11 , 64 bit Build 22000 (10.0.22000.434)
OS uptime: 0 days 2:29 hours

CPU: total 4 (initial active 0) 

Memory: 4k page, system-wide physical 7974M (353M free)
TotalPageFile size 7974M (AvailPageFile size 0M)
current process WorkingSet (physical memory assigned to process): 6M, peak: 6M
current process commit charge ("private bytes"): 2M, peak: 2M

vm_info: Java HotSpot(TM) 64-Bit Server VM (17.0.2+8-LTS-86) for windows-amd64 JRE (17.0.2+8-LTS-86), built on Dec  7 2021 21:51:03 by "mach5one" with MS VC++ 16.8 / 16.9 (VS2019)

END.
